#
# A fatal error has been detected by the Java Runtime Environment:
#
#  SIGSEGV (0xb) at pc=0x00007f5052006771, pid=28316, tid=139982993069824
#
# JRE version: 6.0_34-b34
# Java VM: OpenJDK 64-Bit Server VM (23.25-b01 mixed mode linux-amd64 compressed oops)
# Derivative: IcedTea6 1.13.6
# Distribution: Ubuntu 14.04 LTS, package 6b34-1.13.6-1ubuntu0.14.04.1
# Problematic frame:
# C  [libjava.so+0x1a771]  JNU_GetEnv+0x11
#
# Failed to write core dump. Core dumps have been disabled. To enable core dumping, try "ulimit -c unlimited" before starting Java again
#
# If you would like to submit a bug report, please include
# instructions how to reproduce the bug and visit:
#   https://bugs.launchpad.net/ubuntu/+source/openjdk-6/
# The crash happened outside the Java Virtual Machine in native code.
# See problematic frame for where to report the bug.
#

---------------  T H R E A D  ---------------

Current thread (0x00007f504c009800):  JavaThread "main" [_thread_in_native, id=28322, stack(0x00007f5054839000,0x00007f505493a000)]

siginfo:si_signo=SIGSEGV: si_errno=0, si_code=1 (SEGV_MAPERR), si_addr=0x0000000000000055

Registers:
RAX=0x0000000000000025, RBX=0x0000000000000000, RCX=0x0000000000000000, RDX=0x0000000000000004
RSP=0x00007f5054938430, RBP=0x00007f5054938440, RSI=0x00007f5054938438, RDI=0x00007f504c47df50
R8 =0x00007f503a9bf780, R9 =0x0000000000000000, R10=0x00007f5054938210, R11=0x00007f5052006760
R12=0x00007f504c47df50, R13=0x0000000000000004, R14=0x0000000000000000, R15=0x0000000000000000
RIP=0x00007f5052006771, EFLAGS=0x0000000000010206, CSGSFS=0x0000000000000033, ERR=0x0000000000000004
  TRAPNO=0x000000000000000e

Top of Stack: (sp=0x00007f5054938430)
0x00007f5054938430:   0000000000000000 00007f504c461560
0x00007f5054938440:   00007f504c241250 00007f503a58fbc8
0x00007f5054938450:   0000000000000000 00007f503a74b9a9
0x00007f5054938460:   00007f50549385e0 00007f505474f557
0x00007f5054938470:   0000000000000005 0000000000000000
0x00007f5054938480:   00007f50549384f0 00000000fffffc17
0x00007f5054938490:   00007f503a9bf780 00007f503a723ac8
0x00007f50549384a0:   00007f504c47df88 0000000000000000
0x00007f50549384b0:   000000044c461468 00007f504c47df50
0x00007f50549384c0:   0000000000000000 00007f504c47df50
0x00007f50549384d0:   00007f5054938500 0000000000000004
0x00007f50549384e0:   0000000000000000 00007f503a74b9a9
0x00007f50549384f0:   00007f50549385e0 00007f503a71f6ac
0x00007f5054938500:   6b6361626c6c6143 656c654420666f20
0x00007f5054938510:   625f65646f4e6574 00007f5000203a6e
0x00007f5054938520:   00007f5054938670 0000000000000000
0x00007f5054938530:   0000000000000001 00007f504c4618c0
0x00007f5054938540:   00007f504c461560 00007f504c000020
0x00007f5054938550:   0000000000000008 00007f5054938760
0x00007f5054938560:   0000000000000001 00007f5054938858
0x00007f5054938570:   00007f504c009800 00007f503a71f8d5
0x00007f5054938580:   00000001000000db 0000000000000008
0x00007f5054938590:   00007f50549385e0 00007f5052bb53c8
0x00007f50549385a0:   00007f5054938680 d1bb9868854b2c00
0x00007f50549385b0:   00007f50549385e0 00007f5054938760
0x00007f50549385c0:   00007f504c487f90 00007f504c47d5d0
0x00007f50549385d0:   00007f5054938858 00007f504c009800
0x00007f50549385e0:   00007f5054938700 00007f503a724429
0x00007f50549385f0:   0000000000000002 00007f504c487fd8
0x00007f5054938600:   00007f5054938700 00007f505474f557
0x00007f5054938610:   00007f5000000005 0000000000000000
0x00007f5054938620:   00007f504c482958 00007f503a525bb8 

Instructions: (pc=0x00007f5052006771)
0x00007f5052006751:   41 5f 5d c3 b8 ff ff ff ff eb ea 0f 1f 40 00 55
0x00007f5052006761:   89 f2 48 89 e5 48 83 ec 10 48 8b 07 48 8d 75 f8
0x00007f5052006771:   ff 50 30 48 8b 45 f8 c9 c3 66 0f 1f 44 00 00 55
0x00007f5052006781:   48 89 e5 41 55 49 89 f5 be 01 00 00 00 41 54 49 

Register to memory mapping:

RAX=0x0000000000000025 is an unknown value
RBX=0x0000000000000000 is an unknown value
RCX=0x0000000000000000 is an unknown value
RDX=0x0000000000000004 is an unknown value
RSP=0x00007f5054938430 is pointing into the stack for thread: 0x00007f504c009800
RBP=0x00007f5054938440 is pointing into the stack for thread: 0x00007f504c009800
RSI=0x00007f5054938438 is pointing into the stack for thread: 0x00007f504c009800
RDI=0x00007f504c47df50 is an unknown value
R8 =0x00007f503a9bf780: NodeListeners+0 in /home/carlos/Descargas/Carpeta sin título/NeticaJ_504/bin/64_bit/libNeticaJ.so at 0x00007f503a507000
R9 =0x0000000000000000 is an unknown value
R10=0x00007f5054938210 is pointing into the stack for thread: 0x00007f504c009800
R11=0x00007f5052006760: JNU_GetEnv+0 in /usr/lib/jvm/java-6-openjdk-amd64/jre/lib/amd64/libjava.so at 0x00007f5051fec000
R12=0x00007f504c47df50 is an unknown value
R13=0x0000000000000004 is an unknown value
R14=0x0000000000000000 is an unknown value
R15=0x0000000000000000 is an unknown value


Stack: [0x00007f5054839000,0x00007f505493a000],  sp=0x00007f5054938430,  free space=1021k
Native frames: (J=compiled Java code, j=interpreted, Vv=VM code, C=native code)
C  [libjava.so+0x1a771]  JNU_GetEnv+0x11

Java frames: (J=compiled Java code, j=interpreted, Vv=VM code)
j  norsys.netica.NETICA.DeleteNode_bn(J)V+0
j  norsys.netica.Node.delete()V+31
j  bayesianNetwork.InterfazGrafica.muestraResultado()V+455
j  bayesianNetwork.InterfazGrafica.<init>()V+85
j  bayesianNetwork.BayesianGameMain.main([Ljava/lang/String;)V+4
v  ~StubRoutines::call_stub

---------------  P R O C E S S  ---------------

Java Threads: ( => current thread )
  0x00007f504c43d000 JavaThread "AWT-EventQueue-1" [_thread_blocked, id=28338, stack(0x00007f503a9d7000,0x00007f503aad8000)]
  0x00007f504c43b800 JavaThread "AWT-Shutdown" [_thread_blocked, id=28337, stack(0x00007f503aad8000,0x00007f503abd9000)]
  0x00007f504c373800 JavaThread "AWT-XAWT" daemon [_thread_in_native, id=28336, stack(0x00007f503abd9000,0x00007f503acda000)]
  0x00007f504c26b000 JavaThread "Java2D Disposer" daemon [_thread_blocked, id=28335, stack(0x00007f503b1bc000,0x00007f503b2bd000)]
  0x00007f504c0ff800 JavaThread "Low Memory Detector" daemon [_thread_blocked, id=28333, stack(0x00007f504121a000,0x00007f504131b000)]
  0x00007f504c0fd000 JavaThread "C2 CompilerThread1" daemon [_thread_blocked, id=28332, stack(0x00007f504131b000,0x00007f504141c000)]
  0x00007f504c0fa000 JavaThread "C2 CompilerThread0" daemon [_thread_blocked, id=28331, stack(0x00007f504141c000,0x00007f504151d000)]
  0x00007f504c0f8000 JavaThread "Signal Dispatcher" daemon [_thread_blocked, id=28330, stack(0x00007f504151d000,0x00007f504161e000)]
  0x00007f504c0a5800 JavaThread "Finalizer" daemon [_thread_blocked, id=28329, stack(0x00007f504806d000,0x00007f504816e000)]
  0x00007f504c0a3800 JavaThread "Reference Handler" daemon [_thread_blocked, id=28328, stack(0x00007f504816e000,0x00007f504826f000)]
=>0x00007f504c009800 JavaThread "main" [_thread_in_native, id=28322, stack(0x00007f5054839000,0x00007f505493a000)]

Other Threads:
  0x00007f504c094800 VMThread [stack: 0x00007f504826f000,0x00007f5048370000] [id=28327]
  0x00007f504c10a000 WatcherThread [stack: 0x00007f5041119000,0x00007f504121a000] [id=28334]

VM state:not at safepoint (normal execution)

VM Mutex/Monitor currently owned by a thread: None

Heap
 PSYoungGen      total 17856K, used 4005K [0x00000000ec200000, 0x00000000ed5e0000, 0x0000000100000000)
  eden space 15360K, 26% used [0x00000000ec200000,0x00000000ec5e9658,0x00000000ed100000)
  from space 2496K, 0% used [0x00000000ed370000,0x00000000ed370000,0x00000000ed5e0000)
  to   space 2496K, 0% used [0x00000000ed100000,0x00000000ed100000,0x00000000ed370000)
 ParOldGen       total 40704K, used 0K [0x00000000c4600000, 0x00000000c6dc0000, 0x00000000ec200000)
  object space 40704K, 0% used [0x00000000c4600000,0x00000000c4600000,0x00000000c6dc0000)
 PSPermGen       total 21248K, used 10616K [0x00000000ba000000, 0x00000000bb4c0000, 0x00000000c4600000)
  object space 21248K, 49% used [0x00000000ba000000,0x00000000baa5e380,0x00000000bb4c0000)

Card table byte_map: [0x00007f5051377000,0x00007f50515a8000] byte_map_base: 0x00007f5050da7000

Polling page: 0x00007f505495f000

Code Cache  [0x00007f5049000000, 0x00007f5049270000, 0x00007f504c000000)
 total_blobs=445 nmethods=15 adapters=383 free_code_cache=48604Kb largest_free_block=49768064

Compilation events (10 events):
Event: 0.214 Thread 0x00007f504c0fd000 nmethod 8 0x00007f5049075c50 code [0x00007f5049075e00, 0x00007f5049076550]
Event: 0.217 Thread 0x00007f504c0fa000 nmethod 9 0x00007f5049071450 code [0x00007f50490715a0, 0x00007f50490717f8]
Event: 0.222 Thread 0x00007f504c0fd000   10             java.lang.Object::<init> (1 bytes)
Event: 0.222 Thread 0x00007f504c0fd000 nmethod 10 0x00007f504907b1d0 code [0x00007f504907b300, 0x00007f504907b378]
Event: 0.261 Thread 0x00007f504c0fa000   11             java.util.Properties$LineReader::readLine (452 bytes)
Event: 0.273 Thread 0x00007f504c0fa000 nmethod 11 0x00007f5049082310 code [0x00007f50490824c0, 0x00007f5049082d50]
Event: 0.370 Thread 0x00007f504c0fd000   12             java.util.HashMap::indexFor (6 bytes)
Event: 0.370 Thread 0x00007f504c0fd000 nmethod 12 0x00007f5049086450 code [0x00007f5049086580, 0x00007f50490865b8]
Event: 0.390 Thread 0x00007f504c0fa000   13             java.util.HashMap::hash (23 bytes)
Event: 0.390 Thread 0x00007f504c0fa000 nmethod 13 0x00007f5049084d50 code [0x00007f5049084e80, 0x00007f5049084ed8]

GC Heap History (0 events):
No events

Deoptimization events (4 events):
Event: 0.104 Thread 0x00007f504c009800 Uncommon trap -34 fr.pc 0x00007f5049061eb8
Event: 0.158 Thread 0x00007f504c009800 Uncommon trap -34 fr.pc 0x00007f5049061eb8
Event: 0.158 Thread 0x00007f504c009800 Uncommon trap -34 fr.pc 0x00007f5049061eb8
Event: 0.159 Thread 0x00007f504c009800 Uncommon trap -34 fr.pc 0x00007f5049061eb8

Internal exceptions (10 events):
Event: 0.402 Thread 0x00007f504c009800 Threw 0x00000000ec5a35c0 at /build/buildd/openjdk-6-6b34-1.13.6/build/openjdk/hotspot/src/share/vm/classfile/systemDictionary.cpp:1
Event: 0.402 Thread 0x00007f504c009800 Threw 0x00000000ec5a38e0 at /build/buildd/openjdk-6-6b34-1.13.6/build/openjdk/hotspot/src/share/vm/prims/jvm.cpp:1272
Event: 0.403 Thread 0x00007f504c009800 Threw 0x00000000ec5a74d8 at /build/buildd/openjdk-6-6b34-1.13.6/build/openjdk/hotspot/src/share/vm/classfile/systemDictionary.cpp:1
Event: 0.403 Thread 0x00007f504c009800 Threw 0x00000000ec5a77e8 at /build/buildd/openjdk-6-6b34-1.13.6/build/openjdk/hotspot/src/share/vm/prims/jvm.cpp:1272
Event: 0.405 Thread 0x00007f504c009800 Threw 0x00000000ec5ae940 at /build/buildd/openjdk-6-6b34-1.13.6/build/openjdk/hotspot/src/share/vm/classfile/systemDictionary.cpp:1
Event: 0.405 Thread 0x00007f504c009800 Threw 0x00000000ec5aec60 at /build/buildd/openjdk-6-6b34-1.13.6/build/openjdk/hotspot/src/share/vm/prims/jvm.cpp:1272
Event: 0.406 Thread 0x00007f504c009800 Threw 0x00000000ec5b42a8 at /build/buildd/openjdk-6-6b34-1.13.6/build/openjdk/hotspot/src/share/vm/classfile/systemDictionary.cpp:1
Event: 0.406 Thread 0x00007f504c009800 Threw 0x00000000ec5b45c0 at /build/buildd/openjdk-6-6b34-1.13.6/build/openjdk/hotspot/src/share/vm/prims/jvm.cpp:1272
Event: 0.408 Thread 0x00007f504c009800 Threw 0x00000000ec5c3ce8 at /build/buildd/openjdk-6-6b34-1.13.6/build/openjdk/hotspot/src/share/vm/classfile/systemDictionary.cpp:1
Event: 0.408 Thread 0x00007f504c009800 Threw 0x00000000ec5c4000 at /build/buildd/openjdk-6-6b34-1.13.6/build/openjdk/hotspot/src/share/vm/prims/jvm.cpp:1272

Events (10 events):
Event: 0.402 loading class 0x00007f504c463590
Event: 0.402 loading class 0x00007f504c463590 done
Event: 0.403 loading class 0x00007f504c466370
Event: 0.403 loading class 0x00007f504c466370 done
Event: 0.405 loading class 0x00007f504c465d00
Event: 0.405 loading class 0x00007f504c465d00 done
Event: 0.406 loading class 0x00007f504c466130
Event: 0.406 loading class 0x00007f504c466130 done
Event: 0.408 loading class 0x00007f504c465bf0
Event: 0.408 loading class 0x00007f504c465bf0 done


Dynamic libraries:
00400000-00409000 r-xp 00000000 08:05 1056476                            /usr/lib/jvm/java-6-openjdk-amd64/jre/bin/java
00608000-00609000 r--p 00008000 08:05 1056476                            /usr/lib/jvm/java-6-openjdk-amd64/jre/bin/java
00609000-0060a000 rw-p 00009000 08:05 1056476                            /usr/lib/jvm/java-6-openjdk-amd64/jre/bin/java
01cd5000-01cf6000 rw-p 00000000 00:00 0                                  [heap]
ba000000-bb4c0000 rw-p 00000000 00:00 0 
bb4c0000-c4600000 rw-p 00000000 00:00 0 
c4600000-c6dc0000 rw-p 00000000 00:00 0 
c6dc0000-ec200000 rw-p 00000000 00:00 0 
ec200000-ed5e0000 rw-p 00000000 00:00 0 
ed5e0000-100000000 rw-p 00000000 00:00 0 
7f4ffc000000-7f4ffc021000 rw-p 00000000 00:00 0 
7f4ffc021000-7f5000000000 ---p 00000000 00:00 0 
7f5004000000-7f5004021000 rw-p 00000000 00:00 0 
7f5004021000-7f5008000000 ---p 00000000 00:00 0 
7f5008000000-7f5008021000 rw-p 00000000 00:00 0 
7f5008021000-7f500c000000 ---p 00000000 00:00 0 
7f500c000000-7f500c021000 rw-p 00000000 00:00 0 
7f500c021000-7f5010000000 ---p 00000000 00:00 0 
7f5010000000-7f5010021000 rw-p 00000000 00:00 0 
7f5010021000-7f5014000000 ---p 00000000 00:00 0 
7f5014000000-7f50140ed000 rw-p 00000000 00:00 0 
7f50140ed000-7f5018000000 ---p 00000000 00:00 0 
7f5018000000-7f5018021000 rw-p 00000000 00:00 0 
7f5018021000-7f501c000000 ---p 00000000 00:00 0 
7f501c000000-7f501c021000 rw-p 00000000 00:00 0 
7f501c021000-7f5020000000 ---p 00000000 00:00 0 
7f5020000000-7f502017e000 rw-p 00000000 00:00 0 
7f502017e000-7f5024000000 ---p 00000000 00:00 0 
7f5024000000-7f5024021000 rw-p 00000000 00:00 0 
7f5024021000-7f5028000000 ---p 00000000 00:00 0 
7f5028000000-7f5028021000 rw-p 00000000 00:00 0 
7f5028021000-7f502c000000 ---p 00000000 00:00 0 
7f502c000000-7f502c021000 rw-p 00000000 00:00 0 
7f502c021000-7f5030000000 ---p 00000000 00:00 0 
7f5030000000-7f5030021000 rw-p 00000000 00:00 0 
7f5030021000-7f5034000000 ---p 00000000 00:00 0 
7f5034000000-7f5034021000 rw-p 00000000 00:00 0 
7f5034021000-7f5038000000 ---p 00000000 00:00 0 
7f503a4d6000-7f503a507000 rw-p 00000000 00:00 0 
7f503a507000-7f503a7b1000 r-xp 00000000 08:05 3285223                    /home/carlos/Descargas/Carpeta sin título/NeticaJ_504/bin/64_bit/libNeticaJ.so
7f503a7b1000-7f503a9b0000 ---p 002aa000 08:05 3285223                    /home/carlos/Descargas/Carpeta sin título/NeticaJ_504/bin/64_bit/libNeticaJ.so
7f503a9b0000-7f503a9b7000 r--p 002a9000 08:05 3285223                    /home/carlos/Descargas/Carpeta sin título/NeticaJ_504/bin/64_bit/libNeticaJ.so
7f503a9b7000-7f503a9bf000 rw-p 002b0000 08:05 3285223                    /home/carlos/Descargas/Carpeta sin título/NeticaJ_504/bin/64_bit/libNeticaJ.so
7f503a9bf000-7f503a9d7000 rw-p 00000000 00:00 0 
7f503a9d7000-7f503a9da000 ---p 00000000 00:00 0 
7f503a9da000-7f503aad8000 rw-p 00000000 00:00 0                          [stack:28338]
7f503aad8000-7f503aadb000 ---p 00000000 00:00 0 
7f503aadb000-7f503abd9000 rw-p 00000000 00:00 0                          [stack:28337]
7f503abd9000-7f503abdc000 ---p 00000000 00:00 0 
7f503abdc000-7f503acda000 rw-p 00000000 00:00 0                          [stack:28336]
7f503acda000-7f503acdb000 r--s 00000000 08:05 1573041                    /var/cache/fontconfig/c05880de57d1f5e948fdfacc138775d9-le64.cache-4
7f503acdb000-7f503ace6000 r--s 00000000 08:05 1573035                    /var/cache/fontconfig/945677eb7aeaf62f1d50efc3fb3ec7d8-le64.cache-4
7f503ace6000-7f503ace8000 r--s 00000000 08:05 1583193                    /var/cache/fontconfig/99e8ed0e538f840c565b6ed5dad60d56-le64.cache-4
7f503ace8000-7f503acea000 r--s 00000000 08:05 1583026                    /var/cache/fontconfig/0fafd173547752dce4dee1a69e0b3c95-le64.cache-4
7f503acea000-7f503acf3000 r--s 00000000 08:05 1583192                    /var/cache/fontconfig/a6d8cf8e4ec09cdbc8633c31745a07dd-le64.cache-4
7f503acf3000-7f503acf9000 r--s 00000000 08:05 1573021                    /var/cache/fontconfig/2cd17615ca594fa2959ae173292e504c-le64.cache-4
7f503acf9000-7f503acfa000 r--s 00000000 08:05 1573051                    /var/cache/fontconfig/e7071f4a29fa870f4323321c154eba04-le64.cache-4
7f503acfa000-7f503acfb000 r--s 00000000 08:05 1573018                    /var/cache/fontconfig/0d8c3b2ac0904cb8a57a757ad11a4a08-le64.cache-4
7f503acfb000-7f503ad02000 r--s 00000000 08:05 1573038                    /var/cache/fontconfig/a755afe4a08bf5b97852ceb7400b47bc-le64.cache-4
7f503ad02000-7f503ad0e000 r--s 00000000 08:05 1583095                    /var/cache/fontconfig/6d41288fd70b0be22e8c3a91e032eec0-le64.cache-4
7f503ad0e000-7f503ad12000 r--s 00000000 08:05 1582932                    /var/cache/fontconfig/de156ccd2eddbdc19d37a45b8b2aac9c-le64.cache-4
7f503ad12000-7f503ad26000 r--s 00000000 08:05 1573016                    /var/cache/fontconfig/04aabc0a78ac019cf9454389977116d2-le64.cache-4
7f503ad26000-7f503ad27000 r--s 00000000 08:05 1573020                    /var/cache/fontconfig/1ac9eb803944fde146138c791f5cc56a-le64.cache-4
7f503ad27000-7f503ad2b000 r--s 00000000 08:05 1573024                    /var/cache/fontconfig/385c0604a188198f04d133e54aba7fe7-le64.cache-4
7f503ad2b000-7f503ad2c000 r--s 00000000 08:05 1573048                    /var/cache/fontconfig/dc05db6664285cc2f12bf69c139ae4c3-le64.cache-4
7f503ad2c000-7f503ad2e000 r--s 00000000 08:05 1573032                    /var/cache/fontconfig/767a8244fc0220cfb567a839d0392e0b-le64.cache-4
7f503ad2e000-7f503ad2f000 r--s 00000000 08:05 1576094                    /var/cache/fontconfig/4794a0821666d79190d59a36cb4f44b5-le64.cache-4
7f503ad2f000-7f503ad34000 r--s 00000000 08:05 1573034                    /var/cache/fontconfig/8801497958630a81b71ace7c5f9b32a8-le64.cache-4
7f503ad34000-7f503ad3b000 r--s 00000000 08:05 1573022                    /var/cache/fontconfig/3047814df9a2f067bd2d96a2b9c36e5a-le64.cache-4
7f503ad3b000-7f503ad3c000 r--s 00000000 08:05 1573028                    /var/cache/fontconfig/56cf4f4769d0f4abc89a4895d7bd3ae1-le64.cache-4
7f503ad3c000-7f503ad3d000 r--s 00000000 08:05 1573040                    /var/cache/fontconfig/b9d506c9ac06c20b433354fa67a72993-le64.cache-4
7f503ad3d000-7f503ad43000 r--s 00000000 08:05 1573039                    /var/cache/fontconfig/b47c4e1ecd0709278f4910c18777a504-le64.cache-4
7f503ad43000-7f503ad56000 r--s 00000000 08:05 1573045                    /var/cache/fontconfig/d52a8644073d54c13679302ca1180695-le64.cache-4
7f503ad84000-7f503ad89000 r-xp 00000000 08:05 4202920                    /usr/lib/x86_64-linux-gnu/libXfixes.so.3.1.0
7f503ad89000-7f503af88000 ---p 00005000 08:05 4202920                    /usr/lib/x86_64-linux-gnu/libXfixes.so.3.1.0
7f503af88000-7f503af89000 r--p 00004000 08:05 4202920                    /usr/lib/x86_64-linux-gnu/libXfixes.so.3.1.0
7f503af89000-7f503af8a000 rw-p 00005000 08:05 4202920                    /usr/lib/x86_64-linux-gnu/libXfixes.so.3.1.0
7f503af8a000-7f503af93000 r-xp 00000000 08:05 4202912                    /usr/lib/x86_64-linux-gnu/libXcursor.so.1.0.2
7f503af93000-7f503b192000 ---p 00009000 08:05 4202912                    /usr/lib/x86_64-linux-gnu/libXcursor.so.1.0.2
7f503b192000-7f503b193000 r--p 00008000 08:05 4202912                    /usr/lib/x86_64-linux-gnu/libXcursor.so.1.0.2
7f503b193000-7f503b194000 rw-p 00009000 08:05 4202912                    /usr/lib/x86_64-linux-gnu/libXcursor.so.1.0.2
7f503b1b5000-7f503b1bc000 r--s 00054000 08:05 798883                     /usr/lib/jvm/java-6-openjdk-common/jre/lib/resources.jar
7f503b1bc000-7f503b1bf000 ---p 00000000 00:00 0 
7f503b1bf000-7f503b2bd000 rw-p 00000000 00:00 0                          [stack:28335]
7f503b2bd000-7f503b2e2000 r-xp 00000000 08:05 1970272                    /lib/x86_64-linux-gnu/libpng12.so.0.50.0
7f503b2e2000-7f503b4e1000 ---p 00025000 08:05 1970272                    /lib/x86_64-linux-gnu/libpng12.so.0.50.0
7f503b4e1000-7f503b4e2000 r--p 00024000 08:05 1970272                    /lib/x86_64-linux-gnu/libpng12.so.0.50.0
7f503b4e2000-7f503b4e3000 rw-p 00025000 08:05 1970272                    /lib/x86_64-linux-gnu/libpng12.so.0.50.0
7f503b4e3000-7f503b57f000 r-xp 00000000 08:05 4211978                    /usr/lib/x86_64-linux-gnu/libfreetype.so.6.11.1
7f503b57f000-7f503b77e000 ---p 0009c000 08:05 4211978                    /usr/lib/x86_64-linux-gnu/libfreetype.so.6.11.1
7f503b77e000-7f503b784000 r--p 0009b000 08:05 4211978                    /usr/lib/x86_64-linux-gnu/libfreetype.so.6.11.1
7f503b784000-7f503b785000 rw-p 000a1000 08:05 4211978                    /usr/lib/x86_64-linux-gnu/libfreetype.so.6.11.1
7f503b785000-7f503b7d3000 r-xp 00000000 08:05 921331                     /usr/lib/jvm/java-6-openjdk-amd64/jre/lib/amd64/libfontmanager.so
7f503b7d3000-7f503b9d3000 ---p 0004e000 08:05 921331                     /usr/lib/jvm/java-6-openjdk-amd64/jre/lib/amd64/libfontmanager.so
7f503b9d3000-7f503b9d5000 r--p 0004e000 08:05 921331                     /usr/lib/jvm/java-6-openjdk-amd64/jre/lib/amd64/libfontmanager.so
7f503b9d5000-7f503b9d6000 rw-p 00050000 08:05 921331                     /usr/lib/jvm/java-6-openjdk-amd64/jre/lib/amd64/libfontmanager.so
7f503b9d6000-7f503b9d7000 rw-p 00000000 00:00 0 
7f503b9d7000-7f503b9dc000 r-xp 00000000 08:05 4202916                    /usr/lib/x86_64-linux-gnu/libXdmcp.so.6.0.0
7f503b9dc000-7f503bbdb000 ---p 00005000 08:05 4202916                    /usr/lib/x86_64-linux-gnu/libXdmcp.so.6.0.0
7f503bbdb000-7f503bbdc000 r--p 00004000 08:05 4202916                    /usr/lib/x86_64-linux-gnu/libXdmcp.so.6.0.0
7f503bbdc000-7f503bbdd000 rw-p 00005000 08:05 4202916                    /usr/lib/x86_64-linux-gnu/libXdmcp.so.6.0.0
7f503bbdd000-7f503bbdf000 r-xp 00000000 08:05 4202905                    /usr/lib/x86_64-linux-gnu/libXau.so.6.0.0
7f503bbdf000-7f503bddf000 ---p 00002000 08:05 4202905                    /usr/lib/x86_64-linux-gnu/libXau.so.6.0.0
7f503bddf000-7f503bde0000 r--p 00002000 08:05 4202905                    /usr/lib/x86_64-linux-gnu/libXau.so.6.0.0
7f503bde0000-7f503bde1000 rw-p 00003000 08:05 4202905                    /usr/lib/x86_64-linux-gnu/libXau.so.6.0.0
7f503bde1000-7f503bdfe000 r-xp 00000000 08:05 4203975                    /usr/lib/x86_64-linux-gnu/libxcb.so.1.1.0
7f503bdfe000-7f503bffe000 ---p 0001d000 08:05 4203975                    /usr/lib/x86_64-linux-gnu/libxcb.so.1.1.0
7f503bffe000-7f503bfff000 r--p 0001d000 08:05 4203975                    /usr/lib/x86_64-linux-gnu/libxcb.so.1.1.0
7f503bfff000-7f503c000000 rw-p 0001e000 08:05 4203975                    /usr/lib/x86_64-linux-gnu/libxcb.so.1.1.0
7f503c000000-7f503c021000 rw-p 00000000 00:00 0 
7f503c021000-7f5040000000 ---p 00000000 00:00 0 
7f5040000000-7f5040009000 r--s 00000000 08:05 1583191                    /var/cache/fontconfig/52f7bdb7ce746bfd7eaa1985bd9cfa93-le64.cache-4
7f5040009000-7f5040012000 r--s 00000000 08:05 1574069                    /var/cache/fontconfig/3f7329c5293ffd510edef78f73874cfd-le64.cache-4
7f5040012000-7f504001d000 r--s 00000000 08:05 1583092                    /var/cache/fontconfig/d589a48862398ed80a3d6066f4f56f4c-le64.cache-4
7f504001d000-7f504001e000 r--s 00000000 08:05 1573017                    /var/cache/fontconfig/0c9eb80ebd1c36541ebe2852d3bb0c49-le64.cache-4
7f504001e000-7f504002c000 r--s 00000000 08:05 1594285                    /var/cache/fontconfig/e13b20fdb08344e0e664864cc2ede53d-le64.cache-4
7f504002c000-7f5040030000 r--s 00000000 08:05 1583024                    /var/cache/fontconfig/7ef2298fde41cc6eeb7af42e48b7d293-le64.cache-4
7f5040030000-7f5040031000 r--s 00000000 08:05 1575169                    /var/cache/fontconfig/e0aa53bcfa504e64f87823c16bc01eb6-le64.cache-4
7f5040031000-7f504004f000 r--s 00000000 08:05 1574036                    /var/cache/fontconfig/467c019e582ee353435ea5c21d137ef6-le64.cache-4
7f504004f000-7f5040051000 r--s 00000000 08:05 2894008                    /home/carlos/.cache/fontconfig/0b5be334dc7ceaa704a1dc345ef9a2b0-le64.cache-4
7f5040051000-7f5040052000 r--s 00000000 08:05 1573041                    /var/cache/fontconfig/c05880de57d1f5e948fdfacc138775d9-le64.cache-4
7f5040052000-7f504005d000 r--s 00000000 08:05 1573035                    /var/cache/fontconfig/945677eb7aeaf62f1d50efc3fb3ec7d8-le64.cache-4
7f504005d000-7f504005f000 r--s 00000000 08:05 1583193                    /var/cache/fontconfig/99e8ed0e538f840c565b6ed5dad60d56-le64.cache-4
7f504005f000-7f5040061000 r--s 00000000 08:05 1583026                    /var/cache/fontconfig/0fafd173547752dce4dee1a69e0b3c95-le64.cache-4
7f5040061000-7f504006a000 r--s 00000000 08:05 1583192                    /var/cache/fontconfig/a6d8cf8e4ec09cdbc8633c31745a07dd-le64.cache-4
7f504006a000-7f5040070000 r--s 00000000 08:05 1573021                    /var/cache/fontconfig/2cd17615ca594fa2959ae173292e504c-le64.cache-4
7f5040070000-7f5040071000 r--s 00000000 08:05 1573051                    /var/cache/fontconfig/e7071f4a29fa870f4323321c154eba04-le64.cache-4
7f5040071000-7f504007d000 r--s 00000000 08:05 1583095                    /var/cache/fontconfig/6d41288fd70b0be22e8c3a91e032eec0-le64.cache-4
7f504007d000-7f5040091000 r--s 00000000 08:05 1573016                    /var/cache/fontconfig/04aabc0a78ac019cf9454389977116d2-le64.cache-4
7f5040091000-7f50400a0000 r-xp 00000000 08:05 4202926                    /usr/lib/x86_64-linux-gnu/libXi.so.6.1.0
7f50400a0000-7f504029f000 ---p 0000f000 08:05 4202926                    /usr/lib/x86_64-linux-gnu/libXi.so.6.1.0
7f504029f000-7f50402a0000 r--p 0000e000 08:05 4202926                    /usr/lib/x86_64-linux-gnu/libXi.so.6.1.0
7f50402a0000-7f50402a1000 rw-p 0000f000 08:05 4202926                    /usr/lib/x86_64-linux-gnu/libXi.so.6.1.0
7f50402a1000-7f50402a6000 r-xp 00000000 08:05 4202946                    /usr/lib/x86_64-linux-gnu/libXtst.so.6.1.0
7f50402a6000-7f50404a5000 ---p 00005000 08:05 4202946                    /usr/lib/x86_64-linux-gnu/libXtst.so.6.1.0
7f50404a5000-7f50404a6000 r--p 00004000 08:05 4202946                    /usr/lib/x86_64-linux-gnu/libXtst.so.6.1.0
7f50404a6000-7f50404a7000 rw-p 00005000 08:05 4202946                    /usr/lib/x86_64-linux-gnu/libXtst.so.6.1.0
7f50404a7000-7f50404b0000 r-xp 00000000 08:05 4202940                    /usr/lib/x86_64-linux-gnu/libXrender.so.1.3.0
7f50404b0000-7f50406af000 ---p 00009000 08:05 4202940                    /usr/lib/x86_64-linux-gnu/libXrender.so.1.3.0
7f50406af000-7f50406b0000 r--p 00008000 08:05 4202940                    /usr/lib/x86_64-linux-gnu/libXrender.so.1.3.0
7f50406b0000-7f50406b1000 rw-p 00009000 08:05 4202940                    /usr/lib/x86_64-linux-gnu/libXrender.so.1.3.0
7f50406b1000-7f50407e1000 r-xp 00000000 08:05 4202901                    /usr/lib/x86_64-linux-gnu/libX11.so.6.3.0
7f50407e1000-7f50409e1000 ---p 00130000 08:05 4202901                    /usr/lib/x86_64-linux-gnu/libX11.so.6.3.0
7f50409e1000-7f50409e2000 r--p 00130000 08:05 4202901                    /usr/lib/x86_64-linux-gnu/libX11.so.6.3.0
7f50409e2000-7f50409e6000 rw-p 00131000 08:05 4202901                    /usr/lib/x86_64-linux-gnu/libX11.so.6.3.0
7f50409e6000-7f50409f7000 r-xp 00000000 08:05 4202918                    /usr/lib/x86_64-linux-gnu/libXext.so.6.4.0
7f50409f7000-7f5040bf6000 ---p 00011000 08:05 4202918                    /usr/lib/x86_64-linux-gnu/libXext.so.6.4.0
7f5040bf6000-7f5040bf7000 r--p 00010000 08:05 4202918                    /usr/lib/x86_64-linux-gnu/libXext.so.6.4.0
7f5040bf7000-7f5040bf8000 rw-p 00011000 08:05 4202918                    /usr/lib/x86_64-linux-gnu/libXext.so.6.4.0
7f5040bf8000-7f5040c43000 r-xp 00000000 08:05 1051454                    /usr/lib/jvm/java-6-openjdk-amd64/jre/lib/amd64/xawt/libmawt.so
7f5040c43000-7f5040e43000 ---p 0004b000 08:05 1051454                    /usr/lib/jvm/java-6-openjdk-amd64/jre/lib/amd64/xawt/libmawt.so
7f5040e43000-7f5040e44000 r--p 0004b000 08:05 1051454                    /usr/lib/jvm/java-6-openjdk-amd64/jre/lib/amd64/xawt/libmawt.so
7f5040e44000-7f5040e47000 rw-p 0004c000 08:05 1051454                    /usr/lib/jvm/java-6-openjdk-amd64/jre/lib/amd64/xawt/libmawt.so
7f5040e47000-7f5040e48000 rw-p 00000000 00:00 0 
7f5040e48000-7f5040ee8000 r-xp 00000000 08:05 921350                     /usr/lib/jvm/java-6-openjdk-amd64/jre/lib/amd64/libawt.so
7f5040ee8000-7f50410e8000 ---p 000a0000 08:05 921350                     /usr/lib/jvm/java-6-openjdk-amd64/jre/lib/amd64/libawt.so
7f50410e8000-7f50410e9000 r--p 000a0000 08:05 921350                     /usr/lib/jvm/java-6-openjdk-amd64/jre/lib/amd64/libawt.so
7f50410e9000-7f50410f4000 rw-p 000a1000 08:05 921350                     /usr/lib/jvm/java-6-openjdk-amd64/jre/lib/amd64/libawt.so
7f50410f4000-7f5041119000 rw-p 00000000 00:00 0 
7f5041119000-7f504111a000 ---p 00000000 00:00 0 
7f504111a000-7f504121a000 rw-p 00000000 00:00 0                          [stack:28334]
7f504121a000-7f504121d000 ---p 00000000 00:00 0 
7f504121d000-7f504131b000 rw-p 00000000 00:00 0                          [stack:28333]
7f504131b000-7f504131e000 ---p 00000000 00:00 0 
7f504131e000-7f504141c000 rw-p 00000000 00:00 0                          [stack:28332]
7f504141c000-7f504141f000 ---p 00000000 00:00 0 
7f504141f000-7f504151d000 rw-p 00000000 00:00 0                          [stack:28331]
7f504151d000-7f5041520000 ---p 00000000 00:00 0 
7f5041520000-7f504161e000 rw-p 00000000 00:00 0                          [stack:28330]
7f504161e000-7f5041d00000 r--p 00000000 08:05 4201811                    /usr/lib/locale/locale-archive
7f5041d00000-7f5044000000 rw-p 00000000 00:00 0 
7f5044000000-7f5044021000 rw-p 00000000 00:00 0 
7f5044021000-7f5048000000 ---p 00000000 00:00 0 
7f5048000000-7f5048001000 r--s 00000000 08:05 1573018                    /var/cache/fontconfig/0d8c3b2ac0904cb8a57a757ad11a4a08-le64.cache-4
7f5048001000-7f5048008000 r--s 00000000 08:05 1573038                    /var/cache/fontconfig/a755afe4a08bf5b97852ceb7400b47bc-le64.cache-4
7f5048008000-7f504800c000 r--s 00000000 08:05 1582932                    /var/cache/fontconfig/de156ccd2eddbdc19d37a45b8b2aac9c-le64.cache-4
7f504800c000-7f504800d000 r--s 00000000 08:05 1573020                    /var/cache/fontconfig/1ac9eb803944fde146138c791f5cc56a-le64.cache-4
7f504800d000-7f5048011000 r--s 00000000 08:05 1573024                    /var/cache/fontconfig/385c0604a188198f04d133e54aba7fe7-le64.cache-4
7f5048011000-7f5048012000 r--s 00000000 08:05 1573048                    /var/cache/fontconfig/dc05db6664285cc2f12bf69c139ae4c3-le64.cache-4
7f5048012000-7f5048014000 r--s 00000000 08:05 1573032                    /var/cache/fontconfig/767a8244fc0220cfb567a839d0392e0b-le64.cache-4
7f5048014000-7f5048015000 r--s 00000000 08:05 1576094                    /var/cache/fontconfig/4794a0821666d79190d59a36cb4f44b5-le64.cache-4
7f5048015000-7f504801a000 r--s 00000000 08:05 1573034                    /var/cache/fontconfig/8801497958630a81b71ace7c5f9b32a8-le64.cache-4
7f504801a000-7f5048021000 r--s 00000000 08:05 1573022                    /var/cache/fontconfig/3047814df9a2f067bd2d96a2b9c36e5a-le64.cache-4
7f5048021000-7f5048022000 r--s 00000000 08:05 1573028                    /var/cache/fontconfig/56cf4f4769d0f4abc89a4895d7bd3ae1-le64.cache-4
7f5048022000-7f5048028000 r--s 00000000 08:05 1573039                    /var/cache/fontconfig/b47c4e1ecd0709278f4910c18777a504-le64.cache-4
7f5048028000-7f5048031000 r--s 00000000 08:05 1583191                    /var/cache/fontconfig/52f7bdb7ce746bfd7eaa1985bd9cfa93-le64.cache-4
7f5048031000-7f5048044000 r--s 00000000 08:05 1573045                    /var/cache/fontconfig/d52a8644073d54c13679302ca1180695-le64.cache-4
7f5048044000-7f504804f000 r--s 00000000 08:05 1583092                    /var/cache/fontconfig/d589a48862398ed80a3d6066f4f56f4c-le64.cache-4
7f504804f000-7f504806d000 r--s 00000000 08:05 1574036                    /var/cache/fontconfig/467c019e582ee353435ea5c21d137ef6-le64.cache-4
7f504806d000-7f5048070000 ---p 00000000 00:00 0 
7f5048070000-7f504816e000 rw-p 00000000 00:00 0                          [stack:28329]
7f504816e000-7f5048171000 ---p 00000000 00:00 0 
7f5048171000-7f504826f000 rw-p 00000000 00:00 0                          [stack:28328]
7f504826f000-7f5048270000 ---p 00000000 00:00 0 
7f5048270000-7f5049000000 rw-p 00000000 00:00 0                          [stack:28327]
7f5049000000-7f5049270000 rwxp 00000000 00:00 0 
7f5049270000-7f504c48a000 rw-p 00000000 00:00 0 
7f504c48a000-7f5050000000 ---p 00000000 00:00 0 
7f5050000000-7f5050001000 r--s 00000000 08:05 1573040                    /var/cache/fontconfig/b9d506c9ac06c20b433354fa67a72993-le64.cache-4
7f5050001000-7f505000a000 r--s 00000000 08:05 1574069                    /var/cache/fontconfig/3f7329c5293ffd510edef78f73874cfd-le64.cache-4
7f505000a000-7f5050362000 rw-p 00000000 00:00 0 
7f5050362000-7f50504fa000 r--s 01a24000 08:05 921356                     /usr/lib/jvm/java-6-openjdk-amd64/jre/lib/rt.jar
7f50504fa000-7f5050de2000 rw-p 00000000 00:00 0 
7f5050de2000-7f5050de3000 ---p 00000000 00:00 0 
7f5050de3000-7f5050ee3000 rw-p 00000000 00:00 0                          [stack:28326]
7f5050ee3000-7f5050ee4000 ---p 00000000 00:00 0 
7f5050ee4000-7f5050fe4000 rw-p 00000000 00:00 0                          [stack:28325]
7f5050fe4000-7f5050fe5000 ---p 00000000 00:00 0 
7f5050fe5000-7f50510e5000 rw-p 00000000 00:00 0                          [stack:28324]
7f50510e5000-7f50510e6000 ---p 00000000 00:00 0 
7f50510e6000-7f50511f1000 rw-p 00000000 00:00 0                          [stack:28323]
7f50511f1000-7f5051239000 rw-p 00000000 00:00 0 
7f5051239000-7f505124d000 rw-p 00000000 00:00 0 
7f505124d000-7f5051377000 rw-p 00000000 00:00 0 
7f5051377000-7f5051382000 rw-p 00000000 00:00 0 
7f5051382000-7f50513ca000 rw-p 00000000 00:00 0 
7f50513ca000-7f50513de000 rw-p 00000000 00:00 0 
7f50513de000-7f5051508000 rw-p 00000000 00:00 0 
7f5051508000-7f5051512000 rw-p 00000000 00:00 0 
7f5051512000-7f50515a7000 rw-p 00000000 00:00 0 
7f50515a7000-7f50515a8000 rw-p 00000000 00:00 0 
7f50515a8000-7f50515af000 r-xp 00000000 08:05 921344                     /usr/lib/jvm/java-6-openjdk-amd64/jre/lib/amd64/libzip.so
7f50515af000-7f50517ae000 ---p 00007000 08:05 921344                     /usr/lib/jvm/java-6-openjdk-amd64/jre/lib/amd64/libzip.so
7f50517ae000-7f50517af000 r--p 00006000 08:05 921344                     /usr/lib/jvm/java-6-openjdk-amd64/jre/lib/amd64/libzip.so
7f50517af000-7f50517b0000 rw-p 00007000 08:05 921344                     /usr/lib/jvm/java-6-openjdk-amd64/jre/lib/amd64/libzip.so
7f50517b0000-7f50517bb000 r-xp 00000000 08:05 1971359                    /lib/x86_64-linux-gnu/libnss_files-2.19.so
7f50517bb000-7f50519ba000 ---p 0000b000 08:05 1971359                    /lib/x86_64-linux-gnu/libnss_files-2.19.so
7f50519ba000-7f50519bb000 r--p 0000a000 08:05 1971359                    /lib/x86_64-linux-gnu/libnss_files-2.19.so
7f50519bb000-7f50519bc000 rw-p 0000b000 08:05 1971359                    /lib/x86_64-linux-gnu/libnss_files-2.19.so
7f50519bc000-7f50519c7000 r-xp 00000000 08:05 1971356                    /lib/x86_64-linux-gnu/libnss_nis-2.19.so
7f50519c7000-7f5051bc6000 ---p 0000b000 08:05 1971356                    /lib/x86_64-linux-gnu/libnss_nis-2.19.so
7f5051bc6000-7f5051bc7000 r--p 0000a000 08:05 1971356                    /lib/x86_64-linux-gnu/libnss_nis-2.19.so
7f5051bc7000-7f5051bc8000 rw-p 0000b000 08:05 1971356                    /lib/x86_64-linux-gnu/libnss_nis-2.19.so
7f5051bc8000-7f5051bdf000 r-xp 00000000 08:05 1971347                    /lib/x86_64-linux-gnu/libnsl-2.19.so
7f5051bdf000-7f5051dde000 ---p 00017000 08:05 1971347                    /lib/x86_64-linux-gnu/libnsl-2.19.so
7f5051dde000-7f5051ddf000 r--p 00016000 08:05 1971347                    /lib/x86_64-linux-gnu/libnsl-2.19.so
7f5051ddf000-7f5051de0000 rw-p 00017000 08:05 1971347                    /lib/x86_64-linux-gnu/libnsl-2.19.so
7f5051de0000-7f5051de2000 rw-p 00000000 00:00 0 
7f5051de2000-7f5051deb000 r-xp 00000000 08:05 1971344                    /lib/x86_64-linux-gnu/libnss_compat-2.19.so
7f5051deb000-7f5051fea000 ---p 00009000 08:05 1971344                    /lib/x86_64-linux-gnu/libnss_compat-2.19.so
7f5051fea000-7f5051feb000 r--p 00008000 08:05 1971344                    /lib/x86_64-linux-gnu/libnss_compat-2.19.so
7f5051feb000-7f5051fec000 rw-p 00009000 08:05 1971344                    /lib/x86_64-linux-gnu/libnss_compat-2.19.so
7f5051fec000-7f505201c000 r-xp 00000000 08:05 921327                     /usr/lib/jvm/java-6-openjdk-amd64/jre/lib/amd64/libjava.so
7f505201c000-7f505221b000 ---p 00030000 08:05 921327                     /usr/lib/jvm/java-6-openjdk-amd64/jre/lib/amd64/libjava.so
7f505221b000-7f505221c000 r--p 0002f000 08:05 921327                     /usr/lib/jvm/java-6-openjdk-amd64/jre/lib/amd64/libjava.so
7f505221c000-7f505221f000 rw-p 00030000 08:05 921327                     /usr/lib/jvm/java-6-openjdk-amd64/jre/lib/amd64/libjava.so
7f505221f000-7f505222f000 r-xp 00000000 08:05 921337                     /usr/lib/jvm/java-6-openjdk-amd64/jre/lib/amd64/libverify.so
7f505222f000-7f505242e000 ---p 00010000 08:05 921337                     /usr/lib/jvm/java-6-openjdk-amd64/jre/lib/amd64/libverify.so
7f505242e000-7f5052430000 r--p 0000f000 08:05 921337                     /usr/lib/jvm/java-6-openjdk-amd64/jre/lib/amd64/libverify.so
7f5052430000-7f5052431000 rw-p 00011000 08:05 921337                     /usr/lib/jvm/java-6-openjdk-amd64/jre/lib/amd64/libverify.so
7f5052431000-7f5052438000 r-xp 00000000 08:05 1970209                    /lib/x86_64-linux-gnu/librt-2.19.so
7f5052438000-7f5052637000 ---p 00007000 08:05 1970209                    /lib/x86_64-linux-gnu/librt-2.19.so
7f5052637000-7f5052638000 r--p 00006000 08:05 1970209                    /lib/x86_64-linux-gnu/librt-2.19.so
7f5052638000-7f5052639000 rw-p 00007000 08:05 1970209                    /lib/x86_64-linux-gnu/librt-2.19.so
7f5052639000-7f505264f000 r-xp 00000000 08:05 1970230                    /lib/x86_64-linux-gnu/libgcc_s.so.1
7f505264f000-7f505284e000 ---p 00016000 08:05 1970230                    /lib/x86_64-linux-gnu/libgcc_s.so.1
7f505284e000-7f505284f000 r--p 00015000 08:05 1970230                    /lib/x86_64-linux-gnu/libgcc_s.so.1
7f505284f000-7f5052850000 rw-p 00016000 08:05 1970230                    /lib/x86_64-linux-gnu/libgcc_s.so.1
7f5052850000-7f5052955000 r-xp 00000000 08:05 1971346                    /lib/x86_64-linux-gnu/libm-2.19.so
7f5052955000-7f5052b54000 ---p 00105000 08:05 1971346                    /lib/x86_64-linux-gnu/libm-2.19.so
7f5052b54000-7f5052b55000 r--p 00104000 08:05 1971346                    /lib/x86_64-linux-gnu/libm-2.19.so
7f5052b55000-7f5052b56000 rw-p 00105000 08:05 1971346                    /lib/x86_64-linux-gnu/libm-2.19.so
7f5052b56000-7f5052c43000 r-xp 00000000 08:05 4200832                    /usr/lib/x86_64-linux-gnu/libstdc++.so.6.0.20
7f5052c43000-7f5052e43000 ---p 000ed000 08:05 4200832                    /usr/lib/x86_64-linux-gnu/libstdc++.so.6.0.20
7f5052e43000-7f5052e4b000 r--p 000ed000 08:05 4200832                    /usr/lib/x86_64-linux-gnu/libstdc++.so.6.0.20
7f5052e4b000-7f5052e4d000 rw-p 000f5000 08:05 4200832                    /usr/lib/x86_64-linux-gnu/libstdc++.so.6.0.20
7f5052e4d000-7f5052e62000 rw-p 00000000 00:00 0 
7f5052e62000-7f5053874000 r-xp 00000000 08:05 921320                     /usr/lib/jvm/java-6-openjdk-amd64/jre/lib/amd64/server/libjvm.so
7f5053874000-7f5053a73000 ---p 00a12000 08:05 921320                     /usr/lib/jvm/java-6-openjdk-amd64/jre/lib/amd64/server/libjvm.so
7f5053a73000-7f5053aec000 r--p 00a11000 08:05 921320                     /usr/lib/jvm/java-6-openjdk-amd64/jre/lib/amd64/server/libjvm.so
7f5053aec000-7f5053b0f000 rw-p 00a8a000 08:05 921320                     /usr/lib/jvm/java-6-openjdk-amd64/jre/lib/amd64/server/libjvm.so
7f5053b0f000-7f5053b3a000 rw-p 00000000 00:00 0 
7f5053b3a000-7f5053b52000 r-xp 00000000 08:05 1970320                    /lib/x86_64-linux-gnu/libz.so.1.2.8
7f5053b52000-7f5053d51000 ---p 00018000 08:05 1970320                    /lib/x86_64-linux-gnu/libz.so.1.2.8
7f5053d51000-7f5053d52000 r--p 00017000 08:05 1970320                    /lib/x86_64-linux-gnu/libz.so.1.2.8
7f5053d52000-7f5053d53000 rw-p 00018000 08:05 1970320                    /lib/x86_64-linux-gnu/libz.so.1.2.8
7f5053d53000-7f5053f0e000 r-xp 00000000 08:05 1970208                    /lib/x86_64-linux-gnu/libc-2.19.so
7f5053f0e000-7f505410e000 ---p 001bb000 08:05 1970208                    /lib/x86_64-linux-gnu/libc-2.19.so
7f505410e000-7f5054112000 r--p 001bb000 08:05 1970208                    /lib/x86_64-linux-gnu/libc-2.19.so
7f5054112000-7f5054114000 rw-p 001bf000 08:05 1970208                    /lib/x86_64-linux-gnu/libc-2.19.so
7f5054114000-7f5054119000 rw-p 00000000 00:00 0 
7f5054119000-7f505411c000 r-xp 00000000 08:05 1971342                    /lib/x86_64-linux-gnu/libdl-2.19.so
7f505411c000-7f505431b000 ---p 00003000 08:05 1971342                    /lib/x86_64-linux-gnu/libdl-2.19.so
7f505431b000-7f505431c000 r--p 00002000 08:05 1971342                    /lib/x86_64-linux-gnu/libdl-2.19.so
7f505431c000-7f505431d000 rw-p 00003000 08:05 1971342                    /lib/x86_64-linux-gnu/libdl-2.19.so
7f505431d000-7f5054321000 r-xp 00000000 08:05 921328                     /usr/lib/jvm/java-6-openjdk-amd64/jre/lib/amd64/jli/libjli.so
7f5054321000-7f5054520000 ---p 00004000 08:05 921328                     /usr/lib/jvm/java-6-openjdk-amd64/jre/lib/amd64/jli/libjli.so
7f5054520000-7f5054521000 r--p 00003000 08:05 921328                     /usr/lib/jvm/java-6-openjdk-amd64/jre/lib/amd64/jli/libjli.so
7f5054521000-7f5054522000 rw-p 00004000 08:05 921328                     /usr/lib/jvm/java-6-openjdk-amd64/jre/lib/amd64/jli/libjli.so
7f5054522000-7f505453b000 r-xp 00000000 08:05 1971358                    /lib/x86_64-linux-gnu/libpthread-2.19.so
7f505453b000-7f505473a000 ---p 00019000 08:05 1971358                    /lib/x86_64-linux-gnu/libpthread-2.19.so
7f505473a000-7f505473b000 r--p 00018000 08:05 1971358                    /lib/x86_64-linux-gnu/libpthread-2.19.so
7f505473b000-7f505473c000 rw-p 00019000 08:05 1971358                    /lib/x86_64-linux-gnu/libpthread-2.19.so
7f505473c000-7f5054740000 rw-p 00000000 00:00 0 
7f5054740000-7f5054763000 r-xp 00000000 08:05 1970095                    /lib/x86_64-linux-gnu/ld-2.19.so
7f5054763000-7f5054764000 r--s 00000000 08:05 1573017                    /var/cache/fontconfig/0c9eb80ebd1c36541ebe2852d3bb0c49-le64.cache-4
7f5054764000-7f5054772000 r--s 00000000 08:05 1594285                    /var/cache/fontconfig/e13b20fdb08344e0e664864cc2ede53d-le64.cache-4
7f5054772000-7f5054776000 r--s 00000000 08:05 1583024                    /var/cache/fontconfig/7ef2298fde41cc6eeb7af42e48b7d293-le64.cache-4
7f5054776000-7f5054777000 r--s 00000000 08:05 1575169                    /var/cache/fontconfig/e0aa53bcfa504e64f87823c16bc01eb6-le64.cache-4
7f5054777000-7f5054779000 r--s 00000000 08:05 2894008                    /home/carlos/.cache/fontconfig/0b5be334dc7ceaa704a1dc345ef9a2b0-le64.cache-4
7f5054779000-7f5054783000 rw-p 00000000 00:00 0 
7f5054783000-7f5054839000 rw-p 00000000 00:00 0 
7f5054839000-7f505483c000 ---p 00000000 00:00 0 
7f505483c000-7f505493f000 rw-p 00000000 00:00 0                          [stack:28322]
7f505493f000-7f5054943000 r--s 00041000 08:05 798892                     /usr/lib/jvm/java-6-openjdk-common/jre/lib/jsse.jar
7f5054943000-7f5054945000 r--s 00014000 08:05 3285221                    /home/carlos/Descargas/Carpeta sin título/NeticaJ_504/bin/64_bit/NeticaJ.jar
7f5054945000-7f5054948000 r--s 0000f000 08:05 798877                     /usr/lib/jvm/java-6-openjdk-common/jre/lib/ext/pulse-java.jar
7f5054948000-7f505494b000 r--s 0003a000 08:05 798880                     /usr/lib/jvm/java-6-openjdk-common/jre/lib/ext/sunpkcs11.jar
7f505494b000-7f505494e000 r--s 00078000 08:05 798879                     /usr/lib/jvm/java-6-openjdk-common/jre/lib/ext/localedata.jar
7f505494e000-7f5054950000 r--s 00001000 08:05 798881                     /usr/lib/jvm/java-6-openjdk-common/jre/lib/ext/dnsns.jar
7f5054950000-7f5054954000 r--s 00031000 08:05 798878                     /usr/lib/jvm/java-6-openjdk-common/jre/lib/ext/sunjce_provider.jar
7f5054954000-7f5054956000 r--s 00006000 08:05 4604507                    /usr/share/java/java-atk-wrapper.jar
7f5054956000-7f505495e000 rw-s 00000000 08:05 4063512                    /tmp/hsperfdata_carlos/28316
7f505495e000-7f505495f000 rw-p 00000000 00:00 0 
7f505495f000-7f5054960000 r--p 00000000 00:00 0 
7f5054960000-7f5054962000 rw-p 00000000 00:00 0 
7f5054962000-7f5054963000 r--p 00022000 08:05 1970095                    /lib/x86_64-linux-gnu/ld-2.19.so
7f5054963000-7f5054964000 rw-p 00023000 08:05 1970095                    /lib/x86_64-linux-gnu/ld-2.19.so
7f5054964000-7f5054965000 rw-p 00000000 00:00 0 
7fffe57d5000-7fffe57f6000 rw-p 00000000 00:00 0                          [stack]
7fffe57fe000-7fffe5800000 r-xp 00000000 00:00 0                          [vdso]
ffffffffff600000-ffffffffff601000 r-xp 00000000 00:00 0                  [vsyscall]

VM Arguments:
jvm_args: -Djava.library.path=/home/carlos/Descargas/Carpeta sin título/NeticaJ_504/bin/64_bit -Dfile.encoding=UTF-8 
java_command: bayesianNetwork.BayesianGameMain
Launcher Type: SUN_STANDARD

Environment Variables:
PATH=/usr/local/heroku/bin:/usr/local/sbin:/usr/local/bin:/usr/sbin:/usr/bin:/sbin:/bin:/usr/games:/usr/local/games
LD_LIBRARY_PATH=/usr/lib/jvm/java-6-openjdk-amd64/jre/lib/amd64/server:/usr/lib/jvm/java-6-openjdk-amd64/jre/lib/amd64:/usr/lib/jvm/java-6-openjdk-amd64/jre/../lib/amd64
SHELL=/bin/bash
DISPLAY=:0

Signal Handlers:
SIGSEGV: [libjvm.so+0x874f00], sa_mask[0]=0x7ffbfeff, sa_flags=0x10000004
SIGBUS: [libjvm.so+0x874f00], sa_mask[0]=0x7ffbfeff, sa_flags=0x10000004
SIGFPE: [libjvm.so+0x70b9b0], sa_mask[0]=0x7ffbfeff, sa_flags=0x10000004
SIGPIPE: [libjvm.so+0x70b9b0], sa_mask[0]=0x7ffbfeff, sa_flags=0x10000004
SIGXFSZ: [libjvm.so+0x70b9b0], sa_mask[0]=0x7ffbfeff, sa_flags=0x10000004
SIGILL: [libjvm.so+0x70b9b0], sa_mask[0]=0x7ffbfeff, sa_flags=0x10000004
SIGUSR1: SIG_DFL, sa_mask[0]=0x00000000, sa_flags=0x00000000
SIGUSR2: [libjvm.so+0x70b6e0], sa_mask[0]=0x00000004, sa_flags=0x10000004
SIGHUP: [libjvm.so+0x70b9c0], sa_mask[0]=0x7ffbfeff, sa_flags=0x10000004
SIGINT: [libjvm.so+0x70b9c0], sa_mask[0]=0x7ffbfeff, sa_flags=0x10000004
SIGTERM: [libjvm.so+0x70b9c0], sa_mask[0]=0x7ffbfeff, sa_flags=0x10000004
SIGQUIT: [libjvm.so+0x70b9c0], sa_mask[0]=0x7ffbfeff, sa_flags=0x10000004


---------------  S Y S T E M  ---------------

OS:Ubuntu 14.04 (trusty)
uname:Linux 3.13.0-45-generic #74-Ubuntu SMP Tue Jan 13 19:36:28 UTC 2015 x86_64
libc:glibc 2.19 NPTL 2.19 
rlimit: STACK 8192k, CORE 0k, NPROC 30348, NOFILE 4096, AS infinity
load average:0.38 0.34 0.40

/proc/meminfo:
MemTotal:        3906288 kB
MemFree:          442020 kB
Buffers:          115540 kB
Cached:          1657812 kB
SwapCached:            4 kB
Active:          1899724 kB
Inactive:        1335848 kB
Active(anon):    1377404 kB
Inactive(anon):   613168 kB
Active(file):     522320 kB
Inactive(file):   722680 kB
Unevictable:           0 kB
Mlocked:               0 kB
SwapTotal:       4049916 kB
SwapFree:        4049912 kB
Dirty:               184 kB
Writeback:             0 kB
AnonPages:       1462228 kB
Mapped:           299016 kB
Shmem:            528352 kB
Slab:             109812 kB
SReclaimable:      73304 kB
SUnreclaim:        36508 kB
KernelStack:        4624 kB
PageTables:        38824 kB
NFS_Unstable:          0 kB
Bounce:                0 kB
WritebackTmp:          0 kB
CommitLimit:     6003060 kB
Committed_AS:    5513588 kB
VmallocTotal:   34359738367 kB
VmallocUsed:      361348 kB
VmallocChunk:   34359307132 kB
HardwareCorrupted:     0 kB
AnonHugePages:    679936 kB
HugePages_Total:       0
HugePages_Free:        0
HugePages_Rsvd:        0
HugePages_Surp:        0
Hugepagesize:       2048 kB
DirectMap4k:       59384 kB
DirectMap2M:     3993600 kB


CPU:total 4 (2 cores per cpu, 2 threads per core) family 6 model 58 stepping 9, cmov, cx8, fxsr, mmx, sse, sse2, sse3, ssse3, sse4.1, sse4.2, popcnt, avx, ht, tsc, tscinvbit, tscinv

/proc/cpuinfo:
processor	: 0
vendor_id	: GenuineIntel
cpu family	: 6
model		: 58
model name	: Intel(R) Core(TM) i5-3337U CPU @ 1.80GHz
stepping	: 9
microcode	: 0x15
cpu MHz		: 774.000
cache size	: 3072 KB
physical id	: 0
siblings	: 4
core id		: 0
cpu cores	: 2
apicid		: 0
initial apicid	: 0
fpu		: yes
fpu_exception	: yes
cpuid level	: 13
wp		: yes
flags		: fpu vme de pse tsc msr pae mce cx8 apic sep mtrr pge mca cmov pat pse36 clflush dts acpi mmx fxsr sse sse2 ss ht tm pbe syscall nx rdtscp lm constant_tsc arch_perfmon pebs bts rep_good nopl xtopology nonstop_tsc aperfmperf eagerfpu pni pclmulqdq dtes64 monitor ds_cpl vmx est tm2 ssse3 cx16 xtpr pdcm pcid sse4_1 sse4_2 x2apic popcnt tsc_deadline_timer aes xsave avx f16c rdrand lahf_lm ida arat epb xsaveopt pln pts dtherm tpr_shadow vnmi flexpriority ept vpid fsgsbase smep erms
bogomips	: 3591.72
clflush size	: 64
cache_alignment	: 64
address sizes	: 36 bits physical, 48 bits virtual
power management:

processor	: 1
vendor_id	: GenuineIntel
cpu family	: 6
model		: 58
model name	: Intel(R) Core(TM) i5-3337U CPU @ 1.80GHz
stepping	: 9
microcode	: 0x15
cpu MHz		: 774.000
cache size	: 3072 KB
physical id	: 0
siblings	: 4
core id		: 0
cpu cores	: 2
apicid		: 1
initial apicid	: 1
fpu		: yes
fpu_exception	: yes
cpuid level	: 13
wp		: yes
flags		: fpu vme de pse tsc msr pae mce cx8 apic sep mtrr pge mca cmov pat pse36 clflush dts acpi mmx fxsr sse sse2 ss ht tm pbe syscall nx rdtscp lm constant_tsc arch_perfmon pebs bts rep_good nopl xtopology nonstop_tsc aperfmperf eagerfpu pni pclmulqdq dtes64 monitor ds_cpl vmx est tm2 ssse3 cx16 xtpr pdcm pcid sse4_1 sse4_2 x2apic popcnt tsc_deadline_timer aes xsave avx f16c rdrand lahf_lm ida arat epb xsaveopt pln pts dtherm tpr_shadow vnmi flexpriority ept vpid fsgsbase smep erms
bogomips	: 3591.72
clflush size	: 64
cache_alignment	: 64
address sizes	: 36 bits physical, 48 bits virtual
power management:

processor	: 2
vendor_id	: GenuineIntel
cpu family	: 6
model		: 58
model name	: Intel(R) Core(TM) i5-3337U CPU @ 1.80GHz
stepping	: 9
microcode	: 0x15
cpu MHz		: 1801.000
cache size	: 3072 KB
physical id	: 0
siblings	: 4
core id		: 1
cpu cores	: 2
apicid		: 2
initial apicid	: 2
fpu		: yes
fpu_exception	: yes
cpuid level	: 13
wp		: yes
flags		: fpu vme de pse tsc msr pae mce cx8 apic sep mtrr pge mca cmov pat pse36 clflush dts acpi mmx fxsr sse sse2 ss ht tm pbe syscall nx rdtscp lm constant_tsc arch_perfmon pebs bts rep_good nopl xtopology nonstop_tsc aperfmperf eagerfpu pni pclmulqdq dtes64 monitor ds_cpl vmx est tm2 ssse3 cx16 xtpr pdcm pcid sse4_1 sse4_2 x2apic popcnt tsc_deadline_timer aes xsave avx f16c rdrand lahf_lm ida arat epb xsaveopt pln pts dtherm tpr_shadow vnmi flexpriority ept vpid fsgsbase smep erms
bogomips	: 3591.72
clflush size	: 64
cache_alignment	: 64
address sizes	: 36 bits physical, 48 bits virtual
power management:

processor	: 3
vendor_id	: GenuineIntel
cpu family	: 6
model		: 58
model name	: Intel(R) Core(TM) i5-3337U CPU @ 1.80GHz
stepping	: 9
microcode	: 0x15
cpu MHz		: 774.000
cache size	: 3072 KB
physical id	: 0
siblings	: 4
core id		: 1
cpu cores	: 2
apicid		: 3
initial apicid	: 3
fpu		: yes
fpu_exception	: yes
cpuid level	: 13
wp		: yes
flags		: fpu vme de pse tsc msr pae mce cx8 apic sep mtrr pge mca cmov pat pse36 clflush dts acpi mmx fxsr sse sse2 ss ht tm pbe syscall nx rdtscp lm constant_tsc arch_perfmon pebs bts rep_good nopl xtopology nonstop_tsc aperfmperf eagerfpu pni pclmulqdq dtes64 monitor ds_cpl vmx est tm2 ssse3 cx16 xtpr pdcm pcid sse4_1 sse4_2 x2apic popcnt tsc_deadline_timer aes xsave avx f16c rdrand lahf_lm ida arat epb xsaveopt pln pts dtherm tpr_shadow vnmi flexpriority ept vpid fsgsbase smep erms
bogomips	: 3591.72
clflush size	: 64
cache_alignment	: 64
address sizes	: 36 bits physical, 48 bits virtual
power management:



Memory: 4k page, physical 3906288k(442020k free), swap 4049916k(4049912k free)

vm_info: OpenJDK 64-Bit Server VM (23.25-b01) for linux-amd64 JRE (1.6.0_34-b34), built on Jan 27 2015 16:41:24 by "buildd" with gcc 4.8.2

time: Wed Apr  8 19:39:30 2015
elapsed time: 0 seconds

