#
# A fatal error has been detected by the Java Runtime Environment:
#
#  SIGSEGV (0xb) at pc=0x00007feb4c7eb771, pid=30090, tid=140648185874176
#
# JRE version: 6.0_34-b34
# Java VM: OpenJDK 64-Bit Server VM (23.25-b01 mixed mode linux-amd64 compressed oops)
# Derivative: IcedTea6 1.13.6
# Distribution: Ubuntu 14.04 LTS, package 6b34-1.13.6-1ubuntu0.14.04.1
# Problematic frame:
# C  [libjava.so+0x1a771]  JNU_GetEnv+0x11
#
# Failed to write core dump. Core dumps have been disabled. To enable core dumping, try "ulimit -c unlimited" before starting Java again
#
# If you would like to submit a bug report, please include
# instructions how to reproduce the bug and visit:
#   https://bugs.launchpad.net/ubuntu/+source/openjdk-6/
# The crash happened outside the Java Virtual Machine in native code.
# See problematic frame for where to report the bug.
#

---------------  T H R E A D  ---------------

Current thread (0x00007feb4843d000):  JavaThread "AWT-EventQueue-1" [_thread_in_native, id=30112, stack(0x00007feb35184000,0x00007feb35285000)]

siginfo:si_signo=SIGSEGV: si_errno=0, si_code=1 (SEGV_MAPERR), si_addr=0x0000000000000055

Registers:
RAX=0x0000000000000025, RBX=0x0000000000000000, RCX=0x0000000000000000, RDX=0x0000000000000004
RSP=0x00007feb35281440, RBP=0x00007feb35281450, RSI=0x00007feb35281448, RDI=0x00007feb4847dcc0
R8 =0x00007feb3516c780, R9 =0x0000000000000000, R10=0x00007feb35281220, R11=0x00007feb4c7eb760
R12=0x00007feb4847dcc0, R13=0x0000000000000004, R14=0x0000000000000000, R15=0x0000000000000000
RIP=0x00007feb4c7eb771, EFLAGS=0x0000000000010202, CSGSFS=0x0000000000000033, ERR=0x0000000000000004
  TRAPNO=0x000000000000000e

Top of Stack: (sp=0x00007feb35281440)
0x00007feb35281440:   0000000000000000 00007feb48461300
0x00007feb35281450:   00007feb48241230 00007feb34d3cbc8
0x00007feb35281460:   0000000000000000 00007feb34f06dba
0x00007feb35281470:   00007feb352815f0 00007feb4ef34557
0x00007feb35281480:   0000000000000005 0000000000000000
0x00007feb35281490:   00007feb35281500 00000000fffffc17
0x00007feb352814a0:   00007feb3516c780 00007feb34ed0ac8
0x00007feb352814b0:   00007feb4847dcf8 0000000000000000
0x00007feb352814c0:   00000004f80dd038 00007feb4847dcc0
0x00007feb352814d0:   0000000000000000 00007feb4847dcc0
0x00007feb352814e0:   00007feb35281510 0000000000000004
0x00007feb352814f0:   0000000000000000 00007feb34f06dba
0x00007feb35281500:   00007feb352815f0 00007feb34ecc6ac
0x00007feb35281510:   6b6361626c6c6143 736f6c4320666f20
0x00007feb35281520:   5f61636974654e65 00000000203a6e62
0x00007feb35281530:   0000005b35281560 0000000000000000
0x00007feb35281540:   0000000000000000 000000770000006e
0x00007feb35281550:   0000000000000000 00007feb35167e98
0x00007feb35281560:   0000000000000000 00007feb3516c0a0
0x00007feb35281570:   00007feb35281940 00007feb34f06dba
0x00007feb35281580:   00007feb35281630 00007feb34ecc8d5
0x00007feb35281590:   00007feb00000005 0000000000000000
0x00007feb352815a0:   00007feb35281680 00007feb34ccfb58
0x00007feb352815b0:   00007feb4847d340 4556067a4ba57700
0x00007feb352815c0:   0000000000000001 00007feb4847d340
0x00007feb352815d0:   00007feb4847e130 00007feb3516c0a0
0x00007feb352815e0:   00007feb35281940 00007feb34f06dba
0x00007feb352815f0:   00007feb35281610 00007feb34d8b977
0x00007feb35281600:   00007feb4847d340 0000000000000001
0x00007feb35281610:   00007feb35281630 00007feb34df1ccf
0x00007feb35281620:   00007feaf8000078 00007feb3516ffc0
0x00007feb35281630:   00007feb35281680 00007feb34e4e0d3 

Instructions: (pc=0x00007feb4c7eb771)
0x00007feb4c7eb751:   41 5f 5d c3 b8 ff ff ff ff eb ea 0f 1f 40 00 55
0x00007feb4c7eb761:   89 f2 48 89 e5 48 83 ec 10 48 8b 07 48 8d 75 f8
0x00007feb4c7eb771:   ff 50 30 48 8b 45 f8 c9 c3 66 0f 1f 44 00 00 55
0x00007feb4c7eb781:   48 89 e5 41 55 49 89 f5 be 01 00 00 00 41 54 49 

Register to memory mapping:

RAX=0x0000000000000025 is an unknown value
RBX=0x0000000000000000 is an unknown value
RCX=0x0000000000000000 is an unknown value
RDX=0x0000000000000004 is an unknown value
RSP=0x00007feb35281440 is pointing into the stack for thread: 0x00007feb4843d000
RBP=0x00007feb35281450 is pointing into the stack for thread: 0x00007feb4843d000
RSI=0x00007feb35281448 is pointing into the stack for thread: 0x00007feb4843d000
RDI=0x00007feb4847dcc0 is an unknown value
R8 =0x00007feb3516c780: NodeListeners+0 in /home/carlos/Descargas/Carpeta sin título/NeticaJ_504/bin/64_bit/libNeticaJ.so at 0x00007feb34cb4000
R9 =0x0000000000000000 is an unknown value
R10=0x00007feb35281220 is pointing into the stack for thread: 0x00007feb4843d000
R11=0x00007feb4c7eb760: JNU_GetEnv+0 in /usr/lib/jvm/java-6-openjdk-amd64/jre/lib/amd64/libjava.so at 0x00007feb4c7d1000
R12=0x00007feb4847dcc0 is an unknown value
R13=0x0000000000000004 is an unknown value
R14=0x0000000000000000 is an unknown value
R15=0x0000000000000000 is an unknown value


Stack: [0x00007feb35184000,0x00007feb35285000],  sp=0x00007feb35281440,  free space=1013k
Native frames: (J=compiled Java code, j=interpreted, Vv=VM code, C=native code)
C  [libjava.so+0x1a771]  JNU_GetEnv+0x11

Java frames: (J=compiled Java code, j=interpreted, Vv=VM code)
j  norsys.netica.NETICA.CloseNetica_bn(J[Ljava/lang/String;)I+0
j  norsys.netica.Environ.finalize()V+69
j  bayesianNetwork.AccionActual$Oyente.itemStateChanged(Ljava/awt/event/ItemEvent;)V+10
j  javax.swing.JComboBox.fireItemStateChanged(Ljava/awt/event/ItemEvent;)V+35
j  javax.swing.JComboBox.selectedItemChanged()V+24
j  javax.swing.JComboBox.contentsChanged(Ljavax/swing/event/ListDataEvent;)V+28
j  javax.swing.AbstractListModel.fireContentsChanged(Ljava/lang/Object;II)V+65
j  javax.swing.DefaultComboBoxModel.setSelectedItem(Ljava/lang/Object;)V+38
j  javax.swing.JComboBox.setSelectedItem(Ljava/lang/Object;)V+103
j  javax.swing.JComboBox.setSelectedIndex(I)V+76
j  javax.swing.plaf.basic.BasicComboPopup$Handler.mouseReleased(Ljava/awt/event/MouseEvent;)V+72
j  java.awt.AWTEventMulticaster.mouseReleased(Ljava/awt/event/MouseEvent;)V+21
j  java.awt.Component.processMouseEvent(Ljava/awt/event/MouseEvent;)V+64
j  javax.swing.JComponent.processMouseEvent(Ljava/awt/event/MouseEvent;)V+23
j  javax.swing.plaf.basic.BasicComboPopup$1.processMouseEvent(Ljava/awt/event/MouseEvent;)V+63
j  java.awt.Component.processEvent(Ljava/awt/AWTEvent;)V+81
j  java.awt.Container.processEvent(Ljava/awt/AWTEvent;)V+18
j  java.awt.Component.dispatchEventImpl(Ljava/awt/AWTEvent;)V+592
j  java.awt.Container.dispatchEventImpl(Ljava/awt/AWTEvent;)V+42
j  java.awt.Component.dispatchEvent(Ljava/awt/AWTEvent;)V+2
j  java.awt.LightweightDispatcher.retargetMouseEvent(Ljava/awt/Component;ILjava/awt/event/MouseEvent;)V+320
j  java.awt.LightweightDispatcher.processMouseEvent(Ljava/awt/event/MouseEvent;)Z+139
j  java.awt.LightweightDispatcher.dispatchEvent(Ljava/awt/AWTEvent;)Z+50
j  java.awt.Container.dispatchEventImpl(Ljava/awt/AWTEvent;)V+12
j  java.awt.Window.dispatchEventImpl(Ljava/awt/AWTEvent;)V+19
j  java.awt.Component.dispatchEvent(Ljava/awt/AWTEvent;)V+2
j  java.awt.EventQueue.dispatchEventImpl(Ljava/awt/AWTEvent;Ljava/lang/Object;)V+41
j  java.awt.EventQueue.access$400(Ljava/awt/EventQueue;Ljava/awt/AWTEvent;Ljava/lang/Object;)V+3
j  java.awt.EventQueue$2.run()Ljava/lang/Void;+12
j  java.awt.EventQueue$2.run()Ljava/lang/Object;+1
v  ~StubRoutines::call_stub
j  java.security.AccessController.doPrivileged(Ljava/security/PrivilegedAction;Ljava/security/AccessControlContext;)Ljava/lang/Object;+0
j  java.security.AccessControlContext$1.doIntersectionPrivilege(Ljava/security/PrivilegedAction;Ljava/security/AccessControlContext;Ljava/security/AccessControlContext;)Ljava/lang/Object;+28
j  java.security.AccessControlContext$1.doIntersectionPrivilege(Ljava/security/PrivilegedAction;Ljava/security/AccessControlContext;)Ljava/lang/Object;+6
j  java.awt.EventQueue$3.run()Ljava/lang/Void;+11
j  java.awt.EventQueue$3.run()Ljava/lang/Object;+1
v  ~StubRoutines::call_stub
j  java.security.AccessController.doPrivileged(Ljava/security/PrivilegedAction;Ljava/security/AccessControlContext;)Ljava/lang/Object;+0
j  java.security.AccessControlContext$1.doIntersectionPrivilege(Ljava/security/PrivilegedAction;Ljava/security/AccessControlContext;Ljava/security/AccessControlContext;)Ljava/lang/Object;+28
j  java.awt.EventQueue.dispatchEvent(Ljava/awt/AWTEvent;)V+73
j  java.awt.EventDispatchThread.pumpOneEventForFilters(I)Z+192
j  java.awt.EventDispatchThread.pumpEventsForFilter(ILjava/awt/Conditional;Ljava/awt/EventFilter;)V+30
j  java.awt.EventDispatchThread.pumpEventsForHierarchy(ILjava/awt/Conditional;Ljava/awt/Component;)V+11
j  java.awt.EventDispatchThread.pumpEvents(ILjava/awt/Conditional;)V+4
j  java.awt.EventDispatchThread.pumpEvents(Ljava/awt/Conditional;)V+3
j  java.awt.EventDispatchThread.run()V+9
v  ~StubRoutines::call_stub

---------------  P R O C E S S  ---------------

Java Threads: ( => current thread )
  0x00007feaf80db000 JavaThread "TimerQueue" daemon [_thread_blocked, id=30113, stack(0x00007feb34762000,0x00007feb34863000)]
  0x00007feb48009800 JavaThread "DestroyJavaVM" [_thread_blocked, id=30096, stack(0x00007feb4f01e000,0x00007feb4f11f000)]
=>0x00007feb4843d000 JavaThread "AWT-EventQueue-1" [_thread_in_native, id=30112, stack(0x00007feb35184000,0x00007feb35285000)]
  0x00007feb4843b800 JavaThread "AWT-Shutdown" [_thread_blocked, id=30111, stack(0x00007feb35285000,0x00007feb35386000)]
  0x00007feb48373800 JavaThread "AWT-XAWT" daemon [_thread_in_native, id=30110, stack(0x00007feb35648000,0x00007feb35749000)]
  0x00007feb4826b000 JavaThread "Java2D Disposer" daemon [_thread_blocked, id=30109, stack(0x00007feb35a52000,0x00007feb35b53000)]
  0x00007feb480ff800 JavaThread "Low Memory Detector" daemon [_thread_blocked, id=30107, stack(0x00007feb3c12d000,0x00007feb3c22e000)]
  0x00007feb480fd000 JavaThread "C2 CompilerThread1" daemon [_thread_blocked, id=30106, stack(0x00007feb3c22e000,0x00007feb3c32f000)]
  0x00007feb480fa000 JavaThread "C2 CompilerThread0" daemon [_thread_blocked, id=30105, stack(0x00007feb3c32f000,0x00007feb3c430000)]
  0x00007feb480f8000 JavaThread "Signal Dispatcher" daemon [_thread_blocked, id=30104, stack(0x00007feb3c430000,0x00007feb3c531000)]
  0x00007feb480a5800 JavaThread "Finalizer" daemon [_thread_blocked, id=30103, stack(0x00007feb3c531000,0x00007feb3c632000)]
  0x00007feb480a3800 JavaThread "Reference Handler" daemon [_thread_blocked, id=30102, stack(0x00007feb3c632000,0x00007feb3c733000)]

Other Threads:
  0x00007feb48094800 VMThread [stack: 0x00007feb3c733000,0x00007feb3c834000] [id=30101]
  0x00007feb4810a000 WatcherThread [stack: 0x00007feb3c02c000,0x00007feb3c12d000] [id=30108]

VM state:not at safepoint (normal execution)

VM Mutex/Monitor currently owned by a thread: None

Heap
 PSYoungGen      total 17856K, used 5223K [0x00000000ec200000, 0x00000000ed5e0000, 0x0000000100000000)
  eden space 15360K, 34% used [0x00000000ec200000,0x00000000ec719f60,0x00000000ed100000)
  from space 2496K, 0% used [0x00000000ed370000,0x00000000ed370000,0x00000000ed5e0000)
  to   space 2496K, 0% used [0x00000000ed100000,0x00000000ed100000,0x00000000ed370000)
 ParOldGen       total 40704K, used 0K [0x00000000c4600000, 0x00000000c6dc0000, 0x00000000ec200000)
  object space 40704K, 0% used [0x00000000c4600000,0x00000000c4600000,0x00000000c6dc0000)
 PSPermGen       total 21248K, used 12882K [0x00000000ba000000, 0x00000000bb4c0000, 0x00000000c4600000)
  object space 21248K, 60% used [0x00000000ba000000,0x00000000bac94968,0x00000000bb4c0000)

Card table byte_map: [0x00007feb449bb000,0x00007feb44bec000] byte_map_base: 0x00007feb443eb000

Polling page: 0x00007feb4f144000

Code Cache  [0x00007feb44bec000, 0x00007feb44e5c000, 0x00007feb47bec000)
 total_blobs=505 nmethods=22 adapters=436 free_code_cache=48568Kb largest_free_block=49713344

Compilation events (10 events):
Event: 0.456 Thread 0x00007feb480fa000   17             java.util.HashMap::get (79 bytes)
Event: 0.460 Thread 0x00007feb480fa000 nmethod 17 0x00007feb44c771d0 code [0x00007feb44c77320, 0x00007feb44c77538]
Event: 0.482 Thread 0x00007feb480fd000   18             java.lang.String::length (5 bytes)
Event: 0.482 Thread 0x00007feb480fd000 nmethod 18 0x00007feb44c79790 code [0x00007feb44c798c0, 0x00007feb44c79918]
Event: 0.513 Thread 0x00007feb480fd000   19             java.util.Arrays::binarySearch0 (95 bytes)
Event: 0.516 Thread 0x00007feb480fd000 nmethod 19 0x00007feb44c7fa10 code [0x00007feb44c7fb60, 0x00007feb44c7fd18]
Event: 1.166 Thread 0x00007feb480fd000   20             sun.reflect.ClassFileAssembler::emitByte (11 bytes)
Event: 1.166 Thread 0x00007feb480fa000   21             sun.reflect.ByteVectorImpl::add (38 bytes)
Event: 1.169 Thread 0x00007feb480fa000 nmethod 21 0x00007feb44c7dbd0 code [0x00007feb44c7dd20, 0x00007feb44c7de08]
Event: 1.170 Thread 0x00007feb480fd000 nmethod 20 0x00007feb44c7d790 code [0x00007feb44c7d8e0, 0x00007feb44c7da28]

GC Heap History (0 events):
No events

Deoptimization events (6 events):
Event: 0.105 Thread 0x00007feb48009800 Uncommon trap -34 fr.pc 0x00007feb44c4deb8
Event: 0.162 Thread 0x00007feb48009800 Uncommon trap -34 fr.pc 0x00007feb44c4deb8
Event: 0.162 Thread 0x00007feb48009800 Uncommon trap -34 fr.pc 0x00007feb44c4deb8
Event: 0.163 Thread 0x00007feb48009800 Uncommon trap -34 fr.pc 0x00007feb44c4deb8
Event: 1.661 Thread 0x00007feb4843d000 Uncommon trap -34 fr.pc 0x00007feb44c539dc
Event: 1.661 Thread 0x00007feb4843d000 Uncommon trap -34 fr.pc 0x00007feb44c539dc

Internal exceptions (10 events):
Event: 0.386 Thread 0x00007feb48009800 Threw 0x00000000ec5a3328 at /build/buildd/openjdk-6-6b34-1.13.6/build/openjdk/hotspot/src/share/vm/prims/jvm.cpp:1272
Event: 0.386 Thread 0x00007feb48009800 Threw 0x00000000ec5a6f20 at /build/buildd/openjdk-6-6b34-1.13.6/build/openjdk/hotspot/src/share/vm/classfile/systemDictionary.cpp:1
Event: 0.386 Thread 0x00007feb48009800 Threw 0x00000000ec5a7230 at /build/buildd/openjdk-6-6b34-1.13.6/build/openjdk/hotspot/src/share/vm/prims/jvm.cpp:1272
Event: 0.388 Thread 0x00007feb48009800 Threw 0x00000000ec5add50 at /build/buildd/openjdk-6-6b34-1.13.6/build/openjdk/hotspot/src/share/vm/classfile/systemDictionary.cpp:1
Event: 0.388 Thread 0x00007feb48009800 Threw 0x00000000ec5ae070 at /build/buildd/openjdk-6-6b34-1.13.6/build/openjdk/hotspot/src/share/vm/prims/jvm.cpp:1272
Event: 0.389 Thread 0x00007feb48009800 Threw 0x00000000ec5b36b8 at /build/buildd/openjdk-6-6b34-1.13.6/build/openjdk/hotspot/src/share/vm/classfile/systemDictionary.cpp:1
Event: 0.389 Thread 0x00007feb48009800 Threw 0x00000000ec5b39d0 at /build/buildd/openjdk-6-6b34-1.13.6/build/openjdk/hotspot/src/share/vm/prims/jvm.cpp:1272
Event: 0.390 Thread 0x00007feb48009800 Threw 0x00000000ec5c30f8 at /build/buildd/openjdk-6-6b34-1.13.6/build/openjdk/hotspot/src/share/vm/classfile/systemDictionary.cpp:1
Event: 0.391 Thread 0x00007feb48009800 Threw 0x00000000ec5c3410 at /build/buildd/openjdk-6-6b34-1.13.6/build/openjdk/hotspot/src/share/vm/prims/jvm.cpp:1272
Event: 0.588 Thread 0x00007feb4843d000 Threw 0x00000000ec4e1800 at /build/buildd/openjdk-6-6b34-1.13.6/build/openjdk/hotspot/src/share/vm/prims/jni.cpp:742

Events (10 events):
Event: 1.919 loading class 0x00007feaf80dc750
Event: 1.919 loading class 0x00007feaf80dc750 done
Event: 2.516 loading class 0x00007feb481ffc70
Event: 2.516 loading class 0x00007feb481ffc70 done
Event: 2.517 loading class 0x00007feb483f2160
Event: 2.517 loading class 0x00007feb483f2160 done
Event: 2.517 loading class 0x00007feb48210b70
Event: 2.517 loading class 0x00007feb48210b70 done
Event: 2.518 loading class 0x00007feb4809f860
Event: 2.518 loading class 0x00007feb4809f860 done


Dynamic libraries:
00400000-00409000 r-xp 00000000 08:05 1056476                            /usr/lib/jvm/java-6-openjdk-amd64/jre/bin/java
00608000-00609000 r--p 00008000 08:05 1056476                            /usr/lib/jvm/java-6-openjdk-amd64/jre/bin/java
00609000-0060a000 rw-p 00009000 08:05 1056476                            /usr/lib/jvm/java-6-openjdk-amd64/jre/bin/java
00f87000-00fa8000 rw-p 00000000 00:00 0                                  [heap]
ba000000-bb4c0000 rw-p 00000000 00:00 0 
bb4c0000-c4600000 rw-p 00000000 00:00 0 
c4600000-c6dc0000 rw-p 00000000 00:00 0 
c6dc0000-ec200000 rw-p 00000000 00:00 0 
ec200000-ed5e0000 rw-p 00000000 00:00 0 
ed5e0000-100000000 rw-p 00000000 00:00 0 
7feaf8000000-7feaf81bc000 rw-p 00000000 00:00 0 
7feaf81bc000-7feafc000000 ---p 00000000 00:00 0 
7feafc000000-7feafc021000 rw-p 00000000 00:00 0 
7feafc021000-7feb00000000 ---p 00000000 00:00 0 
7feb00000000-7feb00021000 rw-p 00000000 00:00 0 
7feb00021000-7feb04000000 ---p 00000000 00:00 0 
7feb04000000-7feb04021000 rw-p 00000000 00:00 0 
7feb04021000-7feb08000000 ---p 00000000 00:00 0 
7feb08000000-7feb08021000 rw-p 00000000 00:00 0 
7feb08021000-7feb0c000000 ---p 00000000 00:00 0 
7feb0c000000-7feb0c021000 rw-p 00000000 00:00 0 
7feb0c021000-7feb10000000 ---p 00000000 00:00 0 
7feb10000000-7feb100fe000 rw-p 00000000 00:00 0 
7feb100fe000-7feb14000000 ---p 00000000 00:00 0 
7feb14000000-7feb14021000 rw-p 00000000 00:00 0 
7feb14021000-7feb18000000 ---p 00000000 00:00 0 
7feb18000000-7feb18021000 rw-p 00000000 00:00 0 
7feb18021000-7feb1c000000 ---p 00000000 00:00 0 
7feb1c000000-7feb1c166000 rw-p 00000000 00:00 0 
7feb1c166000-7feb20000000 ---p 00000000 00:00 0 
7feb20000000-7feb20021000 rw-p 00000000 00:00 0 
7feb20021000-7feb24000000 ---p 00000000 00:00 0 
7feb24000000-7feb24021000 rw-p 00000000 00:00 0 
7feb24021000-7feb28000000 ---p 00000000 00:00 0 
7feb28000000-7feb28021000 rw-p 00000000 00:00 0 
7feb28021000-7feb2c000000 ---p 00000000 00:00 0 
7feb2c000000-7feb2c021000 rw-p 00000000 00:00 0 
7feb2c021000-7feb30000000 ---p 00000000 00:00 0 
7feb30000000-7feb30021000 rw-p 00000000 00:00 0 
7feb30021000-7feb34000000 ---p 00000000 00:00 0 
7feb34762000-7feb34765000 ---p 00000000 00:00 0 
7feb34765000-7feb34863000 rw-p 00000000 00:00 0                          [stack:30113]
7feb34863000-7feb3486b000 r-xp 00000000 08:05 921334                     /usr/lib/jvm/java-6-openjdk-amd64/jre/lib/amd64/libnio.so
7feb3486b000-7feb34a6a000 ---p 00008000 08:05 921334                     /usr/lib/jvm/java-6-openjdk-amd64/jre/lib/amd64/libnio.so
7feb34a6a000-7feb34a6b000 r--p 00007000 08:05 921334                     /usr/lib/jvm/java-6-openjdk-amd64/jre/lib/amd64/libnio.so
7feb34a6b000-7feb34a6c000 rw-p 00008000 08:05 921334                     /usr/lib/jvm/java-6-openjdk-amd64/jre/lib/amd64/libnio.so
7feb34a6c000-7feb34a9d000 rw-p 00000000 00:00 0 
7feb34a9d000-7feb34ab3000 r-xp 00000000 08:05 921335                     /usr/lib/jvm/java-6-openjdk-amd64/jre/lib/amd64/libnet.so
7feb34ab3000-7feb34cb2000 ---p 00016000 08:05 921335                     /usr/lib/jvm/java-6-openjdk-amd64/jre/lib/amd64/libnet.so
7feb34cb2000-7feb34cb3000 r--p 00015000 08:05 921335                     /usr/lib/jvm/java-6-openjdk-amd64/jre/lib/amd64/libnet.so
7feb34cb3000-7feb34cb4000 rw-p 00016000 08:05 921335                     /usr/lib/jvm/java-6-openjdk-amd64/jre/lib/amd64/libnet.so
7feb34cb4000-7feb34f5e000 r-xp 00000000 08:05 3285223                    /home/carlos/Descargas/Carpeta sin título/NeticaJ_504/bin/64_bit/libNeticaJ.so
7feb34f5e000-7feb3515d000 ---p 002aa000 08:05 3285223                    /home/carlos/Descargas/Carpeta sin título/NeticaJ_504/bin/64_bit/libNeticaJ.so
7feb3515d000-7feb35164000 r--p 002a9000 08:05 3285223                    /home/carlos/Descargas/Carpeta sin título/NeticaJ_504/bin/64_bit/libNeticaJ.so
7feb35164000-7feb3516c000 rw-p 002b0000 08:05 3285223                    /home/carlos/Descargas/Carpeta sin título/NeticaJ_504/bin/64_bit/libNeticaJ.so
7feb3516c000-7feb35184000 rw-p 00000000 00:00 0 
7feb35184000-7feb35187000 ---p 00000000 00:00 0 
7feb35187000-7feb35285000 rw-p 00000000 00:00 0                          [stack:30112]
7feb35285000-7feb35288000 ---p 00000000 00:00 0 
7feb35288000-7feb35386000 rw-p 00000000 00:00 0                          [stack:30111]
7feb35386000-7feb3538b000 r-xp 00000000 08:05 4202920                    /usr/lib/x86_64-linux-gnu/libXfixes.so.3.1.0
7feb3538b000-7feb3558a000 ---p 00005000 08:05 4202920                    /usr/lib/x86_64-linux-gnu/libXfixes.so.3.1.0
7feb3558a000-7feb3558b000 r--p 00004000 08:05 4202920                    /usr/lib/x86_64-linux-gnu/libXfixes.so.3.1.0
7feb3558b000-7feb3558c000 rw-p 00005000 08:05 4202920                    /usr/lib/x86_64-linux-gnu/libXfixes.so.3.1.0
7feb3558c000-7feb35597000 r--s 00000000 08:05 1573035                    /var/cache/fontconfig/945677eb7aeaf62f1d50efc3fb3ec7d8-le64.cache-4
7feb35597000-7feb35599000 r--s 00000000 08:05 1583193                    /var/cache/fontconfig/99e8ed0e538f840c565b6ed5dad60d56-le64.cache-4
7feb35599000-7feb3559b000 r--s 00000000 08:05 1583026                    /var/cache/fontconfig/0fafd173547752dce4dee1a69e0b3c95-le64.cache-4
7feb3559b000-7feb355a4000 r--s 00000000 08:05 1583192                    /var/cache/fontconfig/a6d8cf8e4ec09cdbc8633c31745a07dd-le64.cache-4
7feb355a4000-7feb355aa000 r--s 00000000 08:05 1573021                    /var/cache/fontconfig/2cd17615ca594fa2959ae173292e504c-le64.cache-4
7feb355aa000-7feb355b1000 r--s 00000000 08:05 1573038                    /var/cache/fontconfig/a755afe4a08bf5b97852ceb7400b47bc-le64.cache-4
7feb355b1000-7feb355bd000 r--s 00000000 08:05 1583095                    /var/cache/fontconfig/6d41288fd70b0be22e8c3a91e032eec0-le64.cache-4
7feb355bd000-7feb355c1000 r--s 00000000 08:05 1582932                    /var/cache/fontconfig/de156ccd2eddbdc19d37a45b8b2aac9c-le64.cache-4
7feb355c1000-7feb355d5000 r--s 00000000 08:05 1573016                    /var/cache/fontconfig/04aabc0a78ac019cf9454389977116d2-le64.cache-4
7feb355d5000-7feb355d9000 r--s 00000000 08:05 1573024                    /var/cache/fontconfig/385c0604a188198f04d133e54aba7fe7-le64.cache-4
7feb355d9000-7feb355ec000 r--s 00000000 08:05 1573045                    /var/cache/fontconfig/d52a8644073d54c13679302ca1180695-le64.cache-4
7feb35617000-7feb35648000 rw-p 00000000 00:00 0 
7feb35648000-7feb3564b000 ---p 00000000 00:00 0 
7feb3564b000-7feb35749000 rw-p 00000000 00:00 0                          [stack:30110]
7feb35749000-7feb3574a000 r--s 00000000 08:05 1573041                    /var/cache/fontconfig/c05880de57d1f5e948fdfacc138775d9-le64.cache-4
7feb3574a000-7feb35755000 r--s 00000000 08:05 1573035                    /var/cache/fontconfig/945677eb7aeaf62f1d50efc3fb3ec7d8-le64.cache-4
7feb35755000-7feb35757000 r--s 00000000 08:05 1583193                    /var/cache/fontconfig/99e8ed0e538f840c565b6ed5dad60d56-le64.cache-4
7feb35757000-7feb35759000 r--s 00000000 08:05 1583026                    /var/cache/fontconfig/0fafd173547752dce4dee1a69e0b3c95-le64.cache-4
7feb35759000-7feb35762000 r--s 00000000 08:05 1583192                    /var/cache/fontconfig/a6d8cf8e4ec09cdbc8633c31745a07dd-le64.cache-4
7feb35762000-7feb35768000 r--s 00000000 08:05 1573021                    /var/cache/fontconfig/2cd17615ca594fa2959ae173292e504c-le64.cache-4
7feb35768000-7feb35769000 r--s 00000000 08:05 1573051                    /var/cache/fontconfig/e7071f4a29fa870f4323321c154eba04-le64.cache-4
7feb35769000-7feb3576a000 r--s 00000000 08:05 1573018                    /var/cache/fontconfig/0d8c3b2ac0904cb8a57a757ad11a4a08-le64.cache-4
7feb3576a000-7feb35771000 r--s 00000000 08:05 1573038                    /var/cache/fontconfig/a755afe4a08bf5b97852ceb7400b47bc-le64.cache-4
7feb35771000-7feb3577d000 r--s 00000000 08:05 1583095                    /var/cache/fontconfig/6d41288fd70b0be22e8c3a91e032eec0-le64.cache-4
7feb3577d000-7feb35781000 r--s 00000000 08:05 1582932                    /var/cache/fontconfig/de156ccd2eddbdc19d37a45b8b2aac9c-le64.cache-4
7feb35781000-7feb35795000 r--s 00000000 08:05 1573016                    /var/cache/fontconfig/04aabc0a78ac019cf9454389977116d2-le64.cache-4
7feb35795000-7feb35796000 r--s 00000000 08:05 1573020                    /var/cache/fontconfig/1ac9eb803944fde146138c791f5cc56a-le64.cache-4
7feb35796000-7feb3579a000 r--s 00000000 08:05 1573024                    /var/cache/fontconfig/385c0604a188198f04d133e54aba7fe7-le64.cache-4
7feb3579a000-7feb3579b000 r--s 00000000 08:05 1573048                    /var/cache/fontconfig/dc05db6664285cc2f12bf69c139ae4c3-le64.cache-4
7feb3579b000-7feb3579d000 r--s 00000000 08:05 1573032                    /var/cache/fontconfig/767a8244fc0220cfb567a839d0392e0b-le64.cache-4
7feb3579d000-7feb3579e000 r--s 00000000 08:05 1576094                    /var/cache/fontconfig/4794a0821666d79190d59a36cb4f44b5-le64.cache-4
7feb3579e000-7feb357a3000 r--s 00000000 08:05 1573034                    /var/cache/fontconfig/8801497958630a81b71ace7c5f9b32a8-le64.cache-4
7feb357a3000-7feb357aa000 r--s 00000000 08:05 1573022                    /var/cache/fontconfig/3047814df9a2f067bd2d96a2b9c36e5a-le64.cache-4
7feb357aa000-7feb357ab000 r--s 00000000 08:05 1573028                    /var/cache/fontconfig/56cf4f4769d0f4abc89a4895d7bd3ae1-le64.cache-4
7feb357ab000-7feb357ac000 r--s 00000000 08:05 1573040                    /var/cache/fontconfig/b9d506c9ac06c20b433354fa67a72993-le64.cache-4
7feb357ac000-7feb357b2000 r--s 00000000 08:05 1573039                    /var/cache/fontconfig/b47c4e1ecd0709278f4910c18777a504-le64.cache-4
7feb357b2000-7feb357bb000 r--s 00000000 08:05 1583191                    /var/cache/fontconfig/52f7bdb7ce746bfd7eaa1985bd9cfa93-le64.cache-4
7feb357bb000-7feb357ce000 r--s 00000000 08:05 1573045                    /var/cache/fontconfig/d52a8644073d54c13679302ca1180695-le64.cache-4
7feb357ce000-7feb357d7000 r--s 00000000 08:05 1574069                    /var/cache/fontconfig/3f7329c5293ffd510edef78f73874cfd-le64.cache-4
7feb357d7000-7feb357e2000 r--s 00000000 08:05 1583092                    /var/cache/fontconfig/d589a48862398ed80a3d6066f4f56f4c-le64.cache-4
7feb357e2000-7feb357e3000 r--s 00000000 08:05 1573017                    /var/cache/fontconfig/0c9eb80ebd1c36541ebe2852d3bb0c49-le64.cache-4
7feb357e3000-7feb357f1000 r--s 00000000 08:05 1594285                    /var/cache/fontconfig/e13b20fdb08344e0e664864cc2ede53d-le64.cache-4
7feb357f1000-7feb357f5000 r--s 00000000 08:05 1583024                    /var/cache/fontconfig/7ef2298fde41cc6eeb7af42e48b7d293-le64.cache-4
7feb357ff000-7feb35808000 r-xp 00000000 08:05 4202912                    /usr/lib/x86_64-linux-gnu/libXcursor.so.1.0.2
7feb35808000-7feb35a07000 ---p 00009000 08:05 4202912                    /usr/lib/x86_64-linux-gnu/libXcursor.so.1.0.2
7feb35a07000-7feb35a08000 r--p 00008000 08:05 4202912                    /usr/lib/x86_64-linux-gnu/libXcursor.so.1.0.2
7feb35a08000-7feb35a09000 rw-p 00009000 08:05 4202912                    /usr/lib/x86_64-linux-gnu/libXcursor.so.1.0.2
7feb35a23000-7feb35a27000 rw-s 00000000 00:04 24018970                   /SYSV00000000 (deleted)
7feb35a2a000-7feb35a31000 r--s 00054000 08:05 798883                     /usr/lib/jvm/java-6-openjdk-common/jre/lib/resources.jar
7feb35a31000-7feb35a32000 r--s 00000000 08:05 1575169                    /var/cache/fontconfig/e0aa53bcfa504e64f87823c16bc01eb6-le64.cache-4
7feb35a32000-7feb35a50000 r--s 00000000 08:05 1574036                    /var/cache/fontconfig/467c019e582ee353435ea5c21d137ef6-le64.cache-4
7feb35a50000-7feb35a52000 r--s 00000000 08:05 2894008                    /home/carlos/.cache/fontconfig/0b5be334dc7ceaa704a1dc345ef9a2b0-le64.cache-4
7feb35a52000-7feb35a55000 ---p 00000000 00:00 0 
7feb35a55000-7feb35b53000 rw-p 00000000 00:00 0                          [stack:30109]
7feb35b53000-7feb35b78000 r-xp 00000000 08:05 1970272                    /lib/x86_64-linux-gnu/libpng12.so.0.50.0
7feb35b78000-7feb35d77000 ---p 00025000 08:05 1970272                    /lib/x86_64-linux-gnu/libpng12.so.0.50.0
7feb35d77000-7feb35d78000 r--p 00024000 08:05 1970272                    /lib/x86_64-linux-gnu/libpng12.so.0.50.0
7feb35d78000-7feb35d79000 rw-p 00025000 08:05 1970272                    /lib/x86_64-linux-gnu/libpng12.so.0.50.0
7feb35d79000-7feb35e15000 r-xp 00000000 08:05 4211978                    /usr/lib/x86_64-linux-gnu/libfreetype.so.6.11.1
7feb35e15000-7feb36014000 ---p 0009c000 08:05 4211978                    /usr/lib/x86_64-linux-gnu/libfreetype.so.6.11.1
7feb36014000-7feb3601a000 r--p 0009b000 08:05 4211978                    /usr/lib/x86_64-linux-gnu/libfreetype.so.6.11.1
7feb3601a000-7feb3601b000 rw-p 000a1000 08:05 4211978                    /usr/lib/x86_64-linux-gnu/libfreetype.so.6.11.1
7feb3601b000-7feb36069000 r-xp 00000000 08:05 921331                     /usr/lib/jvm/java-6-openjdk-amd64/jre/lib/amd64/libfontmanager.so
7feb36069000-7feb36269000 ---p 0004e000 08:05 921331                     /usr/lib/jvm/java-6-openjdk-amd64/jre/lib/amd64/libfontmanager.so
7feb36269000-7feb3626b000 r--p 0004e000 08:05 921331                     /usr/lib/jvm/java-6-openjdk-amd64/jre/lib/amd64/libfontmanager.so
7feb3626b000-7feb3626c000 rw-p 00050000 08:05 921331                     /usr/lib/jvm/java-6-openjdk-amd64/jre/lib/amd64/libfontmanager.so
7feb3626c000-7feb3626d000 rw-p 00000000 00:00 0 
7feb3626d000-7feb36272000 r-xp 00000000 08:05 4202916                    /usr/lib/x86_64-linux-gnu/libXdmcp.so.6.0.0
7feb36272000-7feb36471000 ---p 00005000 08:05 4202916                    /usr/lib/x86_64-linux-gnu/libXdmcp.so.6.0.0
7feb36471000-7feb36472000 r--p 00004000 08:05 4202916                    /usr/lib/x86_64-linux-gnu/libXdmcp.so.6.0.0
7feb36472000-7feb36473000 rw-p 00005000 08:05 4202916                    /usr/lib/x86_64-linux-gnu/libXdmcp.so.6.0.0
7feb36473000-7feb36475000 r-xp 00000000 08:05 4202905                    /usr/lib/x86_64-linux-gnu/libXau.so.6.0.0
7feb36475000-7feb36675000 ---p 00002000 08:05 4202905                    /usr/lib/x86_64-linux-gnu/libXau.so.6.0.0
7feb36675000-7feb36676000 r--p 00002000 08:05 4202905                    /usr/lib/x86_64-linux-gnu/libXau.so.6.0.0
7feb36676000-7feb36677000 rw-p 00003000 08:05 4202905                    /usr/lib/x86_64-linux-gnu/libXau.so.6.0.0
7feb36677000-7feb36694000 r-xp 00000000 08:05 4203975                    /usr/lib/x86_64-linux-gnu/libxcb.so.1.1.0
7feb36694000-7feb36894000 ---p 0001d000 08:05 4203975                    /usr/lib/x86_64-linux-gnu/libxcb.so.1.1.0
7feb36894000-7feb36895000 r--p 0001d000 08:05 4203975                    /usr/lib/x86_64-linux-gnu/libxcb.so.1.1.0
7feb36895000-7feb36896000 rw-p 0001e000 08:05 4203975                    /usr/lib/x86_64-linux-gnu/libxcb.so.1.1.0
7feb36896000-7feb368a5000 r-xp 00000000 08:05 4202926                    /usr/lib/x86_64-linux-gnu/libXi.so.6.1.0
7feb368a5000-7feb36aa4000 ---p 0000f000 08:05 4202926                    /usr/lib/x86_64-linux-gnu/libXi.so.6.1.0
7feb36aa4000-7feb36aa5000 r--p 0000e000 08:05 4202926                    /usr/lib/x86_64-linux-gnu/libXi.so.6.1.0
7feb36aa5000-7feb36aa6000 rw-p 0000f000 08:05 4202926                    /usr/lib/x86_64-linux-gnu/libXi.so.6.1.0
7feb36aa6000-7feb36aab000 r-xp 00000000 08:05 4202946                    /usr/lib/x86_64-linux-gnu/libXtst.so.6.1.0
7feb36aab000-7feb36caa000 ---p 00005000 08:05 4202946                    /usr/lib/x86_64-linux-gnu/libXtst.so.6.1.0
7feb36caa000-7feb36cab000 r--p 00004000 08:05 4202946                    /usr/lib/x86_64-linux-gnu/libXtst.so.6.1.0
7feb36cab000-7feb36cac000 rw-p 00005000 08:05 4202946                    /usr/lib/x86_64-linux-gnu/libXtst.so.6.1.0
7feb36cac000-7feb36cb5000 r-xp 00000000 08:05 4202940                    /usr/lib/x86_64-linux-gnu/libXrender.so.1.3.0
7feb36cb5000-7feb36eb4000 ---p 00009000 08:05 4202940                    /usr/lib/x86_64-linux-gnu/libXrender.so.1.3.0
7feb36eb4000-7feb36eb5000 r--p 00008000 08:05 4202940                    /usr/lib/x86_64-linux-gnu/libXrender.so.1.3.0
7feb36eb5000-7feb36eb6000 rw-p 00009000 08:05 4202940                    /usr/lib/x86_64-linux-gnu/libXrender.so.1.3.0
7feb36eb6000-7feb36fe6000 r-xp 00000000 08:05 4202901                    /usr/lib/x86_64-linux-gnu/libX11.so.6.3.0
7feb36fe6000-7feb371e6000 ---p 00130000 08:05 4202901                    /usr/lib/x86_64-linux-gnu/libX11.so.6.3.0
7feb371e6000-7feb371e7000 r--p 00130000 08:05 4202901                    /usr/lib/x86_64-linux-gnu/libX11.so.6.3.0
7feb371e7000-7feb371eb000 rw-p 00131000 08:05 4202901                    /usr/lib/x86_64-linux-gnu/libX11.so.6.3.0
7feb371eb000-7feb371fc000 r-xp 00000000 08:05 4202918                    /usr/lib/x86_64-linux-gnu/libXext.so.6.4.0
7feb371fc000-7feb373fb000 ---p 00011000 08:05 4202918                    /usr/lib/x86_64-linux-gnu/libXext.so.6.4.0
7feb373fb000-7feb373fc000 r--p 00010000 08:05 4202918                    /usr/lib/x86_64-linux-gnu/libXext.so.6.4.0
7feb373fc000-7feb373fd000 rw-p 00011000 08:05 4202918                    /usr/lib/x86_64-linux-gnu/libXext.so.6.4.0
7feb373fd000-7feb37448000 r-xp 00000000 08:05 1051454                    /usr/lib/jvm/java-6-openjdk-amd64/jre/lib/amd64/xawt/libmawt.so
7feb37448000-7feb37648000 ---p 0004b000 08:05 1051454                    /usr/lib/jvm/java-6-openjdk-amd64/jre/lib/amd64/xawt/libmawt.so
7feb37648000-7feb37649000 r--p 0004b000 08:05 1051454                    /usr/lib/jvm/java-6-openjdk-amd64/jre/lib/amd64/xawt/libmawt.so
7feb37649000-7feb3764c000 rw-p 0004c000 08:05 1051454                    /usr/lib/jvm/java-6-openjdk-amd64/jre/lib/amd64/xawt/libmawt.so
7feb3764c000-7feb3764d000 rw-p 00000000 00:00 0 
7feb3764d000-7feb376ed000 r-xp 00000000 08:05 921350                     /usr/lib/jvm/java-6-openjdk-amd64/jre/lib/amd64/libawt.so
7feb376ed000-7feb378ed000 ---p 000a0000 08:05 921350                     /usr/lib/jvm/java-6-openjdk-amd64/jre/lib/amd64/libawt.so
7feb378ed000-7feb378ee000 r--p 000a0000 08:05 921350                     /usr/lib/jvm/java-6-openjdk-amd64/jre/lib/amd64/libawt.so
7feb378ee000-7feb378f9000 rw-p 000a1000 08:05 921350                     /usr/lib/jvm/java-6-openjdk-amd64/jre/lib/amd64/libawt.so
7feb378f9000-7feb3791e000 rw-p 00000000 00:00 0 
7feb3791e000-7feb38000000 r--p 00000000 08:05 4201811                    /usr/lib/locale/locale-archive
7feb38000000-7feb38021000 rw-p 00000000 00:00 0 
7feb38021000-7feb3c000000 ---p 00000000 00:00 0 
7feb3c000000-7feb3c001000 r--s 00000000 08:05 1573041                    /var/cache/fontconfig/c05880de57d1f5e948fdfacc138775d9-le64.cache-4
7feb3c001000-7feb3c002000 r--s 00000000 08:05 1573051                    /var/cache/fontconfig/e7071f4a29fa870f4323321c154eba04-le64.cache-4
7feb3c002000-7feb3c007000 r--s 00000000 08:05 1573034                    /var/cache/fontconfig/8801497958630a81b71ace7c5f9b32a8-le64.cache-4
7feb3c007000-7feb3c00e000 r--s 00000000 08:05 1573022                    /var/cache/fontconfig/3047814df9a2f067bd2d96a2b9c36e5a-le64.cache-4
7feb3c00e000-7feb3c02c000 r--s 00000000 08:05 1574036                    /var/cache/fontconfig/467c019e582ee353435ea5c21d137ef6-le64.cache-4
7feb3c02c000-7feb3c02d000 ---p 00000000 00:00 0 
7feb3c02d000-7feb3c12d000 rw-p 00000000 00:00 0                          [stack:30108]
7feb3c12d000-7feb3c130000 ---p 00000000 00:00 0 
7feb3c130000-7feb3c22e000 rw-p 00000000 00:00 0                          [stack:30107]
7feb3c22e000-7feb3c231000 ---p 00000000 00:00 0 
7feb3c231000-7feb3c32f000 rw-p 00000000 00:00 0                          [stack:30106]
7feb3c32f000-7feb3c332000 ---p 00000000 00:00 0 
7feb3c332000-7feb3c430000 rw-p 00000000 00:00 0                          [stack:30105]
7feb3c430000-7feb3c433000 ---p 00000000 00:00 0 
7feb3c433000-7feb3c531000 rw-p 00000000 00:00 0                          [stack:30104]
7feb3c531000-7feb3c534000 ---p 00000000 00:00 0 
7feb3c534000-7feb3c632000 rw-p 00000000 00:00 0                          [stack:30103]
7feb3c632000-7feb3c635000 ---p 00000000 00:00 0 
7feb3c635000-7feb3c733000 rw-p 00000000 00:00 0                          [stack:30102]
7feb3c733000-7feb3c734000 ---p 00000000 00:00 0 
7feb3c734000-7feb40000000 rw-p 00000000 00:00 0                          [stack:30101]
7feb40000000-7feb40021000 rw-p 00000000 00:00 0 
7feb40021000-7feb44000000 ---p 00000000 00:00 0 
7feb44000000-7feb44001000 r--s 00000000 08:05 1573018                    /var/cache/fontconfig/0d8c3b2ac0904cb8a57a757ad11a4a08-le64.cache-4
7feb44001000-7feb44002000 r--s 00000000 08:05 1573020                    /var/cache/fontconfig/1ac9eb803944fde146138c791f5cc56a-le64.cache-4
7feb44002000-7feb44003000 r--s 00000000 08:05 1573048                    /var/cache/fontconfig/dc05db6664285cc2f12bf69c139ae4c3-le64.cache-4
7feb44003000-7feb44009000 r--s 00000000 08:05 1573039                    /var/cache/fontconfig/b47c4e1ecd0709278f4910c18777a504-le64.cache-4
7feb44009000-7feb44012000 r--s 00000000 08:05 1583191                    /var/cache/fontconfig/52f7bdb7ce746bfd7eaa1985bd9cfa93-le64.cache-4
7feb44012000-7feb4401b000 r--s 00000000 08:05 1574069                    /var/cache/fontconfig/3f7329c5293ffd510edef78f73874cfd-le64.cache-4
7feb4401b000-7feb443f7000 rw-p 00000000 00:00 0 
7feb443f7000-7feb4458f000 r--s 01a24000 08:05 921356                     /usr/lib/jvm/java-6-openjdk-amd64/jre/lib/rt.jar
7feb4458f000-7feb445b7000 rw-p 00000000 00:00 0 
7feb445b7000-7feb445b8000 ---p 00000000 00:00 0 
7feb445b8000-7feb446b8000 rw-p 00000000 00:00 0                          [stack:30100]
7feb446b8000-7feb446b9000 ---p 00000000 00:00 0 
7feb446b9000-7feb447b9000 rw-p 00000000 00:00 0                          [stack:30099]
7feb447b9000-7feb447ba000 ---p 00000000 00:00 0 
7feb447ba000-7feb448ba000 rw-p 00000000 00:00 0                          [stack:30098]
7feb448ba000-7feb448bb000 ---p 00000000 00:00 0 
7feb448bb000-7feb449c6000 rw-p 00000000 00:00 0                          [stack:30097]
7feb449c6000-7feb44a0e000 rw-p 00000000 00:00 0 
7feb44a0e000-7feb44a22000 rw-p 00000000 00:00 0 
7feb44a22000-7feb44b4c000 rw-p 00000000 00:00 0 
7feb44b4c000-7feb44b56000 rw-p 00000000 00:00 0 
7feb44b56000-7feb44beb000 rw-p 00000000 00:00 0 
7feb44beb000-7feb44bec000 rw-p 00000000 00:00 0 
7feb44bec000-7feb44e5c000 rwxp 00000000 00:00 0 
7feb44e5c000-7feb47bec000 rw-p 00000000 00:00 0 
7feb47bec000-7feb47bf3000 r-xp 00000000 08:05 921344                     /usr/lib/jvm/java-6-openjdk-amd64/jre/lib/amd64/libzip.so
7feb47bf3000-7feb47df2000 ---p 00007000 08:05 921344                     /usr/lib/jvm/java-6-openjdk-amd64/jre/lib/amd64/libzip.so
7feb47df2000-7feb47df3000 r--p 00006000 08:05 921344                     /usr/lib/jvm/java-6-openjdk-amd64/jre/lib/amd64/libzip.so
7feb47df3000-7feb47df4000 rw-p 00007000 08:05 921344                     /usr/lib/jvm/java-6-openjdk-amd64/jre/lib/amd64/libzip.so
7feb47df4000-7feb47dff000 r-xp 00000000 08:05 1971359                    /lib/x86_64-linux-gnu/libnss_files-2.19.so
7feb47dff000-7feb47ffe000 ---p 0000b000 08:05 1971359                    /lib/x86_64-linux-gnu/libnss_files-2.19.so
7feb47ffe000-7feb47fff000 r--p 0000a000 08:05 1971359                    /lib/x86_64-linux-gnu/libnss_files-2.19.so
7feb47fff000-7feb48000000 rw-p 0000b000 08:05 1971359                    /lib/x86_64-linux-gnu/libnss_files-2.19.so
7feb48000000-7feb484eb000 rw-p 00000000 00:00 0 
7feb484eb000-7feb4c000000 ---p 00000000 00:00 0 
7feb4c000000-7feb4c002000 r--s 00000000 08:05 1573032                    /var/cache/fontconfig/767a8244fc0220cfb567a839d0392e0b-le64.cache-4
7feb4c002000-7feb4c003000 r--s 00000000 08:05 1576094                    /var/cache/fontconfig/4794a0821666d79190d59a36cb4f44b5-le64.cache-4
7feb4c003000-7feb4c004000 r--s 00000000 08:05 1573028                    /var/cache/fontconfig/56cf4f4769d0f4abc89a4895d7bd3ae1-le64.cache-4
7feb4c004000-7feb4c005000 r--s 00000000 08:05 1573040                    /var/cache/fontconfig/b9d506c9ac06c20b433354fa67a72993-le64.cache-4
7feb4c005000-7feb4c010000 r--s 00000000 08:05 1583092                    /var/cache/fontconfig/d589a48862398ed80a3d6066f4f56f4c-le64.cache-4
7feb4c010000-7feb4c01b000 rw-p 00000000 00:00 0 
7feb4c01b000-7feb4c063000 rw-p 00000000 00:00 0 
7feb4c063000-7feb4c077000 rw-p 00000000 00:00 0 
7feb4c077000-7feb4c1a1000 rw-p 00000000 00:00 0 
7feb4c1a1000-7feb4c1ac000 r-xp 00000000 08:05 1971356                    /lib/x86_64-linux-gnu/libnss_nis-2.19.so
7feb4c1ac000-7feb4c3ab000 ---p 0000b000 08:05 1971356                    /lib/x86_64-linux-gnu/libnss_nis-2.19.so
7feb4c3ab000-7feb4c3ac000 r--p 0000a000 08:05 1971356                    /lib/x86_64-linux-gnu/libnss_nis-2.19.so
7feb4c3ac000-7feb4c3ad000 rw-p 0000b000 08:05 1971356                    /lib/x86_64-linux-gnu/libnss_nis-2.19.so
7feb4c3ad000-7feb4c3c4000 r-xp 00000000 08:05 1971347                    /lib/x86_64-linux-gnu/libnsl-2.19.so
7feb4c3c4000-7feb4c5c3000 ---p 00017000 08:05 1971347                    /lib/x86_64-linux-gnu/libnsl-2.19.so
7feb4c5c3000-7feb4c5c4000 r--p 00016000 08:05 1971347                    /lib/x86_64-linux-gnu/libnsl-2.19.so
7feb4c5c4000-7feb4c5c5000 rw-p 00017000 08:05 1971347                    /lib/x86_64-linux-gnu/libnsl-2.19.so
7feb4c5c5000-7feb4c5c7000 rw-p 00000000 00:00 0 
7feb4c5c7000-7feb4c5d0000 r-xp 00000000 08:05 1971344                    /lib/x86_64-linux-gnu/libnss_compat-2.19.so
7feb4c5d0000-7feb4c7cf000 ---p 00009000 08:05 1971344                    /lib/x86_64-linux-gnu/libnss_compat-2.19.so
7feb4c7cf000-7feb4c7d0000 r--p 00008000 08:05 1971344                    /lib/x86_64-linux-gnu/libnss_compat-2.19.so
7feb4c7d0000-7feb4c7d1000 rw-p 00009000 08:05 1971344                    /lib/x86_64-linux-gnu/libnss_compat-2.19.so
7feb4c7d1000-7feb4c801000 r-xp 00000000 08:05 921327                     /usr/lib/jvm/java-6-openjdk-amd64/jre/lib/amd64/libjava.so
7feb4c801000-7feb4ca00000 ---p 00030000 08:05 921327                     /usr/lib/jvm/java-6-openjdk-amd64/jre/lib/amd64/libjava.so
7feb4ca00000-7feb4ca01000 r--p 0002f000 08:05 921327                     /usr/lib/jvm/java-6-openjdk-amd64/jre/lib/amd64/libjava.so
7feb4ca01000-7feb4ca04000 rw-p 00030000 08:05 921327                     /usr/lib/jvm/java-6-openjdk-amd64/jre/lib/amd64/libjava.so
7feb4ca04000-7feb4ca14000 r-xp 00000000 08:05 921337                     /usr/lib/jvm/java-6-openjdk-amd64/jre/lib/amd64/libverify.so
7feb4ca14000-7feb4cc13000 ---p 00010000 08:05 921337                     /usr/lib/jvm/java-6-openjdk-amd64/jre/lib/amd64/libverify.so
7feb4cc13000-7feb4cc15000 r--p 0000f000 08:05 921337                     /usr/lib/jvm/java-6-openjdk-amd64/jre/lib/amd64/libverify.so
7feb4cc15000-7feb4cc16000 rw-p 00011000 08:05 921337                     /usr/lib/jvm/java-6-openjdk-amd64/jre/lib/amd64/libverify.so
7feb4cc16000-7feb4cc1d000 r-xp 00000000 08:05 1970209                    /lib/x86_64-linux-gnu/librt-2.19.so
7feb4cc1d000-7feb4ce1c000 ---p 00007000 08:05 1970209                    /lib/x86_64-linux-gnu/librt-2.19.so
7feb4ce1c000-7feb4ce1d000 r--p 00006000 08:05 1970209                    /lib/x86_64-linux-gnu/librt-2.19.so
7feb4ce1d000-7feb4ce1e000 rw-p 00007000 08:05 1970209                    /lib/x86_64-linux-gnu/librt-2.19.so
7feb4ce1e000-7feb4ce34000 r-xp 00000000 08:05 1970230                    /lib/x86_64-linux-gnu/libgcc_s.so.1
7feb4ce34000-7feb4d033000 ---p 00016000 08:05 1970230                    /lib/x86_64-linux-gnu/libgcc_s.so.1
7feb4d033000-7feb4d034000 r--p 00015000 08:05 1970230                    /lib/x86_64-linux-gnu/libgcc_s.so.1
7feb4d034000-7feb4d035000 rw-p 00016000 08:05 1970230                    /lib/x86_64-linux-gnu/libgcc_s.so.1
7feb4d035000-7feb4d13a000 r-xp 00000000 08:05 1971346                    /lib/x86_64-linux-gnu/libm-2.19.so
7feb4d13a000-7feb4d339000 ---p 00105000 08:05 1971346                    /lib/x86_64-linux-gnu/libm-2.19.so
7feb4d339000-7feb4d33a000 r--p 00104000 08:05 1971346                    /lib/x86_64-linux-gnu/libm-2.19.so
7feb4d33a000-7feb4d33b000 rw-p 00105000 08:05 1971346                    /lib/x86_64-linux-gnu/libm-2.19.so
7feb4d33b000-7feb4d428000 r-xp 00000000 08:05 4200832                    /usr/lib/x86_64-linux-gnu/libstdc++.so.6.0.20
7feb4d428000-7feb4d628000 ---p 000ed000 08:05 4200832                    /usr/lib/x86_64-linux-gnu/libstdc++.so.6.0.20
7feb4d628000-7feb4d630000 r--p 000ed000 08:05 4200832                    /usr/lib/x86_64-linux-gnu/libstdc++.so.6.0.20
7feb4d630000-7feb4d632000 rw-p 000f5000 08:05 4200832                    /usr/lib/x86_64-linux-gnu/libstdc++.so.6.0.20
7feb4d632000-7feb4d647000 rw-p 00000000 00:00 0 
7feb4d647000-7feb4e059000 r-xp 00000000 08:05 921320                     /usr/lib/jvm/java-6-openjdk-amd64/jre/lib/amd64/server/libjvm.so
7feb4e059000-7feb4e258000 ---p 00a12000 08:05 921320                     /usr/lib/jvm/java-6-openjdk-amd64/jre/lib/amd64/server/libjvm.so
7feb4e258000-7feb4e2d1000 r--p 00a11000 08:05 921320                     /usr/lib/jvm/java-6-openjdk-amd64/jre/lib/amd64/server/libjvm.so
7feb4e2d1000-7feb4e2f4000 rw-p 00a8a000 08:05 921320                     /usr/lib/jvm/java-6-openjdk-amd64/jre/lib/amd64/server/libjvm.so
7feb4e2f4000-7feb4e31f000 rw-p 00000000 00:00 0 
7feb4e31f000-7feb4e337000 r-xp 00000000 08:05 1970320                    /lib/x86_64-linux-gnu/libz.so.1.2.8
7feb4e337000-7feb4e536000 ---p 00018000 08:05 1970320                    /lib/x86_64-linux-gnu/libz.so.1.2.8
7feb4e536000-7feb4e537000 r--p 00017000 08:05 1970320                    /lib/x86_64-linux-gnu/libz.so.1.2.8
7feb4e537000-7feb4e538000 rw-p 00018000 08:05 1970320                    /lib/x86_64-linux-gnu/libz.so.1.2.8
7feb4e538000-7feb4e6f3000 r-xp 00000000 08:05 1970208                    /lib/x86_64-linux-gnu/libc-2.19.so
7feb4e6f3000-7feb4e8f3000 ---p 001bb000 08:05 1970208                    /lib/x86_64-linux-gnu/libc-2.19.so
7feb4e8f3000-7feb4e8f7000 r--p 001bb000 08:05 1970208                    /lib/x86_64-linux-gnu/libc-2.19.so
7feb4e8f7000-7feb4e8f9000 rw-p 001bf000 08:05 1970208                    /lib/x86_64-linux-gnu/libc-2.19.so
7feb4e8f9000-7feb4e8fe000 rw-p 00000000 00:00 0 
7feb4e8fe000-7feb4e901000 r-xp 00000000 08:05 1971342                    /lib/x86_64-linux-gnu/libdl-2.19.so
7feb4e901000-7feb4eb00000 ---p 00003000 08:05 1971342                    /lib/x86_64-linux-gnu/libdl-2.19.so
7feb4eb00000-7feb4eb01000 r--p 00002000 08:05 1971342                    /lib/x86_64-linux-gnu/libdl-2.19.so
7feb4eb01000-7feb4eb02000 rw-p 00003000 08:05 1971342                    /lib/x86_64-linux-gnu/libdl-2.19.so
7feb4eb02000-7feb4eb06000 r-xp 00000000 08:05 921328                     /usr/lib/jvm/java-6-openjdk-amd64/jre/lib/amd64/jli/libjli.so
7feb4eb06000-7feb4ed05000 ---p 00004000 08:05 921328                     /usr/lib/jvm/java-6-openjdk-amd64/jre/lib/amd64/jli/libjli.so
7feb4ed05000-7feb4ed06000 r--p 00003000 08:05 921328                     /usr/lib/jvm/java-6-openjdk-amd64/jre/lib/amd64/jli/libjli.so
7feb4ed06000-7feb4ed07000 rw-p 00004000 08:05 921328                     /usr/lib/jvm/java-6-openjdk-amd64/jre/lib/amd64/jli/libjli.so
7feb4ed07000-7feb4ed20000 r-xp 00000000 08:05 1971358                    /lib/x86_64-linux-gnu/libpthread-2.19.so
7feb4ed20000-7feb4ef1f000 ---p 00019000 08:05 1971358                    /lib/x86_64-linux-gnu/libpthread-2.19.so
7feb4ef1f000-7feb4ef20000 r--p 00018000 08:05 1971358                    /lib/x86_64-linux-gnu/libpthread-2.19.so
7feb4ef20000-7feb4ef21000 rw-p 00019000 08:05 1971358                    /lib/x86_64-linux-gnu/libpthread-2.19.so
7feb4ef21000-7feb4ef25000 rw-p 00000000 00:00 0 
7feb4ef25000-7feb4ef48000 r-xp 00000000 08:05 1970095                    /lib/x86_64-linux-gnu/ld-2.19.so
7feb4ef48000-7feb4ef49000 r--s 00000000 08:05 1573017                    /var/cache/fontconfig/0c9eb80ebd1c36541ebe2852d3bb0c49-le64.cache-4
7feb4ef49000-7feb4ef57000 r--s 00000000 08:05 1594285                    /var/cache/fontconfig/e13b20fdb08344e0e664864cc2ede53d-le64.cache-4
7feb4ef57000-7feb4ef5b000 r--s 00000000 08:05 1583024                    /var/cache/fontconfig/7ef2298fde41cc6eeb7af42e48b7d293-le64.cache-4
7feb4ef5b000-7feb4ef5c000 r--s 00000000 08:05 1575169                    /var/cache/fontconfig/e0aa53bcfa504e64f87823c16bc01eb6-le64.cache-4
7feb4ef5c000-7feb4ef5e000 r--s 00000000 08:05 2894008                    /home/carlos/.cache/fontconfig/0b5be334dc7ceaa704a1dc345ef9a2b0-le64.cache-4
7feb4ef5e000-7feb4ef68000 rw-p 00000000 00:00 0 
7feb4ef68000-7feb4f01e000 rw-p 00000000 00:00 0 
7feb4f01e000-7feb4f021000 ---p 00000000 00:00 0 
7feb4f021000-7feb4f124000 rw-p 00000000 00:00 0                          [stack:30096]
7feb4f124000-7feb4f128000 r--s 00041000 08:05 798892                     /usr/lib/jvm/java-6-openjdk-common/jre/lib/jsse.jar
7feb4f128000-7feb4f12a000 r--s 00014000 08:05 3285221                    /home/carlos/Descargas/Carpeta sin título/NeticaJ_504/bin/64_bit/NeticaJ.jar
7feb4f12a000-7feb4f12d000 r--s 0000f000 08:05 798877                     /usr/lib/jvm/java-6-openjdk-common/jre/lib/ext/pulse-java.jar
7feb4f12d000-7feb4f130000 r--s 0003a000 08:05 798880                     /usr/lib/jvm/java-6-openjdk-common/jre/lib/ext/sunpkcs11.jar
7feb4f130000-7feb4f133000 r--s 00078000 08:05 798879                     /usr/lib/jvm/java-6-openjdk-common/jre/lib/ext/localedata.jar
7feb4f133000-7feb4f135000 r--s 00001000 08:05 798881                     /usr/lib/jvm/java-6-openjdk-common/jre/lib/ext/dnsns.jar
7feb4f135000-7feb4f139000 r--s 00031000 08:05 798878                     /usr/lib/jvm/java-6-openjdk-common/jre/lib/ext/sunjce_provider.jar
7feb4f139000-7feb4f13b000 r--s 00006000 08:05 4604507                    /usr/share/java/java-atk-wrapper.jar
7feb4f13b000-7feb4f143000 rw-s 00000000 08:05 4063512                    /tmp/hsperfdata_carlos/30090
7feb4f143000-7feb4f144000 rw-p 00000000 00:00 0 
7feb4f144000-7feb4f145000 r--p 00000000 00:00 0 
7feb4f145000-7feb4f147000 rw-p 00000000 00:00 0 
7feb4f147000-7feb4f148000 r--p 00022000 08:05 1970095                    /lib/x86_64-linux-gnu/ld-2.19.so
7feb4f148000-7feb4f149000 rw-p 00023000 08:05 1970095                    /lib/x86_64-linux-gnu/ld-2.19.so
7feb4f149000-7feb4f14a000 rw-p 00000000 00:00 0 
7fff68bfa000-7fff68c1b000 rw-p 00000000 00:00 0                          [stack]
7fff68cc3000-7fff68cc5000 r-xp 00000000 00:00 0                          [vdso]
ffffffffff600000-ffffffffff601000 r-xp 00000000 00:00 0                  [vsyscall]

VM Arguments:
jvm_args: -Djava.library.path=/home/carlos/Descargas/Carpeta sin título/NeticaJ_504/bin/64_bit -Dfile.encoding=UTF-8 
java_command: bayesianNetwork.BayesianGameMain
Launcher Type: SUN_STANDARD

Environment Variables:
PATH=/usr/local/heroku/bin:/usr/local/sbin:/usr/local/bin:/usr/sbin:/usr/bin:/sbin:/bin:/usr/games:/usr/local/games
LD_LIBRARY_PATH=/usr/lib/jvm/java-6-openjdk-amd64/jre/lib/amd64/server:/usr/lib/jvm/java-6-openjdk-amd64/jre/lib/amd64:/usr/lib/jvm/java-6-openjdk-amd64/jre/../lib/amd64
SHELL=/bin/bash
DISPLAY=:0

Signal Handlers:
SIGSEGV: [libjvm.so+0x874f00], sa_mask[0]=0x7ffbfeff, sa_flags=0x10000004
SIGBUS: [libjvm.so+0x874f00], sa_mask[0]=0x7ffbfeff, sa_flags=0x10000004
SIGFPE: [libjvm.so+0x70b9b0], sa_mask[0]=0x7ffbfeff, sa_flags=0x10000004
SIGPIPE: [libjvm.so+0x70b9b0], sa_mask[0]=0x7ffbfeff, sa_flags=0x10000004
SIGXFSZ: [libjvm.so+0x70b9b0], sa_mask[0]=0x7ffbfeff, sa_flags=0x10000004
SIGILL: [libjvm.so+0x70b9b0], sa_mask[0]=0x7ffbfeff, sa_flags=0x10000004
SIGUSR1: SIG_DFL, sa_mask[0]=0x00000000, sa_flags=0x00000000
SIGUSR2: [libjvm.so+0x70b6e0], sa_mask[0]=0x00000004, sa_flags=0x10000004
SIGHUP: [libjvm.so+0x70b9c0], sa_mask[0]=0x7ffbfeff, sa_flags=0x10000004
SIGINT: [libjvm.so+0x70b9c0], sa_mask[0]=0x7ffbfeff, sa_flags=0x10000004
SIGTERM: [libjvm.so+0x70b9c0], sa_mask[0]=0x7ffbfeff, sa_flags=0x10000004
SIGQUIT: [libjvm.so+0x70b9c0], sa_mask[0]=0x7ffbfeff, sa_flags=0x10000004


---------------  S Y S T E M  ---------------

OS:Ubuntu 14.04 (trusty)
uname:Linux 3.13.0-45-generic #74-Ubuntu SMP Tue Jan 13 19:36:28 UTC 2015 x86_64
libc:glibc 2.19 NPTL 2.19 
rlimit: STACK 8192k, CORE 0k, NPROC 30348, NOFILE 4096, AS infinity
load average:0.43 0.46 0.45

/proc/meminfo:
MemTotal:        3906288 kB
MemFree:          302572 kB
Buffers:          120768 kB
Cached:          1634668 kB
SwapCached:            4 kB
Active:          2054364 kB
Inactive:        1314064 kB
Active(anon):    1527036 kB
Inactive(anon):   587412 kB
Active(file):     527328 kB
Inactive(file):   726652 kB
Unevictable:           0 kB
Mlocked:               0 kB
SwapTotal:       4049916 kB
SwapFree:        4049912 kB
Dirty:               224 kB
Writeback:             0 kB
AnonPages:       1615140 kB
Mapped:           301608 kB
Shmem:            501456 kB
Slab:             110944 kB
SReclaimable:      73568 kB
SUnreclaim:        37376 kB
KernelStack:        4888 kB
PageTables:        41640 kB
NFS_Unstable:          0 kB
Bounce:                0 kB
WritebackTmp:          0 kB
CommitLimit:     6003060 kB
Committed_AS:    5979592 kB
VmallocTotal:   34359738367 kB
VmallocUsed:      361348 kB
VmallocChunk:   34359276668 kB
HardwareCorrupted:     0 kB
AnonHugePages:    733184 kB
HugePages_Total:       0
HugePages_Free:        0
HugePages_Rsvd:        0
HugePages_Surp:        0
Hugepagesize:       2048 kB
DirectMap4k:       71672 kB
DirectMap2M:     3981312 kB


CPU:total 4 (2 cores per cpu, 2 threads per core) family 6 model 58 stepping 9, cmov, cx8, fxsr, mmx, sse, sse2, sse3, ssse3, sse4.1, sse4.2, popcnt, avx, ht, tsc, tscinvbit, tscinv

/proc/cpuinfo:
processor	: 0
vendor_id	: GenuineIntel
cpu family	: 6
model		: 58
model name	: Intel(R) Core(TM) i5-3337U CPU @ 1.80GHz
stepping	: 9
microcode	: 0x15
cpu MHz		: 774.000
cache size	: 3072 KB
physical id	: 0
siblings	: 4
core id		: 0
cpu cores	: 2
apicid		: 0
initial apicid	: 0
fpu		: yes
fpu_exception	: yes
cpuid level	: 13
wp		: yes
flags		: fpu vme de pse tsc msr pae mce cx8 apic sep mtrr pge mca cmov pat pse36 clflush dts acpi mmx fxsr sse sse2 ss ht tm pbe syscall nx rdtscp lm constant_tsc arch_perfmon pebs bts rep_good nopl xtopology nonstop_tsc aperfmperf eagerfpu pni pclmulqdq dtes64 monitor ds_cpl vmx est tm2 ssse3 cx16 xtpr pdcm pcid sse4_1 sse4_2 x2apic popcnt tsc_deadline_timer aes xsave avx f16c rdrand lahf_lm ida arat epb xsaveopt pln pts dtherm tpr_shadow vnmi flexpriority ept vpid fsgsbase smep erms
bogomips	: 3591.72
clflush size	: 64
cache_alignment	: 64
address sizes	: 36 bits physical, 48 bits virtual
power management:

processor	: 1
vendor_id	: GenuineIntel
cpu family	: 6
model		: 58
model name	: Intel(R) Core(TM) i5-3337U CPU @ 1.80GHz
stepping	: 9
microcode	: 0x15
cpu MHz		: 774.000
cache size	: 3072 KB
physical id	: 0
siblings	: 4
core id		: 0
cpu cores	: 2
apicid		: 1
initial apicid	: 1
fpu		: yes
fpu_exception	: yes
cpuid level	: 13
wp		: yes
flags		: fpu vme de pse tsc msr pae mce cx8 apic sep mtrr pge mca cmov pat pse36 clflush dts acpi mmx fxsr sse sse2 ss ht tm pbe syscall nx rdtscp lm constant_tsc arch_perfmon pebs bts rep_good nopl xtopology nonstop_tsc aperfmperf eagerfpu pni pclmulqdq dtes64 monitor ds_cpl vmx est tm2 ssse3 cx16 xtpr pdcm pcid sse4_1 sse4_2 x2apic popcnt tsc_deadline_timer aes xsave avx f16c rdrand lahf_lm ida arat epb xsaveopt pln pts dtherm tpr_shadow vnmi flexpriority ept vpid fsgsbase smep erms
bogomips	: 3591.72
clflush size	: 64
cache_alignment	: 64
address sizes	: 36 bits physical, 48 bits virtual
power management:

processor	: 2
vendor_id	: GenuineIntel
cpu family	: 6
model		: 58
model name	: Intel(R) Core(TM) i5-3337U CPU @ 1.80GHz
stepping	: 9
microcode	: 0x15
cpu MHz		: 1801.000
cache size	: 3072 KB
physical id	: 0
siblings	: 4
core id		: 1
cpu cores	: 2
apicid		: 2
initial apicid	: 2
fpu		: yes
fpu_exception	: yes
cpuid level	: 13
wp		: yes
flags		: fpu vme de pse tsc msr pae mce cx8 apic sep mtrr pge mca cmov pat pse36 clflush dts acpi mmx fxsr sse sse2 ss ht tm pbe syscall nx rdtscp lm constant_tsc arch_perfmon pebs bts rep_good nopl xtopology nonstop_tsc aperfmperf eagerfpu pni pclmulqdq dtes64 monitor ds_cpl vmx est tm2 ssse3 cx16 xtpr pdcm pcid sse4_1 sse4_2 x2apic popcnt tsc_deadline_timer aes xsave avx f16c rdrand lahf_lm ida arat epb xsaveopt pln pts dtherm tpr_shadow vnmi flexpriority ept vpid fsgsbase smep erms
bogomips	: 3591.72
clflush size	: 64
cache_alignment	: 64
address sizes	: 36 bits physical, 48 bits virtual
power management:

processor	: 3
vendor_id	: GenuineIntel
cpu family	: 6
model		: 58
model name	: Intel(R) Core(TM) i5-3337U CPU @ 1.80GHz
stepping	: 9
microcode	: 0x15
cpu MHz		: 774.000
cache size	: 3072 KB
physical id	: 0
siblings	: 4
core id		: 1
cpu cores	: 2
apicid		: 3
initial apicid	: 3
fpu		: yes
fpu_exception	: yes
cpuid level	: 13
wp		: yes
flags		: fpu vme de pse tsc msr pae mce cx8 apic sep mtrr pge mca cmov pat pse36 clflush dts acpi mmx fxsr sse sse2 ss ht tm pbe syscall nx rdtscp lm constant_tsc arch_perfmon pebs bts rep_good nopl xtopology nonstop_tsc aperfmperf eagerfpu pni pclmulqdq dtes64 monitor ds_cpl vmx est tm2 ssse3 cx16 xtpr pdcm pcid sse4_1 sse4_2 x2apic popcnt tsc_deadline_timer aes xsave avx f16c rdrand lahf_lm ida arat epb xsaveopt pln pts dtherm tpr_shadow vnmi flexpriority ept vpid fsgsbase smep erms
bogomips	: 3591.72
clflush size	: 64
cache_alignment	: 64
address sizes	: 36 bits physical, 48 bits virtual
power management:



Memory: 4k page, physical 3906288k(302572k free), swap 4049916k(4049912k free)

vm_info: OpenJDK 64-Bit Server VM (23.25-b01) for linux-amd64 JRE (1.6.0_34-b34), built on Jan 27 2015 16:41:24 by "buildd" with gcc 4.8.2

time: Wed Apr  8 21:12:48 2015
elapsed time: 2 seconds

