#
# A fatal error has been detected by the Java Runtime Environment:
#
#  SIGSEGV (0xb) at pc=0x00007ffbfd21d771, pid=29074, tid=140720303572736
#
# JRE version: 6.0_34-b34
# Java VM: OpenJDK 64-Bit Server VM (23.25-b01 mixed mode linux-amd64 compressed oops)
# Derivative: IcedTea6 1.13.6
# Distribution: Ubuntu 14.04 LTS, package 6b34-1.13.6-1ubuntu0.14.04.1
# Problematic frame:
# C  [libjava.so+0x1a771]  JNU_GetEnv+0x11
#
# Failed to write core dump. Core dumps have been disabled. To enable core dumping, try "ulimit -c unlimited" before starting Java again
#
# If you would like to submit a bug report, please include
# instructions how to reproduce the bug and visit:
#   https://bugs.launchpad.net/ubuntu/+source/openjdk-6/
# The crash happened outside the Java Virtual Machine in native code.
# See problematic frame for where to report the bug.
#

---------------  T H R E A D  ---------------

Current thread (0x00007ffbf8009800):  JavaThread "main" [_thread_in_native, id=29079, stack(0x00007ffbffa50000,0x00007ffbffb51000)]

siginfo:si_signo=SIGSEGV: si_errno=0, si_code=1 (SEGV_MAPERR), si_addr=0x0000000000000055

Registers:
RAX=0x0000000000000025, RBX=0x0000000000000000, RCX=0x0000000000000000, RDX=0x0000000000000004
RSP=0x00007ffbffb4ef10, RBP=0x00007ffbffb4ef20, RSI=0x00007ffbffb4ef18, RDI=0x00007ffbf849dc60
R8 =0x00007ffbe5bd6780, R9 =0x0000000000000000, R10=0x00007ffbffb4ecf0, R11=0x00007ffbfd21d760
R12=0x00007ffbf849dc60, R13=0x0000000000000004, R14=0x0000000000000000, R15=0x0000000000000000
RIP=0x00007ffbfd21d771, EFLAGS=0x0000000000010202, CSGSFS=0x0000000000000033, ERR=0x0000000000000004
  TRAPNO=0x000000000000000e

Top of Stack: (sp=0x00007ffbffb4ef10)
0x00007ffbffb4ef10:   0000000000000000 00007ffbf84812b0
0x00007ffbffb4ef20:   00007ffbf8259230 00007ffbe57a6bc8
0x00007ffbffb4ef30:   0000000000000000 00007ffbe5970dba
0x00007ffbffb4ef40:   00007ffbffb4f0c0 00007ffbff966557
0x00007ffbffb4ef50:   0000000000000005 0000000000000000
0x00007ffbffb4ef60:   00007ffbffb4efd0 00000000fffffc17
0x00007ffbffb4ef70:   00007ffbe5bd6780 00007ffbe593aac8
0x00007ffbffb4ef80:   00007ffbf849dc98 0000000000000000
0x00007ffbffb4ef90:   00000004f84811b8 00007ffbf849dc60
0x00007ffbffb4efa0:   0000000000000000 00007ffbf849dc60
0x00007ffbffb4efb0:   00007ffbffb4efe0 0000000000000004
0x00007ffbffb4efc0:   0000000000000000 00007ffbe5970dba
0x00007ffbffb4efd0:   00007ffbffb4f0c0 00007ffbe59366ac
0x00007ffbffb4efe0:   6b6361626c6c6143 736f6c4320666f20
0x00007ffbffb4eff0:   5f61636974654e65 00007f00203a6e62
0x00007ffbffb4f000:   00007ffbffb4f030 00007ffbffb4f020
0x00007ffbffb4f010:   00000000fbeb8a1a 00007ffbe5762295
0x00007ffbffb4f020:   00000000ffffffff 00007ffbe5bd1e98
0x00007ffbffb4f030:   0000000000000000 00007ffbe5bd60a0
0x00007ffbffb4f040:   00007ffbffb4f410 00007ffbe5970dba
0x00007ffbffb4f050:   00007ffbffb4f100 00007ffbe59368d5
0x00007ffbffb4f060:   00007ffb00000005 0000000000000000
0x00007ffbffb4f070:   00007ffbffb4f150 00007ffbe5739b58
0x00007ffbffb4f080:   00007ffbf849d2e0 7474da82a0386c00
0x00007ffbffb4f090:   0000000000000001 00007ffbf849d2e0
0x00007ffbffb4f0a0:   00007ffbf849e0d0 00007ffbe5bd60a0
0x00007ffbffb4f0b0:   00007ffbffb4f410 00007ffbe5970dba
0x00007ffbffb4f0c0:   00007ffbffb4f0e0 00007ffbe57f5977
0x00007ffbffb4f0d0:   00007ffbf849d2e0 0000000000000001
0x00007ffbffb4f0e0:   00007ffbffb4f100 00007ffbe585bccf
0x00007ffbffb4f0f0:   00007ffbf848300a 00007ffbe5bd9fc0
0x00007ffbffb4f100:   00007ffbffb4f150 00007ffbe58b80d3 

Instructions: (pc=0x00007ffbfd21d771)
0x00007ffbfd21d751:   41 5f 5d c3 b8 ff ff ff ff eb ea 0f 1f 40 00 55
0x00007ffbfd21d761:   89 f2 48 89 e5 48 83 ec 10 48 8b 07 48 8d 75 f8
0x00007ffbfd21d771:   ff 50 30 48 8b 45 f8 c9 c3 66 0f 1f 44 00 00 55
0x00007ffbfd21d781:   48 89 e5 41 55 49 89 f5 be 01 00 00 00 41 54 49 

Register to memory mapping:

RAX=0x0000000000000025 is an unknown value
RBX=0x0000000000000000 is an unknown value
RCX=0x0000000000000000 is an unknown value
RDX=0x0000000000000004 is an unknown value
RSP=0x00007ffbffb4ef10 is pointing into the stack for thread: 0x00007ffbf8009800
RBP=0x00007ffbffb4ef20 is pointing into the stack for thread: 0x00007ffbf8009800
RSI=0x00007ffbffb4ef18 is pointing into the stack for thread: 0x00007ffbf8009800
RDI=0x00007ffbf849dc60 is an unknown value
R8 =0x00007ffbe5bd6780: NodeListeners+0 in /home/carlos/Descargas/Carpeta sin título/NeticaJ_504/bin/64_bit/libNeticaJ.so at 0x00007ffbe571e000
R9 =0x0000000000000000 is an unknown value
R10=0x00007ffbffb4ecf0 is pointing into the stack for thread: 0x00007ffbf8009800
R11=0x00007ffbfd21d760: JNU_GetEnv+0 in /usr/lib/jvm/java-6-openjdk-amd64/jre/lib/amd64/libjava.so at 0x00007ffbfd203000
R12=0x00007ffbf849dc60 is an unknown value
R13=0x0000000000000004 is an unknown value
R14=0x0000000000000000 is an unknown value
R15=0x0000000000000000 is an unknown value


Stack: [0x00007ffbffa50000,0x00007ffbffb51000],  sp=0x00007ffbffb4ef10,  free space=1019k
Native frames: (J=compiled Java code, j=interpreted, Vv=VM code, C=native code)
C  [libjava.so+0x1a771]  JNU_GetEnv+0x11

Java frames: (J=compiled Java code, j=interpreted, Vv=VM code)
j  norsys.netica.NETICA.CloseNetica_bn(J[Ljava/lang/String;)I+0
j  norsys.netica.Environ.finalize()V+69
j  bayesianNetwork.InterfazGrafica.construyeRed()V+1754
j  bayesianNetwork.InterfazGrafica.<init>()V+81
j  bayesianNetwork.BayesianGameMain.main([Ljava/lang/String;)V+4
v  ~StubRoutines::call_stub

---------------  P R O C E S S  ---------------

Java Threads: ( => current thread )
  0x00007ffbf845d000 JavaThread "AWT-EventQueue-1" [_thread_blocked, id=29095, stack(0x00007ffbe5bee000,0x00007ffbe5cef000)]
  0x00007ffbf845b800 JavaThread "AWT-Shutdown" [_thread_blocked, id=29094, stack(0x00007ffbe5cef000,0x00007ffbe5df0000)]
  0x00007ffbf8393800 JavaThread "AWT-XAWT" daemon [_thread_in_native, id=29093, stack(0x00007ffbe5df0000,0x00007ffbe5ef1000)]
  0x00007ffbf8283000 JavaThread "Java2D Disposer" daemon [_thread_blocked, id=29092, stack(0x00007ffbe6405000,0x00007ffbe6506000)]
  0x00007ffbf80ff800 JavaThread "Low Memory Detector" daemon [_thread_blocked, id=29090, stack(0x00007ffbec40c000,0x00007ffbec50d000)]
  0x00007ffbf80fd000 JavaThread "C2 CompilerThread1" daemon [_thread_blocked, id=29089, stack(0x00007ffbec50d000,0x00007ffbec60e000)]
  0x00007ffbf80fa000 JavaThread "C2 CompilerThread0" daemon [_thread_blocked, id=29088, stack(0x00007ffbec60e000,0x00007ffbec70f000)]
  0x00007ffbf80f8000 JavaThread "Signal Dispatcher" daemon [_thread_blocked, id=29087, stack(0x00007ffbec70f000,0x00007ffbec810000)]
  0x00007ffbf80a5800 JavaThread "Finalizer" daemon [_thread_blocked, id=29086, stack(0x00007ffbecef2000,0x00007ffbecff3000)]
  0x00007ffbf80a3800 JavaThread "Reference Handler" daemon [_thread_blocked, id=29085, stack(0x00007ffbecff3000,0x00007ffbed0f4000)]
=>0x00007ffbf8009800 JavaThread "main" [_thread_in_native, id=29079, stack(0x00007ffbffa50000,0x00007ffbffb51000)]

Other Threads:
  0x00007ffbf8094800 VMThread [stack: 0x00007ffbed0f4000,0x00007ffbed1f5000] [id=29084]
  0x00007ffbf810a000 WatcherThread [stack: 0x00007ffbec30b000,0x00007ffbec40c000] [id=29091]

VM state:not at safepoint (normal execution)

VM Mutex/Monitor currently owned by a thread: None

Heap
 PSYoungGen      total 17856K, used 4005K [0x00000000ec200000, 0x00000000ed5e0000, 0x0000000100000000)
  eden space 15360K, 26% used [0x00000000ec200000,0x00000000ec5e94a0,0x00000000ed100000)
  from space 2496K, 0% used [0x00000000ed370000,0x00000000ed370000,0x00000000ed5e0000)
  to   space 2496K, 0% used [0x00000000ed100000,0x00000000ed100000,0x00000000ed370000)
 ParOldGen       total 40704K, used 0K [0x00000000c4600000, 0x00000000c6dc0000, 0x00000000ec200000)
  object space 40704K, 0% used [0x00000000c4600000,0x00000000c4600000,0x00000000c6dc0000)
 PSPermGen       total 21248K, used 10609K [0x00000000ba000000, 0x00000000bb4c0000, 0x00000000c4600000)
  object space 21248K, 49% used [0x00000000ba000000,0x00000000baa5c5c0,0x00000000bb4c0000)

Card table byte_map: [0x00007ffbfc58e000,0x00007ffbfc7bf000] byte_map_base: 0x00007ffbfbfbe000

Polling page: 0x00007ffbffb76000

Code Cache  [0x00007ffbf5000000, 0x00007ffbf5270000, 0x00007ffbf8000000)
 total_blobs=445 nmethods=15 adapters=383 free_code_cache=48604Kb largest_free_block=49768768

Compilation events (10 events):
Event: 0.252 Thread 0x00007ffbf80fa000 nmethod 8 0x00007ffbf5072210 code [0x00007ffbf50723c0, 0x00007ffbf5072b10]
Event: 0.255 Thread 0x00007ffbf80fd000 nmethod 9 0x00007ffbf5073bd0 code [0x00007ffbf5073d20, 0x00007ffbf5073f78]
Event: 0.256 Thread 0x00007ffbf80fa000   10             java.lang.Object::<init> (1 bytes)
Event: 0.257 Thread 0x00007ffbf80fa000 nmethod 10 0x00007ffbf507b150 code [0x00007ffbf507b280, 0x00007ffbf507b2f8]
Event: 0.292 Thread 0x00007ffbf80fd000   11             java.util.Properties$LineReader::readLine (452 bytes)
Event: 0.303 Thread 0x00007ffbf80fd000 nmethod 11 0x00007ffbf5082050 code [0x00007ffbf5082200, 0x00007ffbf5082a90]
Event: 0.398 Thread 0x00007ffbf80fa000   12             java.util.HashMap::indexFor (6 bytes)
Event: 0.398 Thread 0x00007ffbf80fa000 nmethod 12 0x00007ffbf5086190 code [0x00007ffbf50862c0, 0x00007ffbf50862f8]
Event: 0.418 Thread 0x00007ffbf80fd000   13             java.util.HashMap::hash (23 bytes)
Event: 0.419 Thread 0x00007ffbf80fd000 nmethod 13 0x00007ffbf5084a90 code [0x00007ffbf5084bc0, 0x00007ffbf5084c18]

GC Heap History (0 events):
No events

Deoptimization events (4 events):
Event: 0.140 Thread 0x00007ffbf8009800 Uncommon trap -34 fr.pc 0x00007ffbf5061eb8
Event: 0.195 Thread 0x00007ffbf8009800 Uncommon trap -34 fr.pc 0x00007ffbf5061eb8
Event: 0.195 Thread 0x00007ffbf8009800 Uncommon trap -34 fr.pc 0x00007ffbf5061eb8
Event: 0.195 Thread 0x00007ffbf8009800 Uncommon trap -34 fr.pc 0x00007ffbf5061eb8

Internal exceptions (10 events):
Event: 0.428 Thread 0x00007ffbf8009800 Threw 0x00000000ec5980f8 at /build/buildd/openjdk-6-6b34-1.13.6/build/openjdk/hotspot/src/share/vm/classfile/systemDictionary.cpp:1
Event: 0.428 Thread 0x00007ffbf8009800 Threw 0x00000000ec598410 at /build/buildd/openjdk-6-6b34-1.13.6/build/openjdk/hotspot/src/share/vm/prims/jvm.cpp:1272
Event: 0.430 Thread 0x00007ffbf8009800 Threw 0x00000000ec5a3408 at /build/buildd/openjdk-6-6b34-1.13.6/build/openjdk/hotspot/src/share/vm/classfile/systemDictionary.cpp:1
Event: 0.430 Thread 0x00007ffbf8009800 Threw 0x00000000ec5a3728 at /build/buildd/openjdk-6-6b34-1.13.6/build/openjdk/hotspot/src/share/vm/prims/jvm.cpp:1272
Event: 0.431 Thread 0x00007ffbf8009800 Threw 0x00000000ec5a7320 at /build/buildd/openjdk-6-6b34-1.13.6/build/openjdk/hotspot/src/share/vm/classfile/systemDictionary.cpp:1
Event: 0.431 Thread 0x00007ffbf8009800 Threw 0x00000000ec5a7630 at /build/buildd/openjdk-6-6b34-1.13.6/build/openjdk/hotspot/src/share/vm/prims/jvm.cpp:1272
Event: 0.433 Thread 0x00007ffbf8009800 Threw 0x00000000ec5ae150 at /build/buildd/openjdk-6-6b34-1.13.6/build/openjdk/hotspot/src/share/vm/classfile/systemDictionary.cpp:1
Event: 0.433 Thread 0x00007ffbf8009800 Threw 0x00000000ec5ae470 at /build/buildd/openjdk-6-6b34-1.13.6/build/openjdk/hotspot/src/share/vm/prims/jvm.cpp:1272
Event: 0.433 Thread 0x00007ffbf8009800 Threw 0x00000000ec5b3ab8 at /build/buildd/openjdk-6-6b34-1.13.6/build/openjdk/hotspot/src/share/vm/classfile/systemDictionary.cpp:1
Event: 0.433 Thread 0x00007ffbf8009800 Threw 0x00000000ec5b3dd0 at /build/buildd/openjdk-6-6b34-1.13.6/build/openjdk/hotspot/src/share/vm/prims/jvm.cpp:1272

Events (10 events):
Event: 0.430 loading class 0x00007ffbf84832e0
Event: 0.430 loading class 0x00007ffbf84832e0 done
Event: 0.431 loading class 0x00007ffbf8486080
Event: 0.431 loading class 0x00007ffbf8486080 done
Event: 0.433 loading class 0x00007ffbf8485a10
Event: 0.433 loading class 0x00007ffbf8485a10 done
Event: 0.433 loading class 0x00007ffbf8485e40
Event: 0.433 loading class 0x00007ffbf8485e40 done
Event: 0.435 loading class 0x00007ffbf809f860
Event: 0.435 loading class 0x00007ffbf809f860 done


Dynamic libraries:
00400000-00409000 r-xp 00000000 08:05 1056476                            /usr/lib/jvm/java-6-openjdk-amd64/jre/bin/java
00608000-00609000 r--p 00008000 08:05 1056476                            /usr/lib/jvm/java-6-openjdk-amd64/jre/bin/java
00609000-0060a000 rw-p 00009000 08:05 1056476                            /usr/lib/jvm/java-6-openjdk-amd64/jre/bin/java
00c38000-00c59000 rw-p 00000000 00:00 0                                  [heap]
ba000000-bb4c0000 rw-p 00000000 00:00 0 
bb4c0000-c4600000 rw-p 00000000 00:00 0 
c4600000-c6dc0000 rw-p 00000000 00:00 0 
c6dc0000-ec200000 rw-p 00000000 00:00 0 
ec200000-ed5e0000 rw-p 00000000 00:00 0 
ed5e0000-100000000 rw-p 00000000 00:00 0 
7ffba8000000-7ffba8021000 rw-p 00000000 00:00 0 
7ffba8021000-7ffbac000000 ---p 00000000 00:00 0 
7ffbb0000000-7ffbb0021000 rw-p 00000000 00:00 0 
7ffbb0021000-7ffbb4000000 ---p 00000000 00:00 0 
7ffbb4000000-7ffbb4021000 rw-p 00000000 00:00 0 
7ffbb4021000-7ffbb8000000 ---p 00000000 00:00 0 
7ffbb8000000-7ffbb8021000 rw-p 00000000 00:00 0 
7ffbb8021000-7ffbbc000000 ---p 00000000 00:00 0 
7ffbbc000000-7ffbbc021000 rw-p 00000000 00:00 0 
7ffbbc021000-7ffbc0000000 ---p 00000000 00:00 0 
7ffbc0000000-7ffbc011a000 rw-p 00000000 00:00 0 
7ffbc011a000-7ffbc4000000 ---p 00000000 00:00 0 
7ffbc4000000-7ffbc4021000 rw-p 00000000 00:00 0 
7ffbc4021000-7ffbc8000000 ---p 00000000 00:00 0 
7ffbc8000000-7ffbc8021000 rw-p 00000000 00:00 0 
7ffbc8021000-7ffbcc000000 ---p 00000000 00:00 0 
7ffbcc000000-7ffbcc13f000 rw-p 00000000 00:00 0 
7ffbcc13f000-7ffbd0000000 ---p 00000000 00:00 0 
7ffbd0000000-7ffbd0021000 rw-p 00000000 00:00 0 
7ffbd0021000-7ffbd4000000 ---p 00000000 00:00 0 
7ffbd4000000-7ffbd4021000 rw-p 00000000 00:00 0 
7ffbd4021000-7ffbd8000000 ---p 00000000 00:00 0 
7ffbd8000000-7ffbd8021000 rw-p 00000000 00:00 0 
7ffbd8021000-7ffbdc000000 ---p 00000000 00:00 0 
7ffbdc000000-7ffbdc021000 rw-p 00000000 00:00 0 
7ffbdc021000-7ffbe0000000 ---p 00000000 00:00 0 
7ffbe0000000-7ffbe0021000 rw-p 00000000 00:00 0 
7ffbe0021000-7ffbe4000000 ---p 00000000 00:00 0 
7ffbe56ed000-7ffbe571e000 rw-p 00000000 00:00 0 
7ffbe571e000-7ffbe59c8000 r-xp 00000000 08:05 3285223                    /home/carlos/Descargas/Carpeta sin título/NeticaJ_504/bin/64_bit/libNeticaJ.so
7ffbe59c8000-7ffbe5bc7000 ---p 002aa000 08:05 3285223                    /home/carlos/Descargas/Carpeta sin título/NeticaJ_504/bin/64_bit/libNeticaJ.so
7ffbe5bc7000-7ffbe5bce000 r--p 002a9000 08:05 3285223                    /home/carlos/Descargas/Carpeta sin título/NeticaJ_504/bin/64_bit/libNeticaJ.so
7ffbe5bce000-7ffbe5bd6000 rw-p 002b0000 08:05 3285223                    /home/carlos/Descargas/Carpeta sin título/NeticaJ_504/bin/64_bit/libNeticaJ.so
7ffbe5bd6000-7ffbe5bee000 rw-p 00000000 00:00 0 
7ffbe5bee000-7ffbe5bf1000 ---p 00000000 00:00 0 
7ffbe5bf1000-7ffbe5cef000 rw-p 00000000 00:00 0                          [stack:29095]
7ffbe5cef000-7ffbe5cf2000 ---p 00000000 00:00 0 
7ffbe5cf2000-7ffbe5df0000 rw-p 00000000 00:00 0                          [stack:29094]
7ffbe5df0000-7ffbe5df3000 ---p 00000000 00:00 0 
7ffbe5df3000-7ffbe5ef1000 rw-p 00000000 00:00 0                          [stack:29093]
7ffbe5ef1000-7ffbe5ef2000 r--s 00000000 08:05 1573041                    /var/cache/fontconfig/c05880de57d1f5e948fdfacc138775d9-le64.cache-4
7ffbe5ef2000-7ffbe5efd000 r--s 00000000 08:05 1573035                    /var/cache/fontconfig/945677eb7aeaf62f1d50efc3fb3ec7d8-le64.cache-4
7ffbe5efd000-7ffbe5eff000 r--s 00000000 08:05 1583193                    /var/cache/fontconfig/99e8ed0e538f840c565b6ed5dad60d56-le64.cache-4
7ffbe5eff000-7ffbe5f01000 r--s 00000000 08:05 1583026                    /var/cache/fontconfig/0fafd173547752dce4dee1a69e0b3c95-le64.cache-4
7ffbe5f01000-7ffbe5f0a000 r--s 00000000 08:05 1583192                    /var/cache/fontconfig/a6d8cf8e4ec09cdbc8633c31745a07dd-le64.cache-4
7ffbe5f0a000-7ffbe5f10000 r--s 00000000 08:05 1573021                    /var/cache/fontconfig/2cd17615ca594fa2959ae173292e504c-le64.cache-4
7ffbe5f10000-7ffbe5f11000 r--s 00000000 08:05 1573051                    /var/cache/fontconfig/e7071f4a29fa870f4323321c154eba04-le64.cache-4
7ffbe5f11000-7ffbe5f12000 r--s 00000000 08:05 1573018                    /var/cache/fontconfig/0d8c3b2ac0904cb8a57a757ad11a4a08-le64.cache-4
7ffbe5f12000-7ffbe5f19000 r--s 00000000 08:05 1573038                    /var/cache/fontconfig/a755afe4a08bf5b97852ceb7400b47bc-le64.cache-4
7ffbe5f19000-7ffbe5f25000 r--s 00000000 08:05 1583095                    /var/cache/fontconfig/6d41288fd70b0be22e8c3a91e032eec0-le64.cache-4
7ffbe5f25000-7ffbe5f29000 r--s 00000000 08:05 1582932                    /var/cache/fontconfig/de156ccd2eddbdc19d37a45b8b2aac9c-le64.cache-4
7ffbe5f29000-7ffbe5f3d000 r--s 00000000 08:05 1573016                    /var/cache/fontconfig/04aabc0a78ac019cf9454389977116d2-le64.cache-4
7ffbe5f3d000-7ffbe5f3e000 r--s 00000000 08:05 1573020                    /var/cache/fontconfig/1ac9eb803944fde146138c791f5cc56a-le64.cache-4
7ffbe5f3e000-7ffbe5f42000 r--s 00000000 08:05 1573024                    /var/cache/fontconfig/385c0604a188198f04d133e54aba7fe7-le64.cache-4
7ffbe5f42000-7ffbe5f43000 r--s 00000000 08:05 1573048                    /var/cache/fontconfig/dc05db6664285cc2f12bf69c139ae4c3-le64.cache-4
7ffbe5f43000-7ffbe5f45000 r--s 00000000 08:05 1573032                    /var/cache/fontconfig/767a8244fc0220cfb567a839d0392e0b-le64.cache-4
7ffbe5f45000-7ffbe5f4a000 r--s 00000000 08:05 1573034                    /var/cache/fontconfig/8801497958630a81b71ace7c5f9b32a8-le64.cache-4
7ffbe5f4a000-7ffbe5f51000 r--s 00000000 08:05 1573022                    /var/cache/fontconfig/3047814df9a2f067bd2d96a2b9c36e5a-le64.cache-4
7ffbe5f51000-7ffbe5f57000 r--s 00000000 08:05 1573039                    /var/cache/fontconfig/b47c4e1ecd0709278f4910c18777a504-le64.cache-4
7ffbe5f57000-7ffbe5f60000 r--s 00000000 08:05 1583191                    /var/cache/fontconfig/52f7bdb7ce746bfd7eaa1985bd9cfa93-le64.cache-4
7ffbe5f60000-7ffbe5f73000 r--s 00000000 08:05 1573045                    /var/cache/fontconfig/d52a8644073d54c13679302ca1180695-le64.cache-4
7ffbe5f73000-7ffbe5f7e000 r--s 00000000 08:05 1583092                    /var/cache/fontconfig/d589a48862398ed80a3d6066f4f56f4c-le64.cache-4
7ffbe5fac000-7ffbe5fb1000 r-xp 00000000 08:05 4202920                    /usr/lib/x86_64-linux-gnu/libXfixes.so.3.1.0
7ffbe5fb1000-7ffbe61b0000 ---p 00005000 08:05 4202920                    /usr/lib/x86_64-linux-gnu/libXfixes.so.3.1.0
7ffbe61b0000-7ffbe61b1000 r--p 00004000 08:05 4202920                    /usr/lib/x86_64-linux-gnu/libXfixes.so.3.1.0
7ffbe61b1000-7ffbe61b2000 rw-p 00005000 08:05 4202920                    /usr/lib/x86_64-linux-gnu/libXfixes.so.3.1.0
7ffbe61b2000-7ffbe61bb000 r-xp 00000000 08:05 4202912                    /usr/lib/x86_64-linux-gnu/libXcursor.so.1.0.2
7ffbe61bb000-7ffbe63ba000 ---p 00009000 08:05 4202912                    /usr/lib/x86_64-linux-gnu/libXcursor.so.1.0.2
7ffbe63ba000-7ffbe63bb000 r--p 00008000 08:05 4202912                    /usr/lib/x86_64-linux-gnu/libXcursor.so.1.0.2
7ffbe63bb000-7ffbe63bc000 rw-p 00009000 08:05 4202912                    /usr/lib/x86_64-linux-gnu/libXcursor.so.1.0.2
7ffbe63dd000-7ffbe63e4000 r--s 00054000 08:05 798883                     /usr/lib/jvm/java-6-openjdk-common/jre/lib/resources.jar
7ffbe63e4000-7ffbe63e5000 r--s 00000000 08:05 1576094                    /var/cache/fontconfig/4794a0821666d79190d59a36cb4f44b5-le64.cache-4
7ffbe63e5000-7ffbe63e6000 r--s 00000000 08:05 1573028                    /var/cache/fontconfig/56cf4f4769d0f4abc89a4895d7bd3ae1-le64.cache-4
7ffbe63e6000-7ffbe63e7000 r--s 00000000 08:05 1573040                    /var/cache/fontconfig/b9d506c9ac06c20b433354fa67a72993-le64.cache-4
7ffbe63e7000-7ffbe6405000 r--s 00000000 08:05 1574036                    /var/cache/fontconfig/467c019e582ee353435ea5c21d137ef6-le64.cache-4
7ffbe6405000-7ffbe6408000 ---p 00000000 00:00 0 
7ffbe6408000-7ffbe6506000 rw-p 00000000 00:00 0                          [stack:29092]
7ffbe6506000-7ffbe652b000 r-xp 00000000 08:05 1970272                    /lib/x86_64-linux-gnu/libpng12.so.0.50.0
7ffbe652b000-7ffbe672a000 ---p 00025000 08:05 1970272                    /lib/x86_64-linux-gnu/libpng12.so.0.50.0
7ffbe672a000-7ffbe672b000 r--p 00024000 08:05 1970272                    /lib/x86_64-linux-gnu/libpng12.so.0.50.0
7ffbe672b000-7ffbe672c000 rw-p 00025000 08:05 1970272                    /lib/x86_64-linux-gnu/libpng12.so.0.50.0
7ffbe672c000-7ffbe67c8000 r-xp 00000000 08:05 4211978                    /usr/lib/x86_64-linux-gnu/libfreetype.so.6.11.1
7ffbe67c8000-7ffbe69c7000 ---p 0009c000 08:05 4211978                    /usr/lib/x86_64-linux-gnu/libfreetype.so.6.11.1
7ffbe69c7000-7ffbe69cd000 r--p 0009b000 08:05 4211978                    /usr/lib/x86_64-linux-gnu/libfreetype.so.6.11.1
7ffbe69cd000-7ffbe69ce000 rw-p 000a1000 08:05 4211978                    /usr/lib/x86_64-linux-gnu/libfreetype.so.6.11.1
7ffbe69ce000-7ffbe6a1c000 r-xp 00000000 08:05 921331                     /usr/lib/jvm/java-6-openjdk-amd64/jre/lib/amd64/libfontmanager.so
7ffbe6a1c000-7ffbe6c1c000 ---p 0004e000 08:05 921331                     /usr/lib/jvm/java-6-openjdk-amd64/jre/lib/amd64/libfontmanager.so
7ffbe6c1c000-7ffbe6c1e000 r--p 0004e000 08:05 921331                     /usr/lib/jvm/java-6-openjdk-amd64/jre/lib/amd64/libfontmanager.so
7ffbe6c1e000-7ffbe6c1f000 rw-p 00050000 08:05 921331                     /usr/lib/jvm/java-6-openjdk-amd64/jre/lib/amd64/libfontmanager.so
7ffbe6c1f000-7ffbe6c20000 rw-p 00000000 00:00 0 
7ffbe6c20000-7ffbe6c25000 r-xp 00000000 08:05 4202916                    /usr/lib/x86_64-linux-gnu/libXdmcp.so.6.0.0
7ffbe6c25000-7ffbe6e24000 ---p 00005000 08:05 4202916                    /usr/lib/x86_64-linux-gnu/libXdmcp.so.6.0.0
7ffbe6e24000-7ffbe6e25000 r--p 00004000 08:05 4202916                    /usr/lib/x86_64-linux-gnu/libXdmcp.so.6.0.0
7ffbe6e25000-7ffbe6e26000 rw-p 00005000 08:05 4202916                    /usr/lib/x86_64-linux-gnu/libXdmcp.so.6.0.0
7ffbe6e26000-7ffbe6e28000 r-xp 00000000 08:05 4202905                    /usr/lib/x86_64-linux-gnu/libXau.so.6.0.0
7ffbe6e28000-7ffbe7028000 ---p 00002000 08:05 4202905                    /usr/lib/x86_64-linux-gnu/libXau.so.6.0.0
7ffbe7028000-7ffbe7029000 r--p 00002000 08:05 4202905                    /usr/lib/x86_64-linux-gnu/libXau.so.6.0.0
7ffbe7029000-7ffbe702a000 rw-p 00003000 08:05 4202905                    /usr/lib/x86_64-linux-gnu/libXau.so.6.0.0
7ffbe702a000-7ffbe7047000 r-xp 00000000 08:05 4203975                    /usr/lib/x86_64-linux-gnu/libxcb.so.1.1.0
7ffbe7047000-7ffbe7247000 ---p 0001d000 08:05 4203975                    /usr/lib/x86_64-linux-gnu/libxcb.so.1.1.0
7ffbe7247000-7ffbe7248000 r--p 0001d000 08:05 4203975                    /usr/lib/x86_64-linux-gnu/libxcb.so.1.1.0
7ffbe7248000-7ffbe7249000 rw-p 0001e000 08:05 4203975                    /usr/lib/x86_64-linux-gnu/libxcb.so.1.1.0
7ffbe7249000-7ffbe7258000 r-xp 00000000 08:05 4202926                    /usr/lib/x86_64-linux-gnu/libXi.so.6.1.0
7ffbe7258000-7ffbe7457000 ---p 0000f000 08:05 4202926                    /usr/lib/x86_64-linux-gnu/libXi.so.6.1.0
7ffbe7457000-7ffbe7458000 r--p 0000e000 08:05 4202926                    /usr/lib/x86_64-linux-gnu/libXi.so.6.1.0
7ffbe7458000-7ffbe7459000 rw-p 0000f000 08:05 4202926                    /usr/lib/x86_64-linux-gnu/libXi.so.6.1.0
7ffbe7459000-7ffbe745e000 r-xp 00000000 08:05 4202946                    /usr/lib/x86_64-linux-gnu/libXtst.so.6.1.0
7ffbe745e000-7ffbe765d000 ---p 00005000 08:05 4202946                    /usr/lib/x86_64-linux-gnu/libXtst.so.6.1.0
7ffbe765d000-7ffbe765e000 r--p 00004000 08:05 4202946                    /usr/lib/x86_64-linux-gnu/libXtst.so.6.1.0
7ffbe765e000-7ffbe765f000 rw-p 00005000 08:05 4202946                    /usr/lib/x86_64-linux-gnu/libXtst.so.6.1.0
7ffbe765f000-7ffbe7668000 r-xp 00000000 08:05 4202940                    /usr/lib/x86_64-linux-gnu/libXrender.so.1.3.0
7ffbe7668000-7ffbe7867000 ---p 00009000 08:05 4202940                    /usr/lib/x86_64-linux-gnu/libXrender.so.1.3.0
7ffbe7867000-7ffbe7868000 r--p 00008000 08:05 4202940                    /usr/lib/x86_64-linux-gnu/libXrender.so.1.3.0
7ffbe7868000-7ffbe7869000 rw-p 00009000 08:05 4202940                    /usr/lib/x86_64-linux-gnu/libXrender.so.1.3.0
7ffbe7869000-7ffbe7999000 r-xp 00000000 08:05 4202901                    /usr/lib/x86_64-linux-gnu/libX11.so.6.3.0
7ffbe7999000-7ffbe7b99000 ---p 00130000 08:05 4202901                    /usr/lib/x86_64-linux-gnu/libX11.so.6.3.0
7ffbe7b99000-7ffbe7b9a000 r--p 00130000 08:05 4202901                    /usr/lib/x86_64-linux-gnu/libX11.so.6.3.0
7ffbe7b9a000-7ffbe7b9e000 rw-p 00131000 08:05 4202901                    /usr/lib/x86_64-linux-gnu/libX11.so.6.3.0
7ffbe7b9e000-7ffbe7baf000 r-xp 00000000 08:05 4202918                    /usr/lib/x86_64-linux-gnu/libXext.so.6.4.0
7ffbe7baf000-7ffbe7dae000 ---p 00011000 08:05 4202918                    /usr/lib/x86_64-linux-gnu/libXext.so.6.4.0
7ffbe7dae000-7ffbe7daf000 r--p 00010000 08:05 4202918                    /usr/lib/x86_64-linux-gnu/libXext.so.6.4.0
7ffbe7daf000-7ffbe7db0000 rw-p 00011000 08:05 4202918                    /usr/lib/x86_64-linux-gnu/libXext.so.6.4.0
7ffbe7db0000-7ffbe7dfb000 r-xp 00000000 08:05 1051454                    /usr/lib/jvm/java-6-openjdk-amd64/jre/lib/amd64/xawt/libmawt.so
7ffbe7dfb000-7ffbe7ffb000 ---p 0004b000 08:05 1051454                    /usr/lib/jvm/java-6-openjdk-amd64/jre/lib/amd64/xawt/libmawt.so
7ffbe7ffb000-7ffbe7ffc000 r--p 0004b000 08:05 1051454                    /usr/lib/jvm/java-6-openjdk-amd64/jre/lib/amd64/xawt/libmawt.so
7ffbe7ffc000-7ffbe7fff000 rw-p 0004c000 08:05 1051454                    /usr/lib/jvm/java-6-openjdk-amd64/jre/lib/amd64/xawt/libmawt.so
7ffbe7fff000-7ffbe8000000 rw-p 00000000 00:00 0 
7ffbe8000000-7ffbe8021000 rw-p 00000000 00:00 0 
7ffbe8021000-7ffbec000000 ---p 00000000 00:00 0 
7ffbec000000-7ffbec009000 r--s 00000000 08:05 1574069                    /var/cache/fontconfig/3f7329c5293ffd510edef78f73874cfd-le64.cache-4
7ffbec009000-7ffbec00a000 r--s 00000000 08:05 1573017                    /var/cache/fontconfig/0c9eb80ebd1c36541ebe2852d3bb0c49-le64.cache-4
7ffbec00a000-7ffbec018000 r--s 00000000 08:05 1594285                    /var/cache/fontconfig/e13b20fdb08344e0e664864cc2ede53d-le64.cache-4
7ffbec018000-7ffbec01c000 r--s 00000000 08:05 1583024                    /var/cache/fontconfig/7ef2298fde41cc6eeb7af42e48b7d293-le64.cache-4
7ffbec01c000-7ffbec01d000 r--s 00000000 08:05 1575169                    /var/cache/fontconfig/e0aa53bcfa504e64f87823c16bc01eb6-le64.cache-4
7ffbec01d000-7ffbec01f000 r--s 00000000 08:05 2894008                    /home/carlos/.cache/fontconfig/0b5be334dc7ceaa704a1dc345ef9a2b0-le64.cache-4
7ffbec01f000-7ffbec020000 r--s 00000000 08:05 1573041                    /var/cache/fontconfig/c05880de57d1f5e948fdfacc138775d9-le64.cache-4
7ffbec020000-7ffbec02b000 r--s 00000000 08:05 1573035                    /var/cache/fontconfig/945677eb7aeaf62f1d50efc3fb3ec7d8-le64.cache-4
7ffbec02b000-7ffbec034000 r--s 00000000 08:05 1583192                    /var/cache/fontconfig/a6d8cf8e4ec09cdbc8633c31745a07dd-le64.cache-4
7ffbec034000-7ffbec03a000 r--s 00000000 08:05 1573021                    /var/cache/fontconfig/2cd17615ca594fa2959ae173292e504c-le64.cache-4
7ffbec03a000-7ffbec0da000 r-xp 00000000 08:05 921350                     /usr/lib/jvm/java-6-openjdk-amd64/jre/lib/amd64/libawt.so
7ffbec0da000-7ffbec2da000 ---p 000a0000 08:05 921350                     /usr/lib/jvm/java-6-openjdk-amd64/jre/lib/amd64/libawt.so
7ffbec2da000-7ffbec2db000 r--p 000a0000 08:05 921350                     /usr/lib/jvm/java-6-openjdk-amd64/jre/lib/amd64/libawt.so
7ffbec2db000-7ffbec2e6000 rw-p 000a1000 08:05 921350                     /usr/lib/jvm/java-6-openjdk-amd64/jre/lib/amd64/libawt.so
7ffbec2e6000-7ffbec30b000 rw-p 00000000 00:00 0 
7ffbec30b000-7ffbec30c000 ---p 00000000 00:00 0 
7ffbec30c000-7ffbec40c000 rw-p 00000000 00:00 0                          [stack:29091]
7ffbec40c000-7ffbec40f000 ---p 00000000 00:00 0 
7ffbec40f000-7ffbec50d000 rw-p 00000000 00:00 0                          [stack:29090]
7ffbec50d000-7ffbec510000 ---p 00000000 00:00 0 
7ffbec510000-7ffbec60e000 rw-p 00000000 00:00 0                          [stack:29089]
7ffbec60e000-7ffbec611000 ---p 00000000 00:00 0 
7ffbec611000-7ffbec70f000 rw-p 00000000 00:00 0                          [stack:29088]
7ffbec70f000-7ffbec712000 ---p 00000000 00:00 0 
7ffbec712000-7ffbec810000 rw-p 00000000 00:00 0                          [stack:29087]
7ffbec810000-7ffbecef2000 r--p 00000000 08:05 4201811                    /usr/lib/locale/locale-archive
7ffbecef2000-7ffbecef5000 ---p 00000000 00:00 0 
7ffbecef5000-7ffbecff3000 rw-p 00000000 00:00 0                          [stack:29086]
7ffbecff3000-7ffbecff6000 ---p 00000000 00:00 0 
7ffbecff6000-7ffbed0f4000 rw-p 00000000 00:00 0                          [stack:29085]
7ffbed0f4000-7ffbed0f5000 ---p 00000000 00:00 0 
7ffbed0f5000-7ffbf0000000 rw-p 00000000 00:00 0                          [stack:29084]
7ffbf0000000-7ffbf0021000 rw-p 00000000 00:00 0 
7ffbf0021000-7ffbf4000000 ---p 00000000 00:00 0 
7ffbf4000000-7ffbf4002000 r--s 00000000 08:05 1583193                    /var/cache/fontconfig/99e8ed0e538f840c565b6ed5dad60d56-le64.cache-4
7ffbf4002000-7ffbf4004000 r--s 00000000 08:05 1583026                    /var/cache/fontconfig/0fafd173547752dce4dee1a69e0b3c95-le64.cache-4
7ffbf4004000-7ffbf4005000 r--s 00000000 08:05 1573051                    /var/cache/fontconfig/e7071f4a29fa870f4323321c154eba04-le64.cache-4
7ffbf4005000-7ffbf4006000 r--s 00000000 08:05 1573018                    /var/cache/fontconfig/0d8c3b2ac0904cb8a57a757ad11a4a08-le64.cache-4
7ffbf4006000-7ffbf400d000 r--s 00000000 08:05 1573038                    /var/cache/fontconfig/a755afe4a08bf5b97852ceb7400b47bc-le64.cache-4
7ffbf400d000-7ffbf4019000 r--s 00000000 08:05 1583095                    /var/cache/fontconfig/6d41288fd70b0be22e8c3a91e032eec0-le64.cache-4
7ffbf4019000-7ffbf401d000 r--s 00000000 08:05 1582932                    /var/cache/fontconfig/de156ccd2eddbdc19d37a45b8b2aac9c-le64.cache-4
7ffbf401d000-7ffbf4031000 r--s 00000000 08:05 1573016                    /var/cache/fontconfig/04aabc0a78ac019cf9454389977116d2-le64.cache-4
7ffbf4031000-7ffbf4032000 r--s 00000000 08:05 1573020                    /var/cache/fontconfig/1ac9eb803944fde146138c791f5cc56a-le64.cache-4
7ffbf4032000-7ffbf4036000 r--s 00000000 08:05 1573024                    /var/cache/fontconfig/385c0604a188198f04d133e54aba7fe7-le64.cache-4
7ffbf4036000-7ffbf4037000 r--s 00000000 08:05 1573048                    /var/cache/fontconfig/dc05db6664285cc2f12bf69c139ae4c3-le64.cache-4
7ffbf4037000-7ffbf4039000 r--s 00000000 08:05 1573032                    /var/cache/fontconfig/767a8244fc0220cfb567a839d0392e0b-le64.cache-4
7ffbf4039000-7ffbf403a000 r--s 00000000 08:05 1576094                    /var/cache/fontconfig/4794a0821666d79190d59a36cb4f44b5-le64.cache-4
7ffbf403a000-7ffbf403f000 r--s 00000000 08:05 1573034                    /var/cache/fontconfig/8801497958630a81b71ace7c5f9b32a8-le64.cache-4
7ffbf403f000-7ffbf4046000 r--s 00000000 08:05 1573022                    /var/cache/fontconfig/3047814df9a2f067bd2d96a2b9c36e5a-le64.cache-4
7ffbf4046000-7ffbf4047000 r--s 00000000 08:05 1573028                    /var/cache/fontconfig/56cf4f4769d0f4abc89a4895d7bd3ae1-le64.cache-4
7ffbf4047000-7ffbf4048000 r--s 00000000 08:05 1573040                    /var/cache/fontconfig/b9d506c9ac06c20b433354fa67a72993-le64.cache-4
7ffbf4048000-7ffbf4051000 r--s 00000000 08:05 1583191                    /var/cache/fontconfig/52f7bdb7ce746bfd7eaa1985bd9cfa93-le64.cache-4
7ffbf4051000-7ffbf4064000 r--s 00000000 08:05 1573045                    /var/cache/fontconfig/d52a8644073d54c13679302ca1180695-le64.cache-4
7ffbf4064000-7ffbf4082000 r--s 00000000 08:05 1574036                    /var/cache/fontconfig/467c019e582ee353435ea5c21d137ef6-le64.cache-4
7ffbf4082000-7ffbf44a7000 rw-p 00000000 00:00 0 
7ffbf44a7000-7ffbf463f000 r--s 01a24000 08:05 921356                     /usr/lib/jvm/java-6-openjdk-amd64/jre/lib/rt.jar
7ffbf463f000-7ffbf4eff000 rw-p 00000000 00:00 0 
7ffbf4eff000-7ffbf4f00000 ---p 00000000 00:00 0 
7ffbf4f00000-7ffbf5000000 rw-p 00000000 00:00 0                          [stack:29083]
7ffbf5000000-7ffbf5270000 rwxp 00000000 00:00 0 
7ffbf5270000-7ffbf84b2000 rw-p 00000000 00:00 0 
7ffbf84b2000-7ffbfc000000 ---p 00000000 00:00 0 
7ffbfc000000-7ffbfc006000 r--s 00000000 08:05 1573039                    /var/cache/fontconfig/b47c4e1ecd0709278f4910c18777a504-le64.cache-4
7ffbfc006000-7ffbfc00f000 r--s 00000000 08:05 1574069                    /var/cache/fontconfig/3f7329c5293ffd510edef78f73874cfd-le64.cache-4
7ffbfc00f000-7ffbfc01a000 r--s 00000000 08:05 1583092                    /var/cache/fontconfig/d589a48862398ed80a3d6066f4f56f4c-le64.cache-4
7ffbfc01a000-7ffbfc0fa000 rw-p 00000000 00:00 0 
7ffbfc0fa000-7ffbfc0fb000 ---p 00000000 00:00 0 
7ffbfc0fb000-7ffbfc1fb000 rw-p 00000000 00:00 0                          [stack:29082]
7ffbfc1fb000-7ffbfc1fc000 ---p 00000000 00:00 0 
7ffbfc1fc000-7ffbfc2fc000 rw-p 00000000 00:00 0                          [stack:29081]
7ffbfc2fc000-7ffbfc2fd000 ---p 00000000 00:00 0 
7ffbfc2fd000-7ffbfc408000 rw-p 00000000 00:00 0                          [stack:29080]
7ffbfc408000-7ffbfc450000 rw-p 00000000 00:00 0 
7ffbfc450000-7ffbfc464000 rw-p 00000000 00:00 0 
7ffbfc464000-7ffbfc58e000 rw-p 00000000 00:00 0 
7ffbfc58e000-7ffbfc599000 rw-p 00000000 00:00 0 
7ffbfc599000-7ffbfc5e1000 rw-p 00000000 00:00 0 
7ffbfc5e1000-7ffbfc5f5000 rw-p 00000000 00:00 0 
7ffbfc5f5000-7ffbfc71f000 rw-p 00000000 00:00 0 
7ffbfc71f000-7ffbfc729000 rw-p 00000000 00:00 0 
7ffbfc729000-7ffbfc7be000 rw-p 00000000 00:00 0 
7ffbfc7be000-7ffbfc7bf000 rw-p 00000000 00:00 0 
7ffbfc7bf000-7ffbfc7c6000 r-xp 00000000 08:05 921344                     /usr/lib/jvm/java-6-openjdk-amd64/jre/lib/amd64/libzip.so
7ffbfc7c6000-7ffbfc9c5000 ---p 00007000 08:05 921344                     /usr/lib/jvm/java-6-openjdk-amd64/jre/lib/amd64/libzip.so
7ffbfc9c5000-7ffbfc9c6000 r--p 00006000 08:05 921344                     /usr/lib/jvm/java-6-openjdk-amd64/jre/lib/amd64/libzip.so
7ffbfc9c6000-7ffbfc9c7000 rw-p 00007000 08:05 921344                     /usr/lib/jvm/java-6-openjdk-amd64/jre/lib/amd64/libzip.so
7ffbfc9c7000-7ffbfc9d2000 r-xp 00000000 08:05 1971359                    /lib/x86_64-linux-gnu/libnss_files-2.19.so
7ffbfc9d2000-7ffbfcbd1000 ---p 0000b000 08:05 1971359                    /lib/x86_64-linux-gnu/libnss_files-2.19.so
7ffbfcbd1000-7ffbfcbd2000 r--p 0000a000 08:05 1971359                    /lib/x86_64-linux-gnu/libnss_files-2.19.so
7ffbfcbd2000-7ffbfcbd3000 rw-p 0000b000 08:05 1971359                    /lib/x86_64-linux-gnu/libnss_files-2.19.so
7ffbfcbd3000-7ffbfcbde000 r-xp 00000000 08:05 1971356                    /lib/x86_64-linux-gnu/libnss_nis-2.19.so
7ffbfcbde000-7ffbfcddd000 ---p 0000b000 08:05 1971356                    /lib/x86_64-linux-gnu/libnss_nis-2.19.so
7ffbfcddd000-7ffbfcdde000 r--p 0000a000 08:05 1971356                    /lib/x86_64-linux-gnu/libnss_nis-2.19.so
7ffbfcdde000-7ffbfcddf000 rw-p 0000b000 08:05 1971356                    /lib/x86_64-linux-gnu/libnss_nis-2.19.so
7ffbfcddf000-7ffbfcdf6000 r-xp 00000000 08:05 1971347                    /lib/x86_64-linux-gnu/libnsl-2.19.so
7ffbfcdf6000-7ffbfcff5000 ---p 00017000 08:05 1971347                    /lib/x86_64-linux-gnu/libnsl-2.19.so
7ffbfcff5000-7ffbfcff6000 r--p 00016000 08:05 1971347                    /lib/x86_64-linux-gnu/libnsl-2.19.so
7ffbfcff6000-7ffbfcff7000 rw-p 00017000 08:05 1971347                    /lib/x86_64-linux-gnu/libnsl-2.19.so
7ffbfcff7000-7ffbfcff9000 rw-p 00000000 00:00 0 
7ffbfcff9000-7ffbfd002000 r-xp 00000000 08:05 1971344                    /lib/x86_64-linux-gnu/libnss_compat-2.19.so
7ffbfd002000-7ffbfd201000 ---p 00009000 08:05 1971344                    /lib/x86_64-linux-gnu/libnss_compat-2.19.so
7ffbfd201000-7ffbfd202000 r--p 00008000 08:05 1971344                    /lib/x86_64-linux-gnu/libnss_compat-2.19.so
7ffbfd202000-7ffbfd203000 rw-p 00009000 08:05 1971344                    /lib/x86_64-linux-gnu/libnss_compat-2.19.so
7ffbfd203000-7ffbfd233000 r-xp 00000000 08:05 921327                     /usr/lib/jvm/java-6-openjdk-amd64/jre/lib/amd64/libjava.so
7ffbfd233000-7ffbfd432000 ---p 00030000 08:05 921327                     /usr/lib/jvm/java-6-openjdk-amd64/jre/lib/amd64/libjava.so
7ffbfd432000-7ffbfd433000 r--p 0002f000 08:05 921327                     /usr/lib/jvm/java-6-openjdk-amd64/jre/lib/amd64/libjava.so
7ffbfd433000-7ffbfd436000 rw-p 00030000 08:05 921327                     /usr/lib/jvm/java-6-openjdk-amd64/jre/lib/amd64/libjava.so
7ffbfd436000-7ffbfd446000 r-xp 00000000 08:05 921337                     /usr/lib/jvm/java-6-openjdk-amd64/jre/lib/amd64/libverify.so
7ffbfd446000-7ffbfd645000 ---p 00010000 08:05 921337                     /usr/lib/jvm/java-6-openjdk-amd64/jre/lib/amd64/libverify.so
7ffbfd645000-7ffbfd647000 r--p 0000f000 08:05 921337                     /usr/lib/jvm/java-6-openjdk-amd64/jre/lib/amd64/libverify.so
7ffbfd647000-7ffbfd648000 rw-p 00011000 08:05 921337                     /usr/lib/jvm/java-6-openjdk-amd64/jre/lib/amd64/libverify.so
7ffbfd648000-7ffbfd64f000 r-xp 00000000 08:05 1970209                    /lib/x86_64-linux-gnu/librt-2.19.so
7ffbfd64f000-7ffbfd84e000 ---p 00007000 08:05 1970209                    /lib/x86_64-linux-gnu/librt-2.19.so
7ffbfd84e000-7ffbfd84f000 r--p 00006000 08:05 1970209                    /lib/x86_64-linux-gnu/librt-2.19.so
7ffbfd84f000-7ffbfd850000 rw-p 00007000 08:05 1970209                    /lib/x86_64-linux-gnu/librt-2.19.so
7ffbfd850000-7ffbfd866000 r-xp 00000000 08:05 1970230                    /lib/x86_64-linux-gnu/libgcc_s.so.1
7ffbfd866000-7ffbfda65000 ---p 00016000 08:05 1970230                    /lib/x86_64-linux-gnu/libgcc_s.so.1
7ffbfda65000-7ffbfda66000 r--p 00015000 08:05 1970230                    /lib/x86_64-linux-gnu/libgcc_s.so.1
7ffbfda66000-7ffbfda67000 rw-p 00016000 08:05 1970230                    /lib/x86_64-linux-gnu/libgcc_s.so.1
7ffbfda67000-7ffbfdb6c000 r-xp 00000000 08:05 1971346                    /lib/x86_64-linux-gnu/libm-2.19.so
7ffbfdb6c000-7ffbfdd6b000 ---p 00105000 08:05 1971346                    /lib/x86_64-linux-gnu/libm-2.19.so
7ffbfdd6b000-7ffbfdd6c000 r--p 00104000 08:05 1971346                    /lib/x86_64-linux-gnu/libm-2.19.so
7ffbfdd6c000-7ffbfdd6d000 rw-p 00105000 08:05 1971346                    /lib/x86_64-linux-gnu/libm-2.19.so
7ffbfdd6d000-7ffbfde5a000 r-xp 00000000 08:05 4200832                    /usr/lib/x86_64-linux-gnu/libstdc++.so.6.0.20
7ffbfde5a000-7ffbfe05a000 ---p 000ed000 08:05 4200832                    /usr/lib/x86_64-linux-gnu/libstdc++.so.6.0.20
7ffbfe05a000-7ffbfe062000 r--p 000ed000 08:05 4200832                    /usr/lib/x86_64-linux-gnu/libstdc++.so.6.0.20
7ffbfe062000-7ffbfe064000 rw-p 000f5000 08:05 4200832                    /usr/lib/x86_64-linux-gnu/libstdc++.so.6.0.20
7ffbfe064000-7ffbfe079000 rw-p 00000000 00:00 0 
7ffbfe079000-7ffbfea8b000 r-xp 00000000 08:05 921320                     /usr/lib/jvm/java-6-openjdk-amd64/jre/lib/amd64/server/libjvm.so
7ffbfea8b000-7ffbfec8a000 ---p 00a12000 08:05 921320                     /usr/lib/jvm/java-6-openjdk-amd64/jre/lib/amd64/server/libjvm.so
7ffbfec8a000-7ffbfed03000 r--p 00a11000 08:05 921320                     /usr/lib/jvm/java-6-openjdk-amd64/jre/lib/amd64/server/libjvm.so
7ffbfed03000-7ffbfed26000 rw-p 00a8a000 08:05 921320                     /usr/lib/jvm/java-6-openjdk-amd64/jre/lib/amd64/server/libjvm.so
7ffbfed26000-7ffbfed51000 rw-p 00000000 00:00 0 
7ffbfed51000-7ffbfed69000 r-xp 00000000 08:05 1970320                    /lib/x86_64-linux-gnu/libz.so.1.2.8
7ffbfed69000-7ffbfef68000 ---p 00018000 08:05 1970320                    /lib/x86_64-linux-gnu/libz.so.1.2.8
7ffbfef68000-7ffbfef69000 r--p 00017000 08:05 1970320                    /lib/x86_64-linux-gnu/libz.so.1.2.8
7ffbfef69000-7ffbfef6a000 rw-p 00018000 08:05 1970320                    /lib/x86_64-linux-gnu/libz.so.1.2.8
7ffbfef6a000-7ffbff125000 r-xp 00000000 08:05 1970208                    /lib/x86_64-linux-gnu/libc-2.19.so
7ffbff125000-7ffbff325000 ---p 001bb000 08:05 1970208                    /lib/x86_64-linux-gnu/libc-2.19.so
7ffbff325000-7ffbff329000 r--p 001bb000 08:05 1970208                    /lib/x86_64-linux-gnu/libc-2.19.so
7ffbff329000-7ffbff32b000 rw-p 001bf000 08:05 1970208                    /lib/x86_64-linux-gnu/libc-2.19.so
7ffbff32b000-7ffbff330000 rw-p 00000000 00:00 0 
7ffbff330000-7ffbff333000 r-xp 00000000 08:05 1971342                    /lib/x86_64-linux-gnu/libdl-2.19.so
7ffbff333000-7ffbff532000 ---p 00003000 08:05 1971342                    /lib/x86_64-linux-gnu/libdl-2.19.so
7ffbff532000-7ffbff533000 r--p 00002000 08:05 1971342                    /lib/x86_64-linux-gnu/libdl-2.19.so
7ffbff533000-7ffbff534000 rw-p 00003000 08:05 1971342                    /lib/x86_64-linux-gnu/libdl-2.19.so
7ffbff534000-7ffbff538000 r-xp 00000000 08:05 921328                     /usr/lib/jvm/java-6-openjdk-amd64/jre/lib/amd64/jli/libjli.so
7ffbff538000-7ffbff737000 ---p 00004000 08:05 921328                     /usr/lib/jvm/java-6-openjdk-amd64/jre/lib/amd64/jli/libjli.so
7ffbff737000-7ffbff738000 r--p 00003000 08:05 921328                     /usr/lib/jvm/java-6-openjdk-amd64/jre/lib/amd64/jli/libjli.so
7ffbff738000-7ffbff739000 rw-p 00004000 08:05 921328                     /usr/lib/jvm/java-6-openjdk-amd64/jre/lib/amd64/jli/libjli.so
7ffbff739000-7ffbff752000 r-xp 00000000 08:05 1971358                    /lib/x86_64-linux-gnu/libpthread-2.19.so
7ffbff752000-7ffbff951000 ---p 00019000 08:05 1971358                    /lib/x86_64-linux-gnu/libpthread-2.19.so
7ffbff951000-7ffbff952000 r--p 00018000 08:05 1971358                    /lib/x86_64-linux-gnu/libpthread-2.19.so
7ffbff952000-7ffbff953000 rw-p 00019000 08:05 1971358                    /lib/x86_64-linux-gnu/libpthread-2.19.so
7ffbff953000-7ffbff957000 rw-p 00000000 00:00 0 
7ffbff957000-7ffbff97a000 r-xp 00000000 08:05 1970095                    /lib/x86_64-linux-gnu/ld-2.19.so
7ffbff97a000-7ffbff97b000 r--s 00000000 08:05 1573017                    /var/cache/fontconfig/0c9eb80ebd1c36541ebe2852d3bb0c49-le64.cache-4
7ffbff97b000-7ffbff989000 r--s 00000000 08:05 1594285                    /var/cache/fontconfig/e13b20fdb08344e0e664864cc2ede53d-le64.cache-4
7ffbff989000-7ffbff98d000 r--s 00000000 08:05 1583024                    /var/cache/fontconfig/7ef2298fde41cc6eeb7af42e48b7d293-le64.cache-4
7ffbff98d000-7ffbff98e000 r--s 00000000 08:05 1575169                    /var/cache/fontconfig/e0aa53bcfa504e64f87823c16bc01eb6-le64.cache-4
7ffbff98e000-7ffbff990000 r--s 00000000 08:05 2894008                    /home/carlos/.cache/fontconfig/0b5be334dc7ceaa704a1dc345ef9a2b0-le64.cache-4
7ffbff990000-7ffbff99a000 rw-p 00000000 00:00 0 
7ffbff99a000-7ffbffa50000 rw-p 00000000 00:00 0 
7ffbffa50000-7ffbffa53000 ---p 00000000 00:00 0 
7ffbffa53000-7ffbffb56000 rw-p 00000000 00:00 0                          [stack:29079]
7ffbffb56000-7ffbffb5a000 r--s 00041000 08:05 798892                     /usr/lib/jvm/java-6-openjdk-common/jre/lib/jsse.jar
7ffbffb5a000-7ffbffb5c000 r--s 00014000 08:05 3285221                    /home/carlos/Descargas/Carpeta sin título/NeticaJ_504/bin/64_bit/NeticaJ.jar
7ffbffb5c000-7ffbffb5f000 r--s 0000f000 08:05 798877                     /usr/lib/jvm/java-6-openjdk-common/jre/lib/ext/pulse-java.jar
7ffbffb5f000-7ffbffb62000 r--s 0003a000 08:05 798880                     /usr/lib/jvm/java-6-openjdk-common/jre/lib/ext/sunpkcs11.jar
7ffbffb62000-7ffbffb65000 r--s 00078000 08:05 798879                     /usr/lib/jvm/java-6-openjdk-common/jre/lib/ext/localedata.jar
7ffbffb65000-7ffbffb67000 r--s 00001000 08:05 798881                     /usr/lib/jvm/java-6-openjdk-common/jre/lib/ext/dnsns.jar
7ffbffb67000-7ffbffb6b000 r--s 00031000 08:05 798878                     /usr/lib/jvm/java-6-openjdk-common/jre/lib/ext/sunjce_provider.jar
7ffbffb6b000-7ffbffb6d000 r--s 00006000 08:05 4604507                    /usr/share/java/java-atk-wrapper.jar
7ffbffb6d000-7ffbffb75000 rw-s 00000000 08:05 4063512                    /tmp/hsperfdata_carlos/29074
7ffbffb75000-7ffbffb76000 rw-p 00000000 00:00 0 
7ffbffb76000-7ffbffb77000 r--p 00000000 00:00 0 
7ffbffb77000-7ffbffb79000 rw-p 00000000 00:00 0 
7ffbffb79000-7ffbffb7a000 r--p 00022000 08:05 1970095                    /lib/x86_64-linux-gnu/ld-2.19.so
7ffbffb7a000-7ffbffb7b000 rw-p 00023000 08:05 1970095                    /lib/x86_64-linux-gnu/ld-2.19.so
7ffbffb7b000-7ffbffb7c000 rw-p 00000000 00:00 0 
7fffb660b000-7fffb662c000 rw-p 00000000 00:00 0                          [stack]
7fffb6770000-7fffb6772000 r-xp 00000000 00:00 0                          [vdso]
ffffffffff600000-ffffffffff601000 r-xp 00000000 00:00 0                  [vsyscall]

VM Arguments:
jvm_args: -Djava.library.path=/home/carlos/Descargas/Carpeta sin título/NeticaJ_504/bin/64_bit -Dfile.encoding=UTF-8 
java_command: bayesianNetwork.BayesianGameMain
Launcher Type: SUN_STANDARD

Environment Variables:
PATH=/usr/local/heroku/bin:/usr/local/sbin:/usr/local/bin:/usr/sbin:/usr/bin:/sbin:/bin:/usr/games:/usr/local/games
LD_LIBRARY_PATH=/usr/lib/jvm/java-6-openjdk-amd64/jre/lib/amd64/server:/usr/lib/jvm/java-6-openjdk-amd64/jre/lib/amd64:/usr/lib/jvm/java-6-openjdk-amd64/jre/../lib/amd64
SHELL=/bin/bash
DISPLAY=:0

Signal Handlers:
SIGSEGV: [libjvm.so+0x874f00], sa_mask[0]=0x7ffbfeff, sa_flags=0x10000004
SIGBUS: [libjvm.so+0x874f00], sa_mask[0]=0x7ffbfeff, sa_flags=0x10000004
SIGFPE: [libjvm.so+0x70b9b0], sa_mask[0]=0x7ffbfeff, sa_flags=0x10000004
SIGPIPE: [libjvm.so+0x70b9b0], sa_mask[0]=0x7ffbfeff, sa_flags=0x10000004
SIGXFSZ: [libjvm.so+0x70b9b0], sa_mask[0]=0x7ffbfeff, sa_flags=0x10000004
SIGILL: [libjvm.so+0x70b9b0], sa_mask[0]=0x7ffbfeff, sa_flags=0x10000004
SIGUSR1: SIG_DFL, sa_mask[0]=0x00000000, sa_flags=0x00000000
SIGUSR2: [libjvm.so+0x70b6e0], sa_mask[0]=0x00000004, sa_flags=0x10000004
SIGHUP: [libjvm.so+0x70b9c0], sa_mask[0]=0x7ffbfeff, sa_flags=0x10000004
SIGINT: [libjvm.so+0x70b9c0], sa_mask[0]=0x7ffbfeff, sa_flags=0x10000004
SIGTERM: [libjvm.so+0x70b9c0], sa_mask[0]=0x7ffbfeff, sa_flags=0x10000004
SIGQUIT: [libjvm.so+0x70b9c0], sa_mask[0]=0x7ffbfeff, sa_flags=0x10000004


---------------  S Y S T E M  ---------------

OS:Ubuntu 14.04 (trusty)
uname:Linux 3.13.0-45-generic #74-Ubuntu SMP Tue Jan 13 19:36:28 UTC 2015 x86_64
libc:glibc 2.19 NPTL 2.19 
rlimit: STACK 8192k, CORE 0k, NPROC 30348, NOFILE 4096, AS infinity
load average:0.20 0.30 0.34

/proc/meminfo:
MemTotal:        3906288 kB
MemFree:          320324 kB
Buffers:          118356 kB
Cached:          1636488 kB
SwapCached:            4 kB
Active:          2031096 kB
Inactive:        1321700 kB
Active(anon):    1505184 kB
Inactive(anon):   597156 kB
Active(file):     525912 kB
Inactive(file):   724544 kB
Unevictable:           0 kB
Mlocked:               0 kB
SwapTotal:       4049916 kB
SwapFree:        4049912 kB
Dirty:               216 kB
Writeback:             0 kB
AnonPages:       1597836 kB
Mapped:           298204 kB
Shmem:            504388 kB
Slab:             111068 kB
SReclaimable:      73468 kB
SUnreclaim:        37600 kB
KernelStack:        4880 kB
PageTables:        41360 kB
NFS_Unstable:          0 kB
Bounce:                0 kB
WritebackTmp:          0 kB
CommitLimit:     6003060 kB
Committed_AS:    5933100 kB
VmallocTotal:   34359738367 kB
VmallocUsed:      361348 kB
VmallocChunk:   34359307132 kB
HardwareCorrupted:     0 kB
AnonHugePages:    733184 kB
HugePages_Total:       0
HugePages_Free:        0
HugePages_Rsvd:        0
HugePages_Surp:        0
Hugepagesize:       2048 kB
DirectMap4k:       59384 kB
DirectMap2M:     3993600 kB


CPU:total 4 (2 cores per cpu, 2 threads per core) family 6 model 58 stepping 9, cmov, cx8, fxsr, mmx, sse, sse2, sse3, ssse3, sse4.1, sse4.2, popcnt, avx, ht, tsc, tscinvbit, tscinv

/proc/cpuinfo:
processor	: 0
vendor_id	: GenuineIntel
cpu family	: 6
model		: 58
model name	: Intel(R) Core(TM) i5-3337U CPU @ 1.80GHz
stepping	: 9
microcode	: 0x15
cpu MHz		: 774.000
cache size	: 3072 KB
physical id	: 0
siblings	: 4
core id		: 0
cpu cores	: 2
apicid		: 0
initial apicid	: 0
fpu		: yes
fpu_exception	: yes
cpuid level	: 13
wp		: yes
flags		: fpu vme de pse tsc msr pae mce cx8 apic sep mtrr pge mca cmov pat pse36 clflush dts acpi mmx fxsr sse sse2 ss ht tm pbe syscall nx rdtscp lm constant_tsc arch_perfmon pebs bts rep_good nopl xtopology nonstop_tsc aperfmperf eagerfpu pni pclmulqdq dtes64 monitor ds_cpl vmx est tm2 ssse3 cx16 xtpr pdcm pcid sse4_1 sse4_2 x2apic popcnt tsc_deadline_timer aes xsave avx f16c rdrand lahf_lm ida arat epb xsaveopt pln pts dtherm tpr_shadow vnmi flexpriority ept vpid fsgsbase smep erms
bogomips	: 3591.72
clflush size	: 64
cache_alignment	: 64
address sizes	: 36 bits physical, 48 bits virtual
power management:

processor	: 1
vendor_id	: GenuineIntel
cpu family	: 6
model		: 58
model name	: Intel(R) Core(TM) i5-3337U CPU @ 1.80GHz
stepping	: 9
microcode	: 0x15
cpu MHz		: 774.000
cache size	: 3072 KB
physical id	: 0
siblings	: 4
core id		: 0
cpu cores	: 2
apicid		: 1
initial apicid	: 1
fpu		: yes
fpu_exception	: yes
cpuid level	: 13
wp		: yes
flags		: fpu vme de pse tsc msr pae mce cx8 apic sep mtrr pge mca cmov pat pse36 clflush dts acpi mmx fxsr sse sse2 ss ht tm pbe syscall nx rdtscp lm constant_tsc arch_perfmon pebs bts rep_good nopl xtopology nonstop_tsc aperfmperf eagerfpu pni pclmulqdq dtes64 monitor ds_cpl vmx est tm2 ssse3 cx16 xtpr pdcm pcid sse4_1 sse4_2 x2apic popcnt tsc_deadline_timer aes xsave avx f16c rdrand lahf_lm ida arat epb xsaveopt pln pts dtherm tpr_shadow vnmi flexpriority ept vpid fsgsbase smep erms
bogomips	: 3591.72
clflush size	: 64
cache_alignment	: 64
address sizes	: 36 bits physical, 48 bits virtual
power management:

processor	: 2
vendor_id	: GenuineIntel
cpu family	: 6
model		: 58
model name	: Intel(R) Core(TM) i5-3337U CPU @ 1.80GHz
stepping	: 9
microcode	: 0x15
cpu MHz		: 1801.000
cache size	: 3072 KB
physical id	: 0
siblings	: 4
core id		: 1
cpu cores	: 2
apicid		: 2
initial apicid	: 2
fpu		: yes
fpu_exception	: yes
cpuid level	: 13
wp		: yes
flags		: fpu vme de pse tsc msr pae mce cx8 apic sep mtrr pge mca cmov pat pse36 clflush dts acpi mmx fxsr sse sse2 ss ht tm pbe syscall nx rdtscp lm constant_tsc arch_perfmon pebs bts rep_good nopl xtopology nonstop_tsc aperfmperf eagerfpu pni pclmulqdq dtes64 monitor ds_cpl vmx est tm2 ssse3 cx16 xtpr pdcm pcid sse4_1 sse4_2 x2apic popcnt tsc_deadline_timer aes xsave avx f16c rdrand lahf_lm ida arat epb xsaveopt pln pts dtherm tpr_shadow vnmi flexpriority ept vpid fsgsbase smep erms
bogomips	: 3591.72
clflush size	: 64
cache_alignment	: 64
address sizes	: 36 bits physical, 48 bits virtual
power management:

processor	: 3
vendor_id	: GenuineIntel
cpu family	: 6
model		: 58
model name	: Intel(R) Core(TM) i5-3337U CPU @ 1.80GHz
stepping	: 9
microcode	: 0x15
cpu MHz		: 774.000
cache size	: 3072 KB
physical id	: 0
siblings	: 4
core id		: 1
cpu cores	: 2
apicid		: 3
initial apicid	: 3
fpu		: yes
fpu_exception	: yes
cpuid level	: 13
wp		: yes
flags		: fpu vme de pse tsc msr pae mce cx8 apic sep mtrr pge mca cmov pat pse36 clflush dts acpi mmx fxsr sse sse2 ss ht tm pbe syscall nx rdtscp lm constant_tsc arch_perfmon pebs bts rep_good nopl xtopology nonstop_tsc aperfmperf eagerfpu pni pclmulqdq dtes64 monitor ds_cpl vmx est tm2 ssse3 cx16 xtpr pdcm pcid sse4_1 sse4_2 x2apic popcnt tsc_deadline_timer aes xsave avx f16c rdrand lahf_lm ida arat epb xsaveopt pln pts dtherm tpr_shadow vnmi flexpriority ept vpid fsgsbase smep erms
bogomips	: 3591.72
clflush size	: 64
cache_alignment	: 64
address sizes	: 36 bits physical, 48 bits virtual
power management:



Memory: 4k page, physical 3906288k(320324k free), swap 4049916k(4049912k free)

vm_info: OpenJDK 64-Bit Server VM (23.25-b01) for linux-amd64 JRE (1.6.0_34-b34), built on Jan 27 2015 16:41:24 by "buildd" with gcc 4.8.2

time: Wed Apr  8 20:01:36 2015
elapsed time: 0 seconds

